<?xml version="1.0" encoding="UTF-8"?>
<coverage generated="1767810820145" clover="3.2.0">
  <project timestamp="1767810820145" name="All files">
    <metrics statements="8296" coveredstatements="6458" conditionals="6319" coveredconditionals="3827" methods="791" coveredmethods="627" elements="15406" coveredelements="10912" complexity="0" loc="8296" ncloc="8296" packages="5" files="39" classes="39"/>
    <package name="controllers">
      <metrics statements="6875" coveredstatements="5175" conditionals="5543" coveredconditionals="3228" methods="655" coveredmethods="501"/>
      <file name="adviceController.js" path="C:\Users\daibr\vax\src\controllers\adviceController.js">
        <metrics statements="59" coveredstatements="58" conditionals="96" coveredconditionals="76" methods="4" coveredmethods="4"/>
        <line num="1" count="1" type="stmt"/>
        <line num="2" count="1" type="stmt"/>
        <line num="8" count="1" type="stmt"/>
        <line num="9" count="3" type="cond" truecount="2" falsecount="0"/>
        <line num="10" count="1" type="stmt"/>
        <line num="13" count="2" type="stmt"/>
        <line num="14" count="2" type="stmt"/>
        <line num="20" count="1" type="stmt"/>
        <line num="25" count="1" type="stmt"/>
        <line num="33" count="1" type="stmt"/>
        <line num="34" count="8" type="cond" truecount="2" falsecount="0"/>
        <line num="35" count="1" type="stmt"/>
        <line num="38" count="7" type="stmt"/>
        <line num="39" count="7" type="stmt"/>
        <line num="41" count="7" type="cond" truecount="4" falsecount="0"/>
        <line num="42" count="1" type="stmt"/>
        <line num="48" count="6" type="cond" truecount="2" falsecount="0"/>
        <line num="49" count="6" type="cond" truecount="2" falsecount="0"/>
        <line num="50" count="6" type="cond" truecount="2" falsecount="0"/>
        <line num="52" count="6" type="cond" truecount="5" falsecount="0"/>
        <line num="53" count="1" type="stmt"/>
        <line num="58" count="5" type="stmt"/>
        <line num="72" count="4" type="stmt"/>
        <line num="96" count="4" type="stmt"/>
        <line num="98" count="1" type="stmt"/>
        <line num="106" count="1" type="stmt"/>
        <line num="107" count="7" type="cond" truecount="2" falsecount="0"/>
        <line num="108" count="1" type="stmt"/>
        <line num="111" count="6" type="stmt"/>
        <line num="112" count="6" type="stmt"/>
        <line num="113" count="6" type="stmt"/>
        <line num="115" count="6" type="stmt"/>
        <line num="119" count="5" type="cond" truecount="2" falsecount="0"/>
        <line num="120" count="1" type="stmt"/>
        <line num="124" count="4" type="cond" truecount="2" falsecount="0"/>
        <line num="125" count="4" type="cond" truecount="2" falsecount="0"/>
        <line num="126" count="4" type="cond" truecount="2" falsecount="0"/>
        <line num="128" count="4" type="cond" truecount="4" falsecount="1"/>
        <line num="129" count="1" type="stmt"/>
        <line num="134" count="3" type="stmt"/>
        <line num="149" count="3" type="stmt"/>
        <line num="184" count="3" type="stmt"/>
        <line num="186" count="1" type="stmt"/>
        <line num="194" count="1" type="stmt"/>
        <line num="195" count="4" type="cond" truecount="2" falsecount="0"/>
        <line num="196" count="1" type="stmt"/>
        <line num="199" count="3" type="stmt"/>
        <line num="200" count="3" type="stmt"/>
        <line num="202" count="3" type="stmt"/>
        <line num="206" count="2" type="cond" truecount="2" falsecount="0"/>
        <line num="207" count="1" type="stmt"/>
        <line num="210" count="1" type="stmt"/>
        <line num="214" count="1" type="cond" truecount="1" falsecount="1"/>
        <line num="215" count="0" type="stmt"/>
        <line num="218" count="1" type="stmt"/>
        <line num="223" count="1" type="stmt"/>
        <line num="242" count="1" type="stmt"/>
        <line num="244" count="1" type="stmt"/>
        <line num="248" count="1" type="stmt"/>
      </file>
      <file name="authController.js" path="C:\Users\daibr\vax\src\controllers\authController.js">
        <metrics statements="158" coveredstatements="145" conditionals="113" coveredconditionals="99" methods="12" coveredmethods="8"/>
        <line num="1" count="1" type="stmt"/>
        <line num="2" count="1" type="stmt"/>
        <line num="3" count="1" type="stmt"/>
        <line num="4" count="1" type="stmt"/>
        <line num="5" count="1" type="stmt"/>
        <line num="8" count="1" type="stmt"/>
        <line num="9" count="1" type="stmt"/>
        <line num="10" count="1" type="stmt"/>
        <line num="12" count="1" type="stmt"/>
        <line num="13" count="0" type="stmt"/>
        <line num="16" count="1" type="stmt"/>
        <line num="17" count="11" type="stmt"/>
        <line num="18" count="11" type="cond" truecount="1" falsecount="1"/>
        <line num="20" count="11" type="cond" truecount="4" falsecount="0"/>
        <line num="21" count="2" type="stmt"/>
        <line num="24" count="9" type="stmt"/>
        <line num="60" count="9" type="stmt"/>
        <line num="62" count="9" type="cond" truecount="1" falsecount="1"/>
        <line num="63" count="0" type="stmt"/>
        <line num="72" count="0" type="cond" truecount="0" falsecount="2"/>
        <line num="74" count="9" type="stmt"/>
        <line num="80" count="9" type="cond" truecount="2" falsecount="0"/>
        <line num="81" count="1" type="stmt"/>
        <line num="84" count="8" type="stmt"/>
        <line num="85" count="8" type="stmt"/>
        <line num="86" count="9" type="cond" truecount="1" falsecount="1"/>
        <line num="87" count="0" type="stmt"/>
        <line num="90" count="9" type="stmt"/>
        <line num="91" count="9" type="cond" truecount="2" falsecount="0"/>
        <line num="92" count="8" type="stmt"/>
        <line num="96" count="8" type="cond" truecount="2" falsecount="0"/>
        <line num="97" count="1" type="stmt"/>
        <line num="100" count="7" type="cond" truecount="4" falsecount="0"/>
        <line num="101" count="1" type="stmt"/>
        <line num="103" count="2" type="stmt"/>
        <line num="119" count="6" type="stmt"/>
        <line num="122" count="6" type="cond" truecount="4" falsecount="0"/>
        <line num="123" count="1" type="stmt"/>
        <line num="128" count="5" type="cond" truecount="4" falsecount="0"/>
        <line num="129" count="1" type="stmt"/>
        <line num="134" count="4" type="cond" truecount="4" falsecount="0"/>
        <line num="135" count="1" type="stmt"/>
        <line num="140" count="3" type="stmt"/>
        <line num="142" count="3" type="cond" truecount="1" falsecount="1"/>
        <line num="143" count="0" type="stmt"/>
        <line num="144" count="0" type="stmt"/>
        <line num="145" count="0" type="stmt"/>
        <line num="153" count="3" type="cond" truecount="4" falsecount="0"/>
        <line num="154" count="1" type="stmt"/>
        <line num="155" count="1" type="stmt"/>
        <line num="156" count="0" type="stmt"/>
        <line num="163" count="1" type="cond" truecount="1" falsecount="1"/>
        <line num="164" count="1" type="stmt"/>
        <line num="167" count="0" type="stmt"/>
        <line num="176" count="3" type="stmt"/>
        <line num="182" count="3" type="stmt"/>
        <line num="183" count="3" type="stmt"/>
        <line num="186" count="3" type="stmt"/>
        <line num="205" count="3" type="stmt"/>
        <line num="207" count="0" type="stmt"/>
        <line num="211" count="1" type="stmt"/>
        <line num="212" count="6" type="stmt"/>
        <line num="213" count="6" type="stmt"/>
        <line num="215" count="6" type="cond" truecount="2" falsecount="0"/>
        <line num="216" count="1" type="stmt"/>
        <line num="221" count="5" type="stmt"/>
        <line num="222" count="5" type="stmt"/>
        <line num="224" count="1" type="stmt"/>
        <line num="228" count="4" type="stmt"/>
        <line num="238" count="3" type="cond" truecount="4" falsecount="0"/>
        <line num="239" count="2" type="stmt"/>
        <line num="243" count="1" type="stmt"/>
        <line num="249" count="1" type="stmt"/>
        <line num="250" count="1" type="stmt"/>
        <line num="252" count="1" type="stmt"/>
        <line num="257" count="1" type="stmt"/>
        <line num="261" count="1" type="stmt"/>
        <line num="262" count="1" type="stmt"/>
        <line num="264" count="1" type="cond" truecount="1" falsecount="1"/>
        <line num="265" count="0" type="stmt"/>
        <line num="278" count="1" type="stmt"/>
        <line num="280" count="0" type="stmt"/>
        <line num="285" count="1" type="stmt"/>
        <line num="286" count="6" type="stmt"/>
        <line num="287" count="6" type="cond" truecount="1" falsecount="1"/>
        <line num="289" count="6" type="cond" truecount="2" falsecount="0"/>
        <line num="290" count="1" type="stmt"/>
        <line num="293" count="5" type="stmt"/>
        <line num="299" count="4" type="cond" truecount="4" falsecount="0"/>
        <line num="300" count="2" type="stmt"/>
        <line num="306" count="2" type="stmt"/>
        <line num="307" count="2" type="stmt"/>
        <line num="308" count="2" type="stmt"/>
        <line num="311" count="2" type="stmt"/>
        <line num="321" count="2" type="stmt"/>
        <line num="322" count="2" type="stmt"/>
        <line num="328" count="1" type="stmt"/>
        <line num="332" count="2" type="stmt"/>
        <line num="337" count="1" type="stmt"/>
        <line num="342" count="1" type="stmt"/>
        <line num="343" count="8" type="stmt"/>
        <line num="344" count="8" type="cond" truecount="1" falsecount="1"/>
        <line num="346" count="8" type="cond" truecount="4" falsecount="0"/>
        <line num="347" count="2" type="stmt"/>
        <line num="350" count="6" type="stmt"/>
        <line num="360" count="5" type="cond" truecount="2" falsecount="0"/>
        <line num="361" count="1" type="stmt"/>
        <line num="365" count="4" type="cond" truecount="4" falsecount="0"/>
        <line num="366" count="1" type="stmt"/>
        <line num="373" count="3" type="cond" truecount="2" falsecount="0"/>
        <line num="374" count="1" type="stmt"/>
        <line num="381" count="2" type="cond" truecount="2" falsecount="0"/>
        <line num="383" count="1" type="stmt"/>
        <line num="390" count="1" type="stmt"/>
        <line num="391" count="1" type="stmt"/>
        <line num="398" count="1" type="stmt"/>
        <line num="400" count="1" type="stmt"/>
        <line num="405" count="1" type="stmt"/>
        <line num="410" count="1" type="stmt"/>
        <line num="411" count="4" type="stmt"/>
        <line num="412" count="4" type="cond" truecount="1" falsecount="1"/>
        <line num="414" count="4" type="cond" truecount="2" falsecount="0"/>
        <line num="415" count="1" type="stmt"/>
        <line num="418" count="3" type="stmt"/>
        <line num="424" count="2" type="cond" truecount="4" falsecount="0"/>
        <line num="425" count="1" type="stmt"/>
        <line num="431" count="1" type="stmt"/>
        <line num="432" count="1" type="stmt"/>
        <line num="433" count="1" type="stmt"/>
        <line num="436" count="1" type="stmt"/>
        <line num="446" count="1" type="stmt"/>
        <line num="447" count="1" type="stmt"/>
        <line num="453" count="0" type="stmt"/>
        <line num="456" count="1" type="stmt"/>
        <line num="460" count="1" type="stmt"/>
        <line num="465" count="1" type="stmt"/>
        <line num="466" count="10" type="stmt"/>
        <line num="467" count="10" type="cond" truecount="1" falsecount="1"/>
        <line num="469" count="10" type="cond" truecount="5" falsecount="0"/>
        <line num="470" count="3" type="stmt"/>
        <line num="473" count="7" type="cond" truecount="2" falsecount="0"/>
        <line num="474" count="1" type="stmt"/>
        <line num="477" count="6" type="cond" truecount="2" falsecount="0"/>
        <line num="478" count="1" type="stmt"/>
        <line num="483" count="5" type="stmt"/>
        <line num="484" count="5" type="stmt"/>
        <line num="485" count="4" type="stmt"/>
        <line num="487" count="1" type="stmt"/>
        <line num="491" count="4" type="stmt"/>
        <line num="500" count="3" type="cond" truecount="2" falsecount="0"/>
        <line num="501" count="1" type="stmt"/>
        <line num="505" count="2" type="cond" truecount="4" falsecount="0"/>
        <line num="506" count="1" type="stmt"/>
        <line num="512" count="1" type="stmt"/>
        <line num="515" count="1" type="stmt"/>
        <line num="525" count="1" type="stmt"/>
        <line num="529" count="1" type="stmt"/>
        <line num="533" count="1" type="stmt"/>
      </file>
      <file name="campaignController.js" path="C:\Users\daibr\vax\src\controllers\campaignController.js">
        <metrics statements="151" coveredstatements="148" conditionals="135" coveredconditionals="125" methods="10" coveredmethods="10"/>
        <line num="1" count="1" type="stmt"/>
        <line num="2" count="1" type="stmt"/>
        <line num="3" count="1" type="stmt"/>
        <line num="5" count="1" type="stmt"/>
        <line num="6" count="6" type="stmt"/>
        <line num="7" count="6" type="stmt"/>
        <line num="10" count="6" type="cond" truecount="4" falsecount="0"/>
        <line num="11" count="1" type="stmt"/>
        <line num="12" count="5" type="cond" truecount="2" falsecount="0"/>
        <line num="14" count="3" type="cond" truecount="2" falsecount="0"/>
        <line num="15" count="1" type="stmt"/>
        <line num="18" count="2" type="stmt"/>
        <line num="29" count="2" type="cond" truecount="2" falsecount="0"/>
        <line num="30" count="1" type="stmt"/>
        <line num="33" count="1" type="stmt"/>
        <line num="36" count="4" type="stmt"/>
        <line num="51" count="3" type="stmt"/>
        <line num="53" count="1" type="stmt"/>
        <line num="54" count="1" type="stmt"/>
        <line num="58" count="1" type="stmt"/>
        <line num="59" count="9" type="cond" truecount="4" falsecount="0"/>
        <line num="60" count="1" type="stmt"/>
        <line num="63" count="8" type="stmt"/>
        <line num="64" count="8" type="stmt"/>
        <line num="66" count="8" type="cond" truecount="5" falsecount="0"/>
        <line num="67" count="1" type="stmt"/>
        <line num="72" count="7" type="stmt"/>
        <line num="75" count="7" type="cond" truecount="2" falsecount="0"/>
        <line num="76" count="2" type="cond" truecount="2" falsecount="0"/>
        <line num="77" count="1" type="stmt"/>
        <line num="81" count="1" type="stmt"/>
        <line num="82" count="5" type="cond" truecount="2" falsecount="0"/>
        <line num="83" count="1" type="stmt"/>
        <line num="87" count="5" type="stmt"/>
        <line num="91" count="4" type="cond" truecount="2" falsecount="0"/>
        <line num="92" count="1" type="stmt"/>
        <line num="95" count="3" type="stmt"/>
        <line num="116" count="3" type="stmt"/>
        <line num="117" count="1" type="stmt"/>
        <line num="119" count="1" type="stmt"/>
        <line num="132" count="2" type="stmt"/>
        <line num="134" count="1" type="cond" truecount="1" falsecount="1"/>
        <line num="135" count="1" type="stmt"/>
        <line num="147" count="1" type="stmt"/>
        <line num="148" count="2" type="stmt"/>
        <line num="149" count="2" type="stmt"/>
        <line num="154" count="0" type="stmt"/>
        <line num="159" count="1" type="stmt"/>
        <line num="162" count="0" type="stmt"/>
        <line num="168" count="3" type="stmt"/>
        <line num="190" count="3" type="stmt"/>
        <line num="192" count="1" type="stmt"/>
        <line num="196" count="1" type="stmt"/>
        <line num="197" count="7" type="cond" truecount="4" falsecount="0"/>
        <line num="198" count="1" type="stmt"/>
        <line num="201" count="6" type="stmt"/>
        <line num="202" count="6" type="stmt"/>
        <line num="203" count="6" type="stmt"/>
        <line num="205" count="6" type="stmt"/>
        <line num="212" count="5" type="cond" truecount="2" falsecount="0"/>
        <line num="213" count="1" type="stmt"/>
        <line num="217" count="4" type="cond" truecount="2" falsecount="0"/>
        <line num="218" count="1" type="cond" truecount="3" falsecount="1"/>
        <line num="219" count="1" type="stmt"/>
        <line num="225" count="3" type="cond" truecount="2" falsecount="0"/>
        <line num="227" count="3" type="cond" truecount="1" falsecount="1"/>
        <line num="228" count="0" type="stmt"/>
        <line num="229" count="3" type="cond" truecount="4" falsecount="0"/>
        <line num="231" count="2" type="stmt"/>
        <line num="235" count="2" type="cond" truecount="2" falsecount="0"/>
        <line num="236" count="1" type="stmt"/>
        <line num="240" count="2" type="stmt"/>
        <line num="262" count="2" type="stmt"/>
        <line num="293" count="2" type="stmt"/>
        <line num="295" count="1" type="stmt"/>
        <line num="299" count="1" type="stmt"/>
        <line num="300" count="5" type="cond" truecount="4" falsecount="0"/>
        <line num="301" count="1" type="stmt"/>
        <line num="304" count="4" type="stmt"/>
        <line num="305" count="4" type="stmt"/>
        <line num="307" count="4" type="stmt"/>
        <line num="311" count="3" type="cond" truecount="2" falsecount="0"/>
        <line num="312" count="1" type="stmt"/>
        <line num="316" count="2" type="cond" truecount="2" falsecount="0"/>
        <line num="317" count="1" type="cond" truecount="3" falsecount="1"/>
        <line num="318" count="1" type="stmt"/>
        <line num="324" count="1" type="stmt"/>
        <line num="329" count="1" type="stmt"/>
        <line num="351" count="1" type="stmt"/>
        <line num="353" count="1" type="stmt"/>
        <line num="357" count="1" type="stmt"/>
        <line num="358" count="13" type="cond" truecount="4" falsecount="0"/>
        <line num="359" count="1" type="stmt"/>
        <line num="362" count="12" type="stmt"/>
        <line num="363" count="12" type="stmt"/>
        <line num="367" count="12" type="cond" truecount="2" falsecount="0"/>
        <line num="369" count="4" type="stmt"/>
        <line num="370" count="4" type="stmt"/>
        <line num="373" count="4" type="stmt"/>
        <line num="374" count="4" type="cond" truecount="2" falsecount="0"/>
        <line num="375" count="2" type="stmt"/>
        <line num="376" count="2" type="cond" truecount="2" falsecount="0"/>
        <line num="382" count="1" type="stmt"/>
        <line num="384" count="1" type="stmt"/>
        <line num="390" count="8" type="stmt"/>
        <line num="391" count="8" type="stmt"/>
        <line num="393" count="8" type="cond" truecount="4" falsecount="0"/>
        <line num="394" count="1" type="stmt"/>
        <line num="399" count="7" type="cond" truecount="2" falsecount="0"/>
        <line num="400" count="1" type="stmt"/>
        <line num="406" count="9" type="stmt"/>
        <line num="410" count="8" type="cond" truecount="2" falsecount="0"/>
        <line num="411" count="1" type="stmt"/>
        <line num="415" count="7" type="cond" truecount="2" falsecount="0"/>
        <line num="416" count="1" type="cond" truecount="3" falsecount="1"/>
        <line num="417" count="1" type="stmt"/>
        <line num="423" count="6" type="cond" truecount="1" falsecount="1"/>
        <line num="426" count="6" type="cond" truecount="2" falsecount="0"/>
        <line num="427" count="6" type="cond" truecount="4" falsecount="0"/>
        <line num="429" count="1" type="stmt"/>
        <line num="430" count="1" type="stmt"/>
        <line num="433" count="6" type="cond" truecount="2" falsecount="0"/>
        <line num="434" count="1" type="stmt"/>
        <line num="439" count="5" type="stmt"/>
        <line num="442" count="5" type="cond" truecount="2" falsecount="0"/>
        <line num="443" count="1" type="stmt"/>
        <line num="448" count="4" type="stmt"/>
        <line num="463" count="4" type="stmt"/>
        <line num="465" count="1" type="stmt"/>
        <line num="469" count="1" type="stmt"/>
        <line num="470" count="8" type="cond" truecount="4" falsecount="0"/>
        <line num="471" count="1" type="stmt"/>
        <line num="474" count="7" type="stmt"/>
        <line num="475" count="7" type="stmt"/>
        <line num="476" count="7" type="stmt"/>
        <line num="478" count="7" type="cond" truecount="2" falsecount="0"/>
        <line num="479" count="1" type="stmt"/>
        <line num="484" count="6" type="stmt"/>
        <line num="488" count="5" type="cond" truecount="2" falsecount="0"/>
        <line num="489" count="1" type="stmt"/>
        <line num="493" count="4" type="cond" truecount="2" falsecount="0"/>
        <line num="494" count="1" type="cond" truecount="3" falsecount="1"/>
        <line num="495" count="1" type="stmt"/>
        <line num="501" count="3" type="cond" truecount="2" falsecount="0"/>
        <line num="502" count="3" type="stmt"/>
        <line num="504" count="3" type="cond" truecount="2" falsecount="0"/>
        <line num="505" count="2" type="stmt"/>
        <line num="510" count="1" type="stmt"/>
        <line num="525" count="1" type="stmt"/>
        <line num="527" count="1" type="stmt"/>
        <line num="531" count="1" type="stmt"/>
      </file>
      <file name="childrenController.js" path="C:\Users\daibr\vax\src\controllers\childrenController.js">
        <metrics statements="514" coveredstatements="413" conditionals="437" coveredconditionals="240" methods="58" coveredmethods="50"/>
        <line num="1" count="1" type="stmt"/>
        <line num="2" count="1" type="stmt"/>
        <line num="3" count="1" type="stmt"/>
        <line num="6" count="1" type="stmt"/>
        <line num="7" count="1" type="stmt"/>
        <line num="8" count="1" type="stmt"/>
        <line num="9" count="1" type="stmt"/>
        <line num="11" count="1" type="cond" truecount="1" falsecount="0"/>
        <line num="12" count="12" type="stmt"/>
        <line num="13" count="12" type="stmt"/>
        <line num="14" count="12" type="stmt"/>
        <line num="17" count="1" type="stmt"/>
        <line num="40" count="1" type="stmt"/>
        <line num="41" count="34" type="cond" truecount="1" falsecount="1"/>
        <line num="42" count="34" type="cond" truecount="2" falsecount="0"/>
        <line num="44" count="34" type="cond" truecount="1" falsecount="1"/>
        <line num="45" count="34" type="stmt"/>
        <line num="48" count="1" type="stmt"/>
        <line num="49" count="34" type="cond" truecount="1" falsecount="1"/>
        <line num="50" count="0" type="stmt"/>
        <line num="52" count="34" type="stmt"/>
        <line num="54" count="34" type="cond" truecount="2" falsecount="4"/>
        <line num="57" count="28" type="stmt"/>
        <line num="59" count="0" type="stmt"/>
        <line num="63" count="0" type="stmt"/>
        <line num="67" count="6" type="stmt"/>
        <line num="73" count="0" type="stmt"/>
        <line num="77" count="1" type="stmt"/>
        <line num="78" count="32" type="cond" truecount="1" falsecount="1"/>
        <line num="79" count="0" type="stmt"/>
        <line num="82" count="32" type="cond" truecount="2" falsecount="0"/>
        <line num="83" count="28" type="stmt"/>
        <line num="86" count="4" type="cond" truecount="2" falsecount="0"/>
        <line num="89" count="1" type="stmt"/>
        <line num="90" count="22" type="cond" truecount="4" falsecount="0"/>
        <line num="91" count="4" type="stmt"/>
        <line num="93" count="18" type="stmt"/>
        <line num="96" count="1" type="stmt"/>
        <line num="97" count="4" type="cond" truecount="2" falsecount="0"/>
        <line num="98" count="2" type="stmt"/>
        <line num="100" count="2" type="stmt"/>
        <line num="101" count="2" type="cond" truecount="1" falsecount="1"/>
        <line num="104" count="1" type="cond" truecount="2" falsecount="0"/>
        <line num="105" count="12" type="cond" truecount="4" falsecount="1"/>
        <line num="106" count="0" type="cond" truecount="0" falsecount="2"/>
        <line num="107" count="0" type="stmt"/>
        <line num="109" count="0" type="stmt"/>
        <line num="112" count="12" type="stmt"/>
        <line num="113" count="12" type="cond" truecount="3" falsecount="1"/>
        <line num="114" count="0" type="stmt"/>
        <line num="116" count="12" type="stmt"/>
        <line num="119" count="1" type="cond" truecount="2" falsecount="0"/>
        <line num="120" count="8" type="cond" truecount="4" falsecount="1"/>
        <line num="121" count="0" type="cond" truecount="0" falsecount="2"/>
        <line num="122" count="0" type="stmt"/>
        <line num="124" count="0" type="stmt"/>
        <line num="127" count="8" type="stmt"/>
        <line num="128" count="8" type="cond" truecount="1" falsecount="1"/>
        <line num="129" count="0" type="stmt"/>
        <line num="131" count="8" type="stmt"/>
        <line num="134" count="1" type="stmt"/>
        <line num="135" count="12" type="stmt"/>
        <line num="139" count="12" type="cond" truecount="2" falsecount="0"/>
        <line num="140" count="4" type="stmt"/>
        <line num="142" count="8" type="stmt"/>
        <line num="145" count="1" type="stmt"/>
        <line num="146" count="8" type="stmt"/>
        <line num="150" count="8" type="cond" truecount="1" falsecount="1"/>
        <line num="151" count="0" type="stmt"/>
        <line num="153" count="8" type="stmt"/>
        <line num="156" count="1" type="stmt"/>
        <line num="157" count="4" type="stmt"/>
        <line num="158" count="3" type="stmt"/>
        <line num="160" count="2" type="stmt"/>
        <line num="164" count="2" type="stmt"/>
        <line num="166" count="2" type="stmt"/>
        <line num="170" count="2" type="stmt"/>
        <line num="172" count="2" type="stmt"/>
        <line num="181" count="1" type="stmt"/>
        <line num="182" count="2" type="stmt"/>
        <line num="184" count="2" type="cond" truecount="1" falsecount="1"/>
        <line num="185" count="0" type="stmt"/>
        <line num="186" count="0" type="stmt"/>
        <line num="187" count="0" type="stmt"/>
        <line num="190" count="2" type="cond" truecount="1" falsecount="1"/>
        <line num="191" count="0" type="stmt"/>
        <line num="195" count="0" type="stmt"/>
        <line num="196" count="0" type="stmt"/>
        <line num="199" count="2" type="cond" truecount="1" falsecount="1"/>
        <line num="200" count="0" type="stmt"/>
        <line num="206" count="2" type="cond" truecount="2" falsecount="0"/>
        <line num="207" count="1" type="stmt"/>
        <line num="210" count="2" type="cond" truecount="2" falsecount="0"/>
        <line num="211" count="1" type="stmt"/>
        <line num="214" count="1" type="stmt"/>
        <line num="217" count="1" type="stmt"/>
        <line num="218" count="8" type="stmt"/>
        <line num="219" count="6" type="stmt"/>
        <line num="221" count="4" type="stmt"/>
        <line num="225" count="4" type="stmt"/>
        <line num="227" count="4" type="stmt"/>
        <line num="228" count="4" type="stmt"/>
        <line num="230" count="4" type="stmt"/>
        <line num="239" count="1" type="stmt"/>
        <line num="240" count="4" type="stmt"/>
        <line num="242" count="4" type="cond" truecount="1" falsecount="1"/>
        <line num="243" count="0" type="stmt"/>
        <line num="244" count="0" type="stmt"/>
        <line num="245" count="0" type="stmt"/>
        <line num="248" count="4" type="cond" truecount="1" falsecount="1"/>
        <line num="249" count="0" type="stmt"/>
        <line num="253" count="0" type="stmt"/>
        <line num="254" count="0" type="stmt"/>
        <line num="257" count="4" type="cond" truecount="1" falsecount="1"/>
        <line num="258" count="0" type="stmt"/>
        <line num="261" count="4" type="cond" truecount="2" falsecount="0"/>
        <line num="262" count="2" type="stmt"/>
        <line num="265" count="4" type="cond" truecount="2" falsecount="0"/>
        <line num="266" count="2" type="stmt"/>
        <line num="269" count="2" type="stmt"/>
        <line num="272" count="1" type="stmt"/>
        <line num="273" count="4" type="stmt"/>
        <line num="274" count="3" type="stmt"/>
        <line num="276" count="2" type="stmt"/>
        <line num="277" count="2" type="cond" truecount="1" falsecount="1"/>
        <line num="278" count="2" type="stmt"/>
        <line num="281" count="2" type="stmt"/>
        <line num="285" count="2" type="stmt"/>
        <line num="287" count="2" type="cond" truecount="2" falsecount="0"/>
        <line num="289" count="2" type="stmt"/>
        <line num="299" count="1" type="stmt"/>
        <line num="300" count="2" type="stmt"/>
        <line num="302" count="2" type="cond" truecount="1" falsecount="1"/>
        <line num="303" count="0" type="stmt"/>
        <line num="304" count="0" type="stmt"/>
        <line num="305" count="0" type="stmt"/>
        <line num="308" count="2" type="cond" truecount="1" falsecount="1"/>
        <line num="309" count="0" type="stmt"/>
        <line num="310" count="0" type="cond" truecount="0" falsecount="2"/>
        <line num="311" count="0" type="stmt"/>
        <line num="313" count="0" type="stmt"/>
        <line num="316" count="2" type="cond" truecount="1" falsecount="1"/>
        <line num="317" count="0" type="stmt"/>
        <line num="323" count="2" type="cond" truecount="2" falsecount="0"/>
        <line num="324" count="1" type="stmt"/>
        <line num="327" count="2" type="cond" truecount="1" falsecount="1"/>
        <line num="328" count="0" type="stmt"/>
        <line num="329" count="0" type="cond" truecount="0" falsecount="2"/>
        <line num="330" count="0" type="stmt"/>
        <line num="332" count="0" type="stmt"/>
        <line num="335" count="2" type="cond" truecount="2" falsecount="0"/>
        <line num="336" count="1" type="stmt"/>
        <line num="339" count="1" type="stmt"/>
        <line num="342" count="1" type="stmt"/>
        <line num="345" count="4" type="stmt"/>
        <line num="346" count="2" type="stmt"/>
        <line num="350" count="4" type="stmt"/>
        <line num="351" count="2" type="stmt"/>
        <line num="355" count="4" type="stmt"/>
        <line num="356" count="2" type="stmt"/>
        <line num="360" count="4" type="stmt"/>
        <line num="361" count="2" type="stmt"/>
        <line num="365" count="1" type="stmt"/>
        <line num="366" count="16" type="cond" truecount="2" falsecount="0"/>
        <line num="367" count="12" type="stmt"/>
        <line num="369" count="4" type="cond" truecount="1" falsecount="1"/>
        <line num="370" count="4" type="stmt"/>
        <line num="374" count="0" type="cond" truecount="0" falsecount="2"/>
        <line num="375" count="0" type="stmt"/>
        <line num="379" count="0" type="stmt"/>
        <line num="388" count="1" type="stmt"/>
        <line num="390" count="4" type="cond" truecount="2" falsecount="0"/>
        <line num="391" count="3" type="stmt"/>
        <line num="394" count="1" type="stmt"/>
        <line num="397" count="1" type="stmt"/>
        <line num="399" count="4" type="cond" truecount="1" falsecount="1"/>
        <line num="412" count="4" type="cond" truecount="1" falsecount="1"/>
        <line num="423" count="4" type="cond" truecount="1" falsecount="1"/>
        <line num="430" count="4" type="cond" truecount="1" falsecount="1"/>
        <line num="437" count="4" type="cond" truecount="1" falsecount="1"/>
        <line num="447" count="4" type="stmt"/>
        <line num="474" count="1" type="stmt"/>
        <line num="475" count="6" type="cond" truecount="2" falsecount="0"/>
        <line num="476" count="1" type="stmt"/>
        <line num="479" count="5" type="cond" truecount="2" falsecount="0"/>
        <line num="480" count="1" type="stmt"/>
        <line num="494" count="4" type="stmt"/>
        <line num="496" count="4" type="stmt"/>
        <line num="498" count="4" type="stmt"/>
        <line num="499" count="4" type="stmt"/>
        <line num="501" count="4" type="stmt"/>
        <line num="502" count="4" type="stmt"/>
        <line num="503" count="4" type="stmt"/>
        <line num="504" count="4" type="stmt"/>
        <line num="506" count="4" type="stmt"/>
        <line num="507" count="3" type="cond" truecount="1" falsecount="3"/>
        <line num="509" count="0" type="stmt"/>
        <line num="511" count="3" type="stmt"/>
        <line num="513" count="0" type="stmt"/>
        <line num="515" count="0" type="stmt"/>
        <line num="519" count="4" type="stmt"/>
        <line num="520" count="3" type="stmt"/>
        <line num="521" count="3" type="cond" truecount="1" falsecount="1"/>
        <line num="522" count="3" type="cond" truecount="1" falsecount="1"/>
        <line num="523" count="0" type="stmt"/>
        <line num="524" count="3" type="cond" truecount="1" falsecount="1"/>
        <line num="525" count="3" type="stmt"/>
        <line num="526" count="0" type="cond" truecount="0" falsecount="2"/>
        <line num="527" count="0" type="stmt"/>
        <line num="529" count="0" type="stmt"/>
        <line num="531" count="3" type="stmt"/>
        <line num="534" count="4" type="stmt"/>
        <line num="535" count="4" type="stmt"/>
        <line num="552" count="3" type="stmt"/>
        <line num="556" count="3" type="stmt"/>
        <line num="557" count="3" type="stmt"/>
        <line num="576" count="3" type="stmt"/>
        <line num="577" count="3" type="stmt"/>
        <line num="578" count="3" type="stmt"/>
        <line num="580" count="3" type="stmt"/>
        <line num="581" count="3" type="stmt"/>
        <line num="583" count="3" type="cond" truecount="1" falsecount="1"/>
        <line num="589" count="3" type="cond" truecount="2" falsecount="0"/>
        <line num="592" count="3" type="stmt"/>
        <line num="594" count="3" type="cond" truecount="1" falsecount="1"/>
        <line num="595" count="0" type="cond" truecount="0" falsecount="2"/>
        <line num="596" count="0" type="stmt"/>
        <line num="597" count="0" type="cond" truecount="0" falsecount="2"/>
        <line num="598" count="0" type="stmt"/>
        <line num="600" count="0" type="cond" truecount="0" falsecount="2"/>
        <line num="601" count="0" type="stmt"/>
        <line num="604" count="0" type="cond" truecount="0" falsecount="2"/>
        <line num="607" count="0" type="cond" truecount="0" falsecount="2"/>
        <line num="608" count="0" type="stmt"/>
        <line num="610" count="0" type="stmt"/>
        <line num="618" count="3" type="cond" truecount="1" falsecount="1"/>
        <line num="619" count="3" type="cond" truecount="1" falsecount="1"/>
        <line num="620" count="4" type="stmt"/>
        <line num="621" count="4" type="cond" truecount="1" falsecount="1"/>
        <line num="622" count="0" type="stmt"/>
        <line num="624" count="4" type="cond" truecount="1" falsecount="1"/>
        <line num="625" count="0" type="stmt"/>
        <line num="628" count="4" type="cond" truecount="1" falsecount="1"/>
        <line num="631" count="4" type="cond" truecount="1" falsecount="1"/>
        <line num="632" count="0" type="stmt"/>
        <line num="634" count="4" type="stmt"/>
        <line num="641" count="4" type="stmt"/>
        <line num="646" count="3" type="cond" truecount="1" falsecount="1"/>
        <line num="647" count="0" type="stmt"/>
        <line num="653" count="3" type="cond" truecount="1" falsecount="1"/>
        <line num="654" count="3" type="stmt"/>
        <line num="660" count="3" type="cond" truecount="1" falsecount="1"/>
        <line num="661" count="3" type="stmt"/>
        <line num="668" count="3" type="stmt"/>
        <line num="669" count="3" type="stmt"/>
        <line num="671" count="0" type="stmt"/>
        <line num="675" count="3" type="stmt"/>
        <line num="724" count="3" type="stmt"/>
        <line num="727" count="3" type="stmt"/>
        <line num="750" count="3" type="stmt"/>
        <line num="751" count="3" type="stmt"/>
        <line num="752" count="3" type="stmt"/>
        <line num="760" count="3" type="stmt"/>
        <line num="764" count="3" type="stmt"/>
        <line num="765" count="3" type="stmt"/>
        <line num="772" count="0" type="stmt"/>
        <line num="776" count="1" type="stmt"/>
        <line num="780" count="1" type="stmt"/>
        <line num="781" count="4" type="cond" truecount="4" falsecount="0"/>
        <line num="782" count="1" type="stmt"/>
        <line num="785" count="3" type="stmt"/>
        <line num="786" count="3" type="stmt"/>
        <line num="787" count="3" type="stmt"/>
        <line num="789" count="3" type="stmt"/>
        <line num="793" count="2" type="cond" truecount="2" falsecount="0"/>
        <line num="794" count="1" type="stmt"/>
        <line num="797" count="1" type="stmt"/>
        <line num="807" count="1" type="stmt"/>
        <line num="835" count="1" type="stmt"/>
        <line num="836" count="1" type="stmt"/>
        <line num="837" count="1" type="stmt"/>
        <line num="845" count="1" type="stmt"/>
        <line num="849" count="1" type="stmt"/>
        <line num="851" count="1" type="stmt"/>
        <line num="855" count="1" type="stmt"/>
        <line num="856" count="9" type="cond" truecount="2" falsecount="0"/>
        <line num="857" count="1" type="stmt"/>
        <line num="860" count="8" type="stmt"/>
        <line num="861" count="8" type="stmt"/>
        <line num="864" count="8" type="stmt"/>
        <line num="865" count="8" type="cond" truecount="2" falsecount="0"/>
        <line num="866" count="1" type="stmt"/>
        <line num="867" count="7" type="cond" truecount="2" falsecount="0"/>
        <line num="868" count="1" type="stmt"/>
        <line num="873" count="8" type="cond" truecount="1" falsecount="1"/>
        <line num="874" count="0" type="stmt"/>
        <line num="876" count="0" type="cond" truecount="0" falsecount="2"/>
        <line num="877" count="0" type="stmt"/>
        <line num="878" count="0" type="cond" truecount="0" falsecount="2"/>
        <line num="879" count="0" type="stmt"/>
        <line num="882" count="0" type="cond" truecount="0" falsecount="2"/>
        <line num="883" count="0" type="stmt"/>
        <line num="894" count="8" type="cond" truecount="2" falsecount="0"/>
        <line num="895" count="2" type="stmt"/>
        <line num="900" count="2" type="cond" truecount="2" falsecount="0"/>
        <line num="901" count="1" type="stmt"/>
        <line num="904" count="1" type="stmt"/>
        <line num="916" count="7" type="cond" truecount="2" falsecount="0"/>
        <line num="917" count="1" type="stmt"/>
        <line num="922" count="1" type="cond" truecount="1" falsecount="1"/>
        <line num="923" count="0" type="stmt"/>
        <line num="926" count="1" type="stmt"/>
        <line num="934" count="7" type="cond" truecount="2" falsecount="0"/>
        <line num="935" count="1" type="stmt"/>
        <line num="940" count="1" type="cond" truecount="1" falsecount="1"/>
        <line num="941" count="0" type="stmt"/>
        <line num="944" count="1" type="stmt"/>
        <line num="950" count="7" type="stmt"/>
        <line num="999" count="6" type="stmt"/>
        <line num="1004" count="1" type="stmt"/>
        <line num="1005" count="1" type="stmt"/>
        <line num="1009" count="1" type="stmt"/>
        <line num="1010" count="4" type="stmt"/>
        <line num="1012" count="4" type="stmt"/>
        <line num="1013" count="4" type="stmt"/>
        <line num="1081" count="3" type="cond" truecount="2" falsecount="0"/>
        <line num="1082" count="1" type="stmt"/>
        <line num="1085" count="2" type="cond" truecount="2" falsecount="0"/>
        <line num="1086" count="1" type="stmt"/>
        <line num="1089" count="1" type="stmt"/>
        <line num="1106" count="1" type="stmt"/>
        <line num="1119" count="0" type="stmt"/>
        <line num="1131" count="0" type="stmt"/>
        <line num="1140" count="0" type="stmt"/>
        <line num="1149" count="0" type="stmt"/>
        <line num="1164" count="1" type="stmt"/>
        <line num="1168" count="1" type="stmt"/>
        <line num="1169" count="28" type="stmt"/>
        <line num="1170" count="28" type="stmt"/>
        <line num="1172" count="28" type="cond" truecount="2" falsecount="0"/>
        <line num="1173" count="4" type="stmt"/>
        <line num="1176" count="24" type="stmt"/>
        <line num="1177" count="24" type="stmt"/>
        <line num="1182" count="24" type="cond" truecount="2" falsecount="0"/>
        <line num="1183" count="4" type="stmt"/>
        <line num="1186" count="20" type="cond" truecount="2" falsecount="0"/>
        <line num="1187" count="4" type="stmt"/>
        <line num="1190" count="16" type="cond" truecount="1" falsecount="1"/>
        <line num="1195" count="8" type="stmt"/>
        <line num="1197" count="4" type="stmt"/>
        <line num="1199" count="12" type="stmt"/>
        <line num="1203" count="1" type="stmt"/>
        <line num="1204" count="20" type="stmt"/>
        <line num="1205" count="20" type="stmt"/>
        <line num="1207" count="20" type="cond" truecount="2" falsecount="0"/>
        <line num="1208" count="4" type="stmt"/>
        <line num="1211" count="16" type="stmt"/>
        <line num="1212" count="16" type="stmt"/>
        <line num="1221" count="16" type="cond" truecount="4" falsecount="0"/>
        <line num="1222" count="8" type="stmt"/>
        <line num="1225" count="8" type="cond" truecount="1" falsecount="1"/>
        <line num="1226" count="0" type="stmt"/>
        <line num="1229" count="8" type="cond" truecount="1" falsecount="1"/>
        <line num="1231" count="4" type="cond" truecount="3" falsecount="1"/>
        <line num="1232" count="0" type="stmt"/>
        <line num="1237" count="4" type="stmt"/>
        <line num="1242" count="4" type="stmt"/>
        <line num="1244" count="4" type="stmt"/>
        <line num="1248" count="1" type="stmt"/>
        <line num="1249" count="12" type="stmt"/>
        <line num="1250" count="12" type="stmt"/>
        <line num="1252" count="12" type="cond" truecount="2" falsecount="0"/>
        <line num="1253" count="4" type="stmt"/>
        <line num="1256" count="8" type="stmt"/>
        <line num="1257" count="8" type="stmt"/>
        <line num="1266" count="8" type="cond" truecount="4" falsecount="0"/>
        <line num="1267" count="4" type="stmt"/>
        <line num="1270" count="4" type="cond" truecount="1" falsecount="1"/>
        <line num="1271" count="0" type="stmt"/>
        <line num="1274" count="4" type="stmt"/>
        <line num="1278" count="4" type="stmt"/>
        <line num="1280" count="0" type="stmt"/>
        <line num="1284" count="1" type="stmt"/>
        <line num="1285" count="7" type="cond" truecount="2" falsecount="0"/>
        <line num="1288" count="1" type="stmt"/>
        <line num="1292" count="6" type="cond" truecount="2" falsecount="0"/>
        <line num="1293" count="1" type="cond" truecount="1" falsecount="1"/>
        <line num="1294" count="1" type="stmt"/>
        <line num="1298" count="5" type="stmt"/>
        <line num="1299" count="5" type="stmt"/>
        <line num="1301" count="5" type="cond" truecount="2" falsecount="0"/>
        <line num="1302" count="2" type="stmt"/>
        <line num="1307" count="2" type="cond" truecount="2" falsecount="0"/>
        <line num="1308" count="1" type="stmt"/>
        <line num="1311" count="1" type="stmt"/>
        <line num="1320" count="3" type="cond" truecount="1" falsecount="1"/>
        <line num="1322" count="0" type="cond" truecount="0" falsecount="2"/>
        <line num="1323" count="0" type="stmt"/>
        <line num="1326" count="0" type="stmt"/>
        <line num="1331" count="3" type="cond" truecount="1" falsecount="1"/>
        <line num="1333" count="0" type="cond" truecount="0" falsecount="2"/>
        <line num="1334" count="0" type="stmt"/>
        <line num="1337" count="0" type="stmt"/>
        <line num="1342" count="4" type="stmt"/>
        <line num="1363" count="3" type="stmt"/>
        <line num="1365" count="3" type="stmt"/>
        <line num="1367" count="3" type="cond" truecount="1" falsecount="1"/>
        <line num="1369" count="3" type="cond" truecount="1" falsecount="1"/>
        <line num="1371" count="3" type="cond" truecount="2" falsecount="0"/>
        <line num="1372" count="2" type="stmt"/>
        <line num="1381" count="3" type="stmt"/>
        <line num="1382" count="3" type="stmt"/>
        <line num="1394" count="3" type="cond" truecount="1" falsecount="1"/>
        <line num="1395" count="3" type="stmt"/>
        <line num="1397" count="3" type="cond" truecount="1" falsecount="1"/>
        <line num="1398" count="3" type="stmt"/>
        <line num="1402" count="3" type="stmt"/>
        <line num="1411" count="3" type="stmt"/>
        <line num="1413" count="1" type="stmt"/>
        <line num="1417" count="1" type="stmt"/>
        <line num="1418" count="6" type="cond" truecount="4" falsecount="0"/>
        <line num="1419" count="2" type="stmt"/>
        <line num="1422" count="4" type="stmt"/>
        <line num="1423" count="4" type="stmt"/>
        <line num="1425" count="4" type="stmt"/>
        <line num="1435" count="3" type="cond" truecount="2" falsecount="0"/>
        <line num="1436" count="1" type="stmt"/>
        <line num="1440" count="2" type="cond" truecount="2" falsecount="0"/>
        <line num="1441" count="1" type="stmt"/>
        <line num="1445" count="1" type="stmt"/>
        <line num="1447" count="1" type="stmt"/>
        <line num="1452" count="1" type="stmt"/>
        <line num="1453" count="1" type="cond" truecount="1" falsecount="1"/>
        <line num="1454" count="1" type="stmt"/>
        <line num="1460" count="1" type="stmt"/>
        <line num="1461" count="1" type="stmt"/>
        <line num="1462" count="1" type="stmt"/>
        <line num="1463" count="1" type="stmt"/>
        <line num="1464" count="1" type="stmt"/>
        <line num="1467" count="1" type="stmt"/>
        <line num="1470" count="1" type="stmt"/>
        <line num="1473" count="1" type="stmt"/>
        <line num="1477" count="1" type="stmt"/>
        <line num="1498" count="1" type="stmt"/>
        <line num="1499" count="1" type="stmt"/>
        <line num="1500" count="1" type="stmt"/>
        <line num="1508" count="1" type="stmt"/>
        <line num="1512" count="1" type="stmt"/>
        <line num="1514" count="1" type="stmt"/>
        <line num="1522" count="1" type="stmt"/>
        <line num="1523" count="6" type="stmt"/>
        <line num="1524" count="6" type="stmt"/>
        <line num="1527" count="6" type="cond" truecount="4" falsecount="0"/>
        <line num="1528" count="1" type="stmt"/>
        <line num="1531" count="5" type="stmt"/>
        <line num="1552" count="4" type="cond" truecount="2" falsecount="0"/>
        <line num="1553" count="1" type="stmt"/>
        <line num="1557" count="3" type="stmt"/>
        <line num="1558" count="3" type="cond" truecount="1" falsecount="1"/>
        <line num="1559" count="0" type="stmt"/>
        <line num="1560" count="3" type="cond" truecount="1" falsecount="1"/>
        <line num="1561" count="0" type="stmt"/>
        <line num="1562" count="0" type="cond" truecount="0" falsecount="3"/>
        <line num="1563" count="3" type="cond" truecount="1" falsecount="1"/>
        <line num="1564" count="0" type="stmt"/>
        <line num="1565" count="0" type="cond" truecount="0" falsecount="3"/>
        <line num="1566" count="3" type="cond" truecount="1" falsecount="1"/>
        <line num="1567" count="3" type="cond" truecount="3" falsecount="0"/>
        <line num="1571" count="3" type="cond" truecount="2" falsecount="0"/>
        <line num="1572" count="1" type="stmt"/>
        <line num="1576" count="2" type="stmt"/>
        <line num="1585" count="2" type="stmt"/>
        <line num="1586" count="2" type="stmt"/>
        <line num="1587" count="2" type="stmt"/>
        <line num="1588" count="2" type="cond" truecount="1" falsecount="2"/>
        <line num="1589" count="2" type="stmt"/>
        <line num="1590" count="2" type="stmt"/>
        <line num="1593" count="1" type="stmt"/>
        <line num="1594" count="1" type="stmt"/>
        <line num="1599" count="0" type="stmt"/>
        <line num="1603" count="1" type="stmt"/>
        <line num="1607" count="2" type="stmt"/>
        <line num="1613" count="1" type="stmt"/>
        <line num="1621" count="1" type="stmt"/>
        <line num="1622" count="5" type="stmt"/>
        <line num="1623" count="5" type="stmt"/>
        <line num="1626" count="5" type="cond" truecount="4" falsecount="0"/>
        <line num="1627" count="1" type="stmt"/>
        <line num="1630" count="4" type="stmt"/>
        <line num="1651" count="3" type="cond" truecount="2" falsecount="0"/>
        <line num="1652" count="1" type="stmt"/>
        <line num="1656" count="2" type="stmt"/>
        <line num="1657" count="2" type="cond" truecount="1" falsecount="1"/>
        <line num="1658" count="0" type="stmt"/>
        <line num="1659" count="2" type="cond" truecount="1" falsecount="1"/>
        <line num="1660" count="0" type="stmt"/>
        <line num="1661" count="0" type="cond" truecount="0" falsecount="3"/>
        <line num="1662" count="2" type="cond" truecount="1" falsecount="1"/>
        <line num="1663" count="0" type="stmt"/>
        <line num="1664" count="0" type="cond" truecount="0" falsecount="3"/>
        <line num="1665" count="2" type="cond" truecount="1" falsecount="1"/>
        <line num="1666" count="2" type="cond" truecount="3" falsecount="0"/>
        <line num="1670" count="2" type="cond" truecount="2" falsecount="0"/>
        <line num="1671" count="1" type="stmt"/>
        <line num="1675" count="1" type="stmt"/>
        <line num="1684" count="1" type="stmt"/>
        <line num="1685" count="1" type="stmt"/>
        <line num="1686" count="1" type="cond" truecount="1" falsecount="2"/>
        <line num="1687" count="1" type="stmt"/>
        <line num="1688" count="1" type="stmt"/>
        <line num="1690" count="0" type="stmt"/>
        <line num="1694" count="1" type="stmt"/>
        <line num="1700" count="1" type="stmt"/>
        <line num="1704" count="1" type="stmt"/>
      </file>
      <file name="communeController.js" path="C:\Users\daibr\vax\src\controllers\communeController.js">
        <metrics statements="177" coveredstatements="89" conditionals="144" coveredconditionals="68" methods="16" coveredmethods="8"/>
        <line num="1" count="1" type="stmt"/>
        <line num="2" count="1" type="stmt"/>
        <line num="4" count="21" type="stmt"/>
        <line num="5" count="28" type="stmt"/>
        <line num="7" count="1" type="stmt"/>
        <line num="8" count="0" type="stmt"/>
        <line num="18" count="0" type="cond" truecount="0" falsecount="2"/>
        <line num="19" count="0" type="stmt"/>
        <line num="20" count="0" type="stmt"/>
        <line num="21" count="0" type="stmt"/>
        <line num="24" count="0" type="stmt"/>
        <line num="28" count="0" type="stmt"/>
        <line num="30" count="0" type="cond" truecount="0" falsecount="2"/>
        <line num="36" count="0" type="stmt"/>
        <line num="38" count="0" type="cond" truecount="0" falsecount="2"/>
        <line num="44" count="0" type="stmt"/>
        <line num="46" count="0" type="stmt"/>
        <line num="57" count="0" type="cond" truecount="0" falsecount="2"/>
        <line num="67" count="0" type="cond" truecount="0" falsecount="2"/>
        <line num="73" count="0" type="stmt"/>
        <line num="74" count="0" type="cond" truecount="0" falsecount="2"/>
        <line num="75" count="0" type="stmt"/>
        <line num="77" count="0" type="cond" truecount="0" falsecount="2"/>
        <line num="78" count="0" type="stmt"/>
        <line num="80" count="0" type="cond" truecount="0" falsecount="2"/>
        <line num="84" count="0" type="stmt"/>
        <line num="85" count="0" type="cond" truecount="0" falsecount="2"/>
        <line num="86" count="0" type="stmt"/>
        <line num="91" count="0" type="cond" truecount="0" falsecount="2"/>
        <line num="92" count="0" type="stmt"/>
        <line num="97" count="0" type="cond" truecount="0" falsecount="2"/>
        <line num="103" count="0" type="stmt"/>
        <line num="105" count="0" type="stmt"/>
        <line num="106" count="0" type="cond" truecount="0" falsecount="2"/>
        <line num="107" count="0" type="stmt"/>
        <line num="112" count="0" type="cond" truecount="0" falsecount="2"/>
        <line num="113" count="0" type="stmt"/>
        <line num="121" count="0" type="cond" truecount="0" falsecount="2"/>
        <line num="122" count="0" type="stmt"/>
        <line num="127" count="0" type="cond" truecount="0" falsecount="2"/>
        <line num="141" count="0" type="stmt"/>
        <line num="143" count="0" type="cond" truecount="0" falsecount="2"/>
        <line num="149" count="0" type="stmt"/>
        <line num="177" count="1" type="stmt"/>
        <line num="209" count="1" type="stmt"/>
        <line num="210" count="6" type="stmt"/>
        <line num="211" count="6" type="stmt"/>
        <line num="214" count="6" type="cond" truecount="2" falsecount="0"/>
        <line num="216" count="6" type="cond" truecount="2" falsecount="0"/>
        <line num="217" count="2" type="cond" truecount="2" falsecount="0"/>
        <line num="218" count="1" type="stmt"/>
        <line num="220" count="1" type="stmt"/>
        <line num="221" count="4" type="cond" truecount="4" falsecount="0"/>
        <line num="223" count="1" type="stmt"/>
        <line num="224" count="3" type="cond" truecount="4" falsecount="0"/>
        <line num="225" count="1" type="stmt"/>
        <line num="228" count="4" type="stmt"/>
        <line num="237" count="3" type="stmt"/>
        <line num="239" count="1" type="stmt"/>
        <line num="243" count="1" type="stmt"/>
        <line num="244" count="7" type="stmt"/>
        <line num="245" count="7" type="stmt"/>
        <line num="247" count="7" type="cond" truecount="2" falsecount="0"/>
        <line num="248" count="1" type="stmt"/>
        <line num="249" count="6" type="cond" truecount="4" falsecount="0"/>
        <line num="250" count="1" type="stmt"/>
        <line num="253" count="6" type="cond" truecount="4" falsecount="0"/>
        <line num="254" count="1" type="stmt"/>
        <line num="258" count="5" type="cond" truecount="2" falsecount="0"/>
        <line num="259" count="2" type="stmt"/>
        <line num="263" count="2" type="cond" truecount="2" falsecount="0"/>
        <line num="264" count="1" type="stmt"/>
        <line num="268" count="4" type="stmt"/>
        <line num="278" count="3" type="stmt"/>
        <line num="280" count="1" type="stmt"/>
        <line num="284" count="1" type="stmt"/>
        <line num="285" count="8" type="stmt"/>
        <line num="286" count="8" type="stmt"/>
        <line num="287" count="8" type="cond" truecount="1" falsecount="1"/>
        <line num="289" count="8" type="stmt"/>
        <line num="294" count="7" type="cond" truecount="2" falsecount="0"/>
        <line num="295" count="1" type="stmt"/>
        <line num="298" count="6" type="cond" truecount="2" falsecount="0"/>
        <line num="299" count="2" type="cond" truecount="4" falsecount="0"/>
        <line num="300" count="1" type="stmt"/>
        <line num="302" count="4" type="cond" truecount="2" falsecount="0"/>
        <line num="303" count="1" type="stmt"/>
        <line num="306" count="4" type="stmt"/>
        <line num="307" count="4" type="cond" truecount="4" falsecount="0"/>
        <line num="308" count="3" type="stmt"/>
        <line num="310" count="4" type="cond" truecount="4" falsecount="0"/>
        <line num="311" count="1" type="stmt"/>
        <line num="314" count="4" type="cond" truecount="2" falsecount="0"/>
        <line num="315" count="1" type="stmt"/>
        <line num="318" count="3" type="stmt"/>
        <line num="326" count="3" type="stmt"/>
        <line num="328" count="1" type="stmt"/>
        <line num="332" count="1" type="stmt"/>
        <line num="333" count="5" type="stmt"/>
        <line num="334" count="5" type="stmt"/>
        <line num="336" count="5" type="stmt"/>
        <line num="341" count="5" type="cond" truecount="2" falsecount="0"/>
        <line num="342" count="1" type="stmt"/>
        <line num="345" count="4" type="cond" truecount="2" falsecount="0"/>
        <line num="346" count="1" type="cond" truecount="3" falsecount="1"/>
        <line num="347" count="1" type="stmt"/>
        <line num="349" count="3" type="cond" truecount="1" falsecount="1"/>
        <line num="350" count="0" type="stmt"/>
        <line num="353" count="3" type="stmt"/>
        <line num="354" count="0" type="stmt"/>
        <line num="361" count="0" type="stmt"/>
        <line num="363" count="0" type="cond" truecount="0" falsecount="2"/>
        <line num="364" count="0" type="stmt"/>
        <line num="368" count="0" type="stmt"/>
        <line num="371" count="0" type="stmt"/>
        <line num="374" count="0" type="stmt"/>
        <line num="377" count="0" type="stmt"/>
        <line num="380" count="0" type="stmt"/>
        <line num="384" count="0" type="stmt"/>
        <line num="389" count="0" type="stmt"/>
        <line num="390" count="0" type="cond" truecount="0" falsecount="2"/>
        <line num="391" count="0" type="stmt"/>
        <line num="393" count="0" type="cond" truecount="0" falsecount="2"/>
        <line num="394" count="0" type="stmt"/>
        <line num="396" count="0" type="cond" truecount="0" falsecount="2"/>
        <line num="397" count="0" type="stmt"/>
        <line num="400" count="0" type="cond" truecount="0" falsecount="2"/>
        <line num="401" count="0" type="stmt"/>
        <line num="404" count="0" type="cond" truecount="0" falsecount="4"/>
        <line num="405" count="0" type="stmt"/>
        <line num="406" count="0" type="cond" truecount="0" falsecount="2"/>
        <line num="407" count="0" type="stmt"/>
        <line num="409" count="0" type="cond" truecount="0" falsecount="2"/>
        <line num="410" count="0" type="stmt"/>
        <line num="414" count="0" type="cond" truecount="0" falsecount="2"/>
        <line num="415" count="0" type="stmt"/>
        <line num="420" count="0" type="cond" truecount="0" falsecount="2"/>
        <line num="421" count="0" type="stmt"/>
        <line num="426" count="0" type="cond" truecount="0" falsecount="2"/>
        <line num="427" count="0" type="stmt"/>
        <line num="433" count="0" type="cond" truecount="0" falsecount="2"/>
        <line num="434" count="0" type="stmt"/>
        <line num="439" count="0" type="cond" truecount="0" falsecount="4"/>
        <line num="440" count="0" type="stmt"/>
        <line num="441" count="0" type="cond" truecount="0" falsecount="2"/>
        <line num="442" count="0" type="stmt"/>
        <line num="444" count="0" type="cond" truecount="0" falsecount="2"/>
        <line num="445" count="0" type="stmt"/>
        <line num="447" count="0" type="cond" truecount="0" falsecount="2"/>
        <line num="448" count="0" type="stmt"/>
        <line num="454" count="0" type="cond" truecount="0" falsecount="2"/>
        <line num="455" count="0" type="stmt"/>
        <line num="458" count="0" type="stmt"/>
        <line num="463" count="0" type="cond" truecount="0" falsecount="2"/>
        <line num="464" count="0" type="stmt"/>
        <line num="467" count="0" type="stmt"/>
        <line num="472" count="0" type="stmt"/>
        <line num="475" count="2" type="stmt"/>
        <line num="477" count="1" type="stmt"/>
        <line num="481" count="1" type="stmt"/>
        <line num="482" count="7" type="stmt"/>
        <line num="483" count="7" type="stmt"/>
        <line num="485" count="7" type="stmt"/>
        <line num="490" count="7" type="cond" truecount="2" falsecount="0"/>
        <line num="491" count="2" type="stmt"/>
        <line num="494" count="5" type="cond" truecount="2" falsecount="0"/>
        <line num="495" count="1" type="cond" truecount="3" falsecount="1"/>
        <line num="496" count="1" type="stmt"/>
        <line num="498" count="4" type="cond" truecount="2" falsecount="0"/>
        <line num="499" count="1" type="stmt"/>
        <line num="502" count="3" type="stmt"/>
        <line num="503" count="0" type="stmt"/>
        <line num="506" count="1" type="stmt"/>
        <line num="508" count="2" type="cond" truecount="2" falsecount="0"/>
        <line num="509" count="1" type="stmt"/>
        <line num="511" count="1" type="stmt"/>
        <line num="515" count="1" type="stmt"/>
      </file>
      <file name="dashboardController.js" path="C:\Users\daibr\vax\src\controllers\dashboardController.js">
        <metrics statements="217" coveredstatements="211" conditionals="116" coveredconditionals="90" methods="44" coveredmethods="44"/>
        <line num="1" count="1" type="stmt"/>
        <line num="3" count="1" type="stmt"/>
        <line num="4" count="1" type="stmt"/>
        <line num="5" count="1" type="stmt"/>
        <line num="6" count="1" type="stmt"/>
        <line num="8" count="1" type="stmt"/>
        <line num="9" count="12" type="stmt"/>
        <line num="10" count="12" type="stmt"/>
        <line num="11" count="12" type="stmt"/>
        <line num="14" count="1" type="stmt"/>
        <line num="15" count="3" type="stmt"/>
        <line num="16" count="3" type="stmt"/>
        <line num="17" count="3" type="stmt"/>
        <line num="20" count="1" type="stmt"/>
        <line num="21" count="34" type="stmt"/>
        <line num="22" count="34" type="stmt"/>
        <line num="23" count="34" type="stmt"/>
        <line num="26" count="1" type="stmt"/>
        <line num="28" count="2" type="stmt"/>
        <line num="29" count="2" type="stmt"/>
        <line num="32" count="1" type="stmt"/>
        <line num="33" count="7" type="stmt"/>
        <line num="34" count="7" type="stmt"/>
        <line num="37" count="7" type="stmt"/>
        <line num="39" count="7" type="stmt"/>
        <line num="40" count="6" type="stmt"/>
        <line num="41" count="6" type="stmt"/>
        <line num="42" count="6" type="cond" truecount="2" falsecount="0"/>
        <line num="45" count="7" type="stmt"/>
        <line num="47" count="7" type="stmt"/>
        <line num="48" count="42" type="stmt"/>
        <line num="49" count="42" type="stmt"/>
        <line num="50" count="42" type="stmt"/>
        <line num="51" count="42" type="stmt"/>
        <line num="53" count="42" type="stmt"/>
        <line num="54" count="42" type="stmt"/>
        <line num="60" count="7" type="stmt"/>
        <line num="63" count="1" type="stmt"/>
        <line num="64" count="3" type="stmt"/>
        <line num="65" count="4" type="stmt"/>
        <line num="69" count="4" type="stmt"/>
        <line num="71" count="1" type="stmt"/>
        <line num="72" count="1" type="stmt"/>
        <line num="74" count="1" type="stmt"/>
        <line num="76" count="3" type="stmt"/>
        <line num="78" count="3" type="cond" truecount="1" falsecount="1"/>
        <line num="79" count="3" type="cond" truecount="2" falsecount="0"/>
        <line num="82" count="1" type="stmt"/>
        <line num="83" count="2" type="stmt"/>
        <line num="84" count="1" type="stmt"/>
        <line num="88" count="5" type="stmt"/>
        <line num="98" count="6" type="stmt"/>
        <line num="104" count="1" type="stmt"/>
        <line num="105" count="6" type="stmt"/>
        <line num="106" count="6" type="stmt"/>
        <line num="109" count="6" type="stmt"/>
        <line num="111" count="6" type="stmt"/>
        <line num="112" count="36" type="stmt"/>
        <line num="113" count="36" type="stmt"/>
        <line num="114" count="36" type="stmt"/>
        <line num="115" count="36" type="stmt"/>
        <line num="116" count="36" type="stmt"/>
        <line num="123" count="6" type="stmt"/>
        <line num="129" count="1" type="stmt"/>
        <line num="130" count="3" type="stmt"/>
        <line num="131" count="3" type="stmt"/>
        <line num="134" count="1" type="stmt"/>
        <line num="135" count="3" type="cond" truecount="4" falsecount="0"/>
        <line num="136" count="1" type="stmt"/>
        <line num="139" count="2" type="stmt"/>
        <line num="140" count="2" type="stmt"/>
        <line num="143" count="2" type="stmt"/>
        <line num="144" count="2" type="cond" truecount="1" falsecount="1"/>
        <line num="145" count="0" type="stmt"/>
        <line num="146" count="2" type="cond" truecount="1" falsecount="1"/>
        <line num="147" count="0" type="stmt"/>
        <line num="148" count="2" type="cond" truecount="1" falsecount="1"/>
        <line num="149" count="0" type="stmt"/>
        <line num="161" count="2" type="stmt"/>
        <line num="162" count="2" type="cond" truecount="1" falsecount="1"/>
        <line num="163" count="0" type="stmt"/>
        <line num="168" count="2" type="cond" truecount="1" falsecount="1"/>
        <line num="169" count="0" type="stmt"/>
        <line num="176" count="2" type="cond" truecount="1" falsecount="1"/>
        <line num="177" count="0" type="stmt"/>
        <line num="190" count="2" type="stmt"/>
        <line num="191" count="2" type="stmt"/>
        <line num="192" count="2" type="stmt"/>
        <line num="193" count="2" type="stmt"/>
        <line num="201" count="2" type="stmt"/>
        <line num="258" count="1" type="stmt"/>
        <line num="259" count="1" type="cond" truecount="2" falsecount="2"/>
        <line num="263" count="1" type="stmt"/>
        <line num="264" count="1" type="stmt"/>
        <line num="265" count="1" type="stmt"/>
        <line num="267" count="1" type="stmt"/>
        <line num="275" count="1" type="stmt"/>
        <line num="279" count="1" type="stmt"/>
        <line num="280" count="5" type="cond" truecount="2" falsecount="0"/>
        <line num="281" count="1" type="stmt"/>
        <line num="284" count="4" type="cond" truecount="2" falsecount="0"/>
        <line num="285" count="1" type="stmt"/>
        <line num="290" count="3" type="stmt"/>
        <line num="291" count="3" type="stmt"/>
        <line num="292" count="3" type="stmt"/>
        <line num="293" count="3" type="stmt"/>
        <line num="294" count="3" type="stmt"/>
        <line num="295" count="3" type="stmt"/>
        <line num="298" count="3" type="stmt"/>
        <line num="299" count="3" type="stmt"/>
        <line num="300" count="3" type="stmt"/>
        <line num="301" count="3" type="stmt"/>
        <line num="317" count="3" type="stmt"/>
        <line num="442" count="3" type="stmt"/>
        <line num="447" count="2" type="stmt"/>
        <line num="453" count="2" type="stmt"/>
        <line num="454" count="2" type="stmt"/>
        <line num="455" count="2" type="stmt"/>
        <line num="456" count="2" type="cond" truecount="2" falsecount="0"/>
        <line num="459" count="2" type="stmt"/>
        <line num="460" count="2" type="stmt"/>
        <line num="461" count="28" type="stmt"/>
        <line num="462" count="28" type="stmt"/>
        <line num="463" count="28" type="stmt"/>
        <line num="470" count="2" type="stmt"/>
        <line num="472" count="2" type="stmt"/>
        <line num="473" count="2" type="stmt"/>
        <line num="475" count="3" type="stmt"/>
        <line num="477" count="2" type="stmt"/>
        <line num="492" count="2" type="stmt"/>
        <line num="493" count="2" type="stmt"/>
        <line num="495" count="2" type="stmt"/>
        <line num="496" count="3" type="stmt"/>
        <line num="503" count="2" type="stmt"/>
        <line num="510" count="2" type="stmt"/>
        <line num="512" count="3" type="stmt"/>
        <line num="517" count="2" type="stmt"/>
        <line num="531" count="1" type="stmt"/>
        <line num="535" count="1" type="stmt"/>
        <line num="536" count="7" type="cond" truecount="2" falsecount="0"/>
        <line num="537" count="1" type="stmt"/>
        <line num="540" count="6" type="cond" truecount="2" falsecount="0"/>
        <line num="541" count="1" type="stmt"/>
        <line num="546" count="5" type="stmt"/>
        <line num="547" count="5" type="stmt"/>
        <line num="548" count="5" type="stmt"/>
        <line num="550" count="5" type="stmt"/>
        <line num="551" count="5" type="stmt"/>
        <line num="552" count="5" type="stmt"/>
        <line num="553" count="5" type="stmt"/>
        <line num="562" count="5" type="stmt"/>
        <line num="626" count="4" type="cond" truecount="2" falsecount="0"/>
        <line num="627" count="4" type="stmt"/>
        <line num="628" count="2" type="stmt"/>
        <line num="631" count="4" type="cond" truecount="2" falsecount="0"/>
        <line num="637" count="4" type="stmt"/>
        <line num="638" count="2" type="stmt"/>
        <line num="641" count="4" type="stmt"/>
        <line num="647" count="4" type="stmt"/>
        <line num="649" count="4" type="stmt"/>
        <line num="650" count="4" type="stmt"/>
        <line num="652" count="3" type="cond" truecount="1" falsecount="1"/>
        <line num="653" count="3" type="stmt"/>
        <line num="659" count="4" type="stmt"/>
        <line num="660" count="2" type="stmt"/>
        <line num="661" count="1" type="stmt"/>
        <line num="665" count="4" type="cond" truecount="2" falsecount="0"/>
        <line num="669" count="4" type="stmt"/>
        <line num="680" count="1" type="stmt"/>
        <line num="684" count="1" type="stmt"/>
        <line num="685" count="8" type="cond" truecount="2" falsecount="0"/>
        <line num="686" count="1" type="stmt"/>
        <line num="691" count="7" type="cond" truecount="2" falsecount="0"/>
        <line num="692" count="1" type="stmt"/>
        <line num="697" count="6" type="stmt"/>
        <line num="698" count="6" type="stmt"/>
        <line num="699" count="6" type="stmt"/>
        <line num="700" count="6" type="stmt"/>
        <line num="710" count="6" type="stmt"/>
        <line num="779" count="5" type="cond" truecount="1" falsecount="1"/>
        <line num="780" count="5" type="stmt"/>
        <line num="781" count="2" type="stmt"/>
        <line num="784" count="5" type="cond" truecount="2" falsecount="0"/>
        <line num="790" count="5" type="stmt"/>
        <line num="791" count="2" type="stmt"/>
        <line num="794" count="5" type="stmt"/>
        <line num="799" count="5" type="stmt"/>
        <line num="800" count="5" type="stmt"/>
        <line num="801" count="3" type="cond" truecount="1" falsecount="1"/>
        <line num="802" count="3" type="stmt"/>
        <line num="808" count="5" type="stmt"/>
        <line num="809" count="2" type="stmt"/>
        <line num="810" count="1" type="stmt"/>
        <line num="813" count="5" type="cond" truecount="2" falsecount="0"/>
        <line num="814" count="5" type="stmt"/>
        <line num="815" count="5" type="stmt"/>
        <line num="816" count="3" type="stmt"/>
        <line num="817" count="3" type="cond" truecount="1" falsecount="1"/>
        <line num="819" count="3" type="cond" truecount="2" falsecount="0"/>
        <line num="820" count="3" type="cond" truecount="1" falsecount="1"/>
        <line num="821" count="3" type="stmt"/>
        <line num="824" count="5" type="stmt"/>
        <line num="825" count="9" type="cond" truecount="2" falsecount="0"/>
        <line num="826" count="54" type="stmt"/>
        <line num="830" count="54" type="stmt"/>
        <line num="831" count="9" type="stmt"/>
        <line num="838" count="5" type="stmt"/>
        <line num="839" count="6" type="stmt"/>
        <line num="841" count="9" type="stmt"/>
        <line num="842" count="5" type="cond" truecount="1" falsecount="1"/>
        <line num="843" count="5" type="stmt"/>
        <line num="845" count="5" type="stmt"/>
        <line num="847" count="8" type="stmt"/>
        <line num="850" count="5" type="cond" truecount="2" falsecount="0"/>
        <line num="854" count="5" type="stmt"/>
        <line num="865" count="1" type="stmt"/>
        <line num="869" count="1" type="stmt"/>
      </file>
      <file name="districtController.js" path="C:\Users\daibr\vax\src\controllers\districtController.js">
        <metrics statements="184" coveredstatements="97" conditionals="132" coveredconditionals="51" methods="16" coveredmethods="9"/>
        <line num="1" count="1" type="stmt"/>
        <line num="2" count="1" type="stmt"/>
        <line num="4" count="1" type="stmt"/>
        <line num="5" count="20" type="cond" truecount="2" falsecount="0"/>
        <line num="6" count="4" type="stmt"/>
        <line num="7" count="4" type="stmt"/>
        <line num="8" count="4" type="stmt"/>
        <line num="10" count="16" type="cond" truecount="2" falsecount="0"/>
        <line num="11" count="1" type="stmt"/>
        <line num="12" count="1" type="stmt"/>
        <line num="13" count="1" type="stmt"/>
        <line num="17" count="1" type="stmt"/>
        <line num="18" count="11" type="stmt"/>
        <line num="23" count="10" type="cond" truecount="2" falsecount="0"/>
        <line num="24" count="1" type="stmt"/>
        <line num="25" count="1" type="stmt"/>
        <line num="26" count="1" type="stmt"/>
        <line num="29" count="9" type="cond" truecount="3" falsecount="1"/>
        <line num="30" count="0" type="stmt"/>
        <line num="31" count="0" type="stmt"/>
        <line num="32" count="0" type="stmt"/>
        <line num="35" count="9" type="stmt"/>
        <line num="38" count="1" type="stmt"/>
        <line num="39" count="4" type="stmt"/>
        <line num="44" count="4" type="cond" truecount="1" falsecount="1"/>
        <line num="45" count="0" type="stmt"/>
        <line num="46" count="0" type="stmt"/>
        <line num="47" count="0" type="stmt"/>
        <line num="50" count="4" type="cond" truecount="1" falsecount="1"/>
        <line num="51" count="0" type="stmt"/>
        <line num="52" count="0" type="stmt"/>
        <line num="53" count="0" type="stmt"/>
        <line num="57" count="1" type="stmt"/>
        <line num="58" count="0" type="stmt"/>
        <line num="73" count="0" type="cond" truecount="0" falsecount="2"/>
        <line num="74" count="0" type="stmt"/>
        <line num="75" count="0" type="stmt"/>
        <line num="76" count="0" type="stmt"/>
        <line num="79" count="0" type="stmt"/>
        <line num="83" count="0" type="stmt"/>
        <line num="86" count="0" type="cond" truecount="0" falsecount="2"/>
        <line num="92" count="0" type="stmt"/>
        <line num="94" count="0" type="stmt"/>
        <line num="112" count="0" type="stmt"/>
        <line num="146" count="0" type="cond" truecount="0" falsecount="2"/>
        <line num="152" count="0" type="stmt"/>
        <line num="153" count="0" type="cond" truecount="0" falsecount="2"/>
        <line num="154" count="0" type="stmt"/>
        <line num="156" count="0" type="cond" truecount="0" falsecount="2"/>
        <line num="157" count="0" type="stmt"/>
        <line num="161" count="0" type="cond" truecount="0" falsecount="2"/>
        <line num="165" count="0" type="stmt"/>
        <line num="168" count="0" type="cond" truecount="0" falsecount="2"/>
        <line num="169" count="0" type="stmt"/>
        <line num="176" count="0" type="cond" truecount="0" falsecount="2"/>
        <line num="182" count="0" type="stmt"/>
        <line num="184" count="0" type="stmt"/>
        <line num="188" count="0" type="cond" truecount="0" falsecount="2"/>
        <line num="189" count="0" type="stmt"/>
        <line num="194" count="0" type="cond" truecount="0" falsecount="2"/>
        <line num="195" count="0" type="stmt"/>
        <line num="201" count="0" type="cond" truecount="0" falsecount="2"/>
        <line num="215" count="0" type="stmt"/>
        <line num="217" count="0" type="stmt"/>
        <line num="234" count="2" type="stmt"/>
        <line num="264" count="1" type="stmt"/>
        <line num="265" count="5" type="stmt"/>
        <line num="266" count="5" type="stmt"/>
        <line num="269" count="5" type="cond" truecount="1" falsecount="1"/>
        <line num="270" count="5" type="cond" truecount="1" falsecount="1"/>
        <line num="272" count="5" type="cond" truecount="2" falsecount="0"/>
        <line num="273" count="3" type="cond" truecount="2" falsecount="0"/>
        <line num="274" count="1" type="stmt"/>
        <line num="276" count="2" type="stmt"/>
        <line num="281" count="2" type="cond" truecount="2" falsecount="2"/>
        <line num="283" count="0" type="stmt"/>
        <line num="286" count="2" type="cond" truecount="2" falsecount="2"/>
        <line num="288" count="0" type="stmt"/>
        <line num="293" count="2" type="cond" truecount="2" falsecount="0"/>
        <line num="294" count="1" type="stmt"/>
        <line num="298" count="3" type="stmt"/>
        <line num="312" count="2" type="stmt"/>
        <line num="317" count="1" type="stmt"/>
        <line num="321" count="1" type="stmt"/>
        <line num="322" count="6" type="stmt"/>
        <line num="324" count="6" type="cond" truecount="1" falsecount="1"/>
        <line num="325" count="6" type="stmt"/>
        <line num="328" count="4" type="cond" truecount="1" falsecount="1"/>
        <line num="330" count="4" type="cond" truecount="4" falsecount="0"/>
        <line num="331" count="1" type="stmt"/>
        <line num="335" count="3" type="cond" truecount="1" falsecount="1"/>
        <line num="336" count="0" type="stmt"/>
        <line num="340" count="0" type="cond" truecount="0" falsecount="2"/>
        <line num="341" count="0" type="stmt"/>
        <line num="344" count="3" type="stmt"/>
        <line num="347" count="3" type="stmt"/>
        <line num="363" count="2" type="stmt"/>
        <line num="365" count="3" type="stmt"/>
        <line num="369" count="1" type="stmt"/>
        <line num="370" count="6" type="stmt"/>
        <line num="371" count="6" type="stmt"/>
        <line num="373" count="5" type="stmt"/>
        <line num="374" count="5" type="cond" truecount="1" falsecount="1"/>
        <line num="376" count="5" type="stmt"/>
        <line num="378" count="3" type="stmt"/>
        <line num="380" count="3" type="cond" truecount="4" falsecount="0"/>
        <line num="381" count="1" type="stmt"/>
        <line num="384" count="3" type="cond" truecount="4" falsecount="0"/>
        <line num="385" count="1" type="stmt"/>
        <line num="386" count="1" type="stmt"/>
        <line num="389" count="3" type="cond" truecount="2" falsecount="0"/>
        <line num="390" count="1" type="stmt"/>
        <line num="393" count="2" type="stmt"/>
        <line num="407" count="2" type="stmt"/>
        <line num="409" count="3" type="stmt"/>
        <line num="413" count="1" type="stmt"/>
        <line num="414" count="6" type="stmt"/>
        <line num="415" count="6" type="stmt"/>
        <line num="418" count="6" type="cond" truecount="2" falsecount="0"/>
        <line num="419" count="4" type="stmt"/>
[...]
        <line num="556" count="1" type="stmt"/>
        <line num="560" count="4" type="cond" truecount="2" falsecount="0"/>
        <line num="563" count="4" type="cond" truecount="2" falsecount="0"/>
        <line num="573" count="4" type="stmt"/>
        <line num="593" count="4" type="cond" truecount="4" falsecount="0"/>
        <line num="595" count="3" type="cond" truecount="2" falsecount="0"/>
        <line num="596" count="1" type="stmt"/>
        <line num="609" count="1" type="cond" truecount="1" falsecount="1"/>
        <line num="610" count="1" type="stmt"/>
        <line num="613" count="1" type="stmt"/>
        <line num="614" count="1" type="stmt"/>
        <line num="618" count="2" type="stmt"/>
        <line num="628" count="2" type="stmt"/>
        <line num="633" count="2" type="stmt"/>
        <line num="634" count="2" type="stmt"/>
        <line num="637" count="1" type="stmt"/>
        <line num="638" count="1" type="stmt"/>
        <line num="650" count="1" type="stmt"/>
        <line num="655" count="1" type="stmt"/>
        <line num="661" count="1" type="stmt"/>
        <line num="667" count="1" type="stmt"/>
        <line num="671" count="4" type="stmt"/>
        <line num="672" count="4" type="cond" truecount="4" falsecount="0"/>
        <line num="673" count="2" type="stmt"/>
        <line num="676" count="2" type="stmt"/>
        <line num="678" count="2" type="stmt"/>
        <line num="683" count="2" type="stmt"/>
        <line num="693" count="2" type="cond" truecount="2" falsecount="0"/>
        <line num="694" count="1" type="cond" truecount="1" falsecount="1"/>
        <line num="695" count="1" type="stmt"/>
        <line num="705" count="1" type="stmt"/>
        <line num="714" count="2" type="stmt"/>
        <line num="720" count="2" type="stmt"/>
        <line num="724" count="1" type="stmt"/>
        <line num="728" count="19" type="stmt"/>
        <line num="729" count="19" type="stmt"/>
        <line num="732" count="19" type="stmt"/>
        <line num="736" count="19" type="cond" truecount="2" falsecount="0"/>
        <line num="738" count="9" type="stmt"/>
        <line num="747" count="9" type="stmt"/>
        <line num="748" count="9" type="cond" truecount="4" falsecount="0"/>
        <line num="750" count="2" type="stmt"/>
        <line num="754" count="2" type="cond" truecount="2" falsecount="0"/>
        <line num="756" count="1" type="stmt"/>
        <line num="762" count="1" type="stmt"/>
        <line num="765" count="1" type="stmt"/>
        <line num="771" count="1" type="stmt"/>
        <line num="773" count="2" type="stmt"/>
        <line num="776" count="3" type="cond" truecount="2" falsecount="0"/>
        <line num="777" count="1" type="stmt"/>
        <line num="780" count="2" type="stmt"/>
        <line num="789" count="2" type="cond" truecount="1" falsecount="1"/>
        <line num="791" count="2" type="stmt"/>
        <line num="802" count="2" type="stmt"/>
        <line num="805" count="0" type="stmt"/>
        <line num="812" count="0" type="stmt"/>
        <line num="814" count="2" type="stmt"/>
        <line num="817" count="2" type="cond" truecount="2" falsecount="0"/>
        <line num="818" count="1" type="stmt"/>
        <line num="821" count="1" type="stmt"/>
        <line num="830" count="1" type="cond" truecount="1" falsecount="1"/>
        <line num="832" count="1" type="stmt"/>
        <line num="843" count="1" type="stmt"/>
        <line num="846" count="0" type="stmt"/>
        <line num="853" count="0" type="stmt"/>
        <line num="855" count="1" type="stmt"/>
        <line num="858" count="2" type="cond" truecount="2" falsecount="0"/>
        <line num="859" count="1" type="stmt"/>
        <line num="862" count="1" type="stmt"/>
        <line num="871" count="1" type="cond" truecount="1" falsecount="1"/>
        <line num="873" count="1" type="stmt"/>
        <line num="884" count="1" type="stmt"/>
        <line num="887" count="0" type="stmt"/>
        <line num="894" count="0" type="stmt"/>
        <line num="896" count="1" type="stmt"/>
        <line num="900" count="6" type="stmt"/>
        <line num="902" count="6" type="stmt"/>
        <line num="906" count="10" type="stmt"/>
        <line num="919" count="10" type="stmt"/>
        <line num="920" count="10" type="cond" truecount="4" falsecount="0"/>
        <line num="922" count="1" type="stmt"/>
        <line num="926" count="1" type="cond" truecount="1" falsecount="1"/>
        <line num="928" count="1" type="stmt"/>
        <line num="934" count="1" type="stmt"/>
        <line num="937" count="0" type="stmt"/>
        <line num="943" count="0" type="stmt"/>
        <line num="945" count="1" type="stmt"/>
        <line num="948" count="3" type="cond" truecount="2" falsecount="0"/>
        <line num="950" count="1" type="stmt"/>
        <line num="953" count="2" type="stmt"/>
        <line num="962" count="2" type="cond" truecount="2" falsecount="0"/>
        <line num="964" count="1" type="stmt"/>
        <line num="975" count="1" type="stmt"/>
        <line num="978" count="1" type="stmt"/>
        <line num="985" count="1" type="stmt"/>
        <line num="987" count="2" type="stmt"/>
        <line num="990" count="3" type="cond" truecount="2" falsecount="0"/>
        <line num="992" count="1" type="stmt"/>
        <line num="995" count="2" type="stmt"/>
        <line num="1004" count="2" type="cond" truecount="2" falsecount="0"/>
        <line num="1006" count="1" type="stmt"/>
        <line num="1017" count="1" type="stmt"/>
        <line num="1020" count="1" type="stmt"/>
        <line num="1027" count="1" type="stmt"/>
        <line num="1029" count="2" type="stmt"/>
        <line num="1032" count="3" type="cond" truecount="2" falsecount="0"/>
        <line num="1034" count="1" type="stmt"/>
        <line num="1037" count="2" type="stmt"/>
        <line num="1046" count="2" type="cond" truecount="2" falsecount="0"/>
        <line num="1048" count="1" type="stmt"/>
        <line num="1059" count="1" type="stmt"/>
        <line num="1062" count="1" type="stmt"/>
        <line num="1069" count="1" type="stmt"/>
        <line num="1071" count="2" type="stmt"/>
        <line num="1076" count="7" type="stmt"/>
        <line num="1078" count="7" type="stmt"/>
        <line num="1081" count="1" type="stmt"/>
      </file>
      <file name="tokenService.js" path="C:\Users\daibr\vax\src\services\tokenService.js">
        <metrics statements="34" coveredstatements="34" conditionals="4" coveredconditionals="3" methods="9" coveredmethods="9"/>
        <line num="1" count="2" type="stmt"/>
        <line num="2" count="2" type="stmt"/>
        <line num="4" count="2" type="stmt"/>
        <line num="5" count="2" type="stmt"/>
        <line num="6" count="2" type="stmt"/>
        <line num="7" count="2" type="stmt"/>
        <line num="9" count="2" type="stmt"/>
        <line num="10" count="2" type="stmt"/>
        <line num="12" count="2" type="stmt"/>
        <line num="13" count="10" type="stmt"/>
        <line num="15" count="2" type="stmt"/>
        <line num="16" count="7" type="stmt"/>
        <line num="18" count="2" type="stmt"/>
        <line num="19" count="4" type="stmt"/>
        <line num="21" count="2" type="stmt"/>
        <line num="22" count="4" type="stmt"/>
        <line num="24" count="5" type="stmt"/>
        <line num="29" count="6" type="stmt"/>
        <line num="34" count="2" type="stmt"/>
        <line num="35" count="4" type="stmt"/>
        <line num="36" count="4" type="stmt"/>
        <line num="39" count="3" type="stmt"/>
        <line num="43" count="2" type="cond" truecount="1" falsecount="1"/>
        <line num="44" count="2" type="stmt"/>
        <line num="46" count="2" type="stmt"/>
        <line num="47" count="7" type="stmt"/>
        <line num="52" count="2" type="stmt"/>
        <line num="53" count="8" type="stmt"/>
        <line num="54" count="8" type="stmt"/>
        <line num="55" count="5" type="cond" truecount="2" falsecount="0"/>
        <line num="56" count="1" type="stmt"/>
        <line num="58" count="4" type="stmt"/>
        <line num="60" count="4" type="stmt"/>
        <line num="64" count="2" type="stmt"/>
      </file>
      <file name="vaccineBucketService.js" path="C:\Users\daibr\vax\src\services\vaccineBucketService.js">
        <metrics statements="115" coveredstatements="93" conditionals="90" coveredconditionals="60" methods="12" coveredmethods="9"/>
        <line num="1" count="1" type="stmt"/>
        <line num="2" count="1" type="stmt"/>
        <line num="4" count="1" type="stmt"/>
        <line num="5" count="1" type="stmt"/>
        <line num="6" count="1" type="stmt"/>
        <line num="8" count="1" type="stmt"/>
        <line num="14" count="1" type="stmt"/>
        <line num="15" count="0" type="cond" truecount="0" falsecount="2"/>
        <line num="16" count="0" type="stmt"/>
        <line num="18" count="0" type="stmt"/>
        <line num="21" count="1" type="stmt"/>
        <line num="22" count="2" type="stmt"/>
        <line num="23" count="2" type="stmt"/>
        <line num="24" count="2" type="stmt"/>
        <line num="27" count="1" type="stmt"/>
        <line num="28" count="0" type="cond" truecount="0" falsecount="4"/>
        <line num="29" count="0" type="stmt"/>
        <line num="31" count="0" type="stmt"/>
        <line num="32" count="0" type="cond" truecount="0" falsecount="4"/>
        <line num="34" count="0" type="stmt"/>
        <line num="36" count="0" type="stmt"/>
        <line num="38" count="0" type="stmt"/>
        <line num="40" count="0" type="stmt"/>
        <line num="44" count="1" type="stmt"/>
        <line num="45" count="2" type="stmt"/>
        <line num="47" count="2" type="cond" truecount="1" falsecount="3"/>
        <line num="49" count="0" type="stmt"/>
        <line num="51" count="0" type="stmt"/>
        <line num="53" count="0" type="stmt"/>
        <line num="55" count="2" type="stmt"/>
        <line num="59" count="1" type="stmt"/>
        <line num="60" count="2" type="stmt"/>
        <line num="61" count="2" type="cond" truecount="1" falsecount="1"/>
        <line num="62" count="2" type="cond" truecount="1" falsecount="1"/>
        <line num="63" count="0" type="stmt"/>
        <line num="66" count="2" type="cond" truecount="1" falsecount="1"/>
        <line num="67" count="0" type="stmt"/>
        <line num="68" count="2" type="cond" truecount="1" falsecount="1"/>
        <line num="69" count="0" type="stmt"/>
        <line num="70" count="2" type="cond" truecount="1" falsecount="1"/>
        <line num="71" count="0" type="stmt"/>
        <line num="73" count="2" type="stmt"/>
        <line num="76" count="2" type="stmt"/>
        <line num="79" count="1" type="stmt"/>
        <line num="80" count="4" type="cond" truecount="2" falsecount="2"/>
        <line num="82" count="1" type="cond" truecount="0" falsecount="1"/>
        <line num="83" count="12" type="stmt"/>
        <line num="85" count="1" type="cond" truecount="1" falsecount="1"/>
        <line num="89" count="1" type="stmt"/>
        <line num="90" count="5" type="stmt"/>
        <line num="91" count="5" type="stmt"/>
        <line num="92" count="4" type="cond" truecount="1" falsecount="1"/>
        <line num="93" count="4" type="stmt"/>
        <line num="94" count="4" type="stmt"/>
        <line num="95" count="4" type="cond" truecount="1" falsecount="1"/>
        <line num="96" count="0" type="stmt"/>
        <line num="98" count="4" type="cond" truecount="1" falsecount="1"/>
        <line num="99" count="4" type="stmt"/>
        <line num="105" count="5" type="stmt"/>
        <line num="108" count="1" type="stmt"/>
        <line num="117" count="9" type="stmt"/>
        <line num="118" count="9" type="stmt"/>
        <line num="146" count="9" type="cond" truecount="2" falsecount="0"/>
        <line num="147" count="1" type="stmt"/>
        <line num="150" count="8" type="cond" truecount="2" falsecount="0"/>
        <line num="151" count="4" type="stmt"/>
        <line num="155" count="4" type="stmt"/>
        <line num="159" count="4" type="stmt"/>
        <line num="162" count="4" type="cond" truecount="2" falsecount="0"/>
        <line num="163" count="4" type="cond" truecount="2" falsecount="0"/>
        <line num="165" count="4" type="stmt"/>
        <line num="170" count="4" type="stmt"/>
        <line num="171" count="4" type="stmt"/>
        <line num="172" count="4" type="stmt"/>
        <line num="174" count="4" type="stmt"/>
        <line num="175" count="4" type="stmt"/>
        <line num="177" count="4" type="stmt"/>
        <line num="179" count="4" type="stmt"/>
        <line num="180" count="4" type="cond" truecount="4" falsecount="0"/>
        <line num="181" count="1" type="stmt"/>
        <line num="184" count="3" type="stmt"/>
        <line num="185" count="3" type="cond" truecount="3" falsecount="1"/>
        <line num="186" count="0" type="stmt"/>
        <line num="189" count="3" type="stmt"/>
        <line num="190" count="0" type="stmt"/>
        <line num="193" count="3" type="stmt"/>
        <line num="194" count="3" type="cond" truecount="1" falsecount="1"/>
        <line num="195" count="0" type="stmt"/>
        <line num="198" count="3" type="stmt"/>
        <line num="199" count="3" type="cond" truecount="2" falsecount="0"/>
        <line num="204" count="1" type="stmt"/>
        <line num="207" count="2" type="stmt"/>
        <line num="208" count="2" type="cond" truecount="1" falsecount="1"/>
        <line num="209" count="2" type="cond" truecount="1" falsecount="1"/>
        <line num="211" count="2" type="cond" truecount="3" falsecount="0"/>
        <line num="212" count="2" type="cond" truecount="2" falsecount="0"/>
        <line num="213" count="2" type="stmt"/>
        <line num="220" count="2" type="cond" truecount="2" falsecount="0"/>
        <line num="221" count="1" type="stmt"/>
        <line num="228" count="1" type="cond" truecount="3" falsecount="1"/>
        <line num="229" count="1" type="stmt"/>
        <line num="240" count="4" type="cond" truecount="2" falsecount="0"/>
        <line num="241" count="1" type="stmt"/>
        <line num="247" count="4" type="cond" truecount="2" falsecount="0"/>
        <line num="248" count="1" type="stmt"/>
        <line num="255" count="4" type="cond" truecount="3" falsecount="0"/>
        <line num="259" count="4" type="stmt"/>
        <line num="267" count="1" type="stmt"/>
        <line num="268" count="1" type="stmt"/>
        <line num="283" count="1" type="stmt"/>
        <line num="284" count="1" type="stmt"/>
        <line num="285" count="1" type="stmt"/>
        <line num="287" count="1" type="stmt"/>
        <line num="288" count="2" type="stmt"/>
        <line num="296" count="1" type="stmt"/>
      </file>
    </package>
    <package name="utils">
      <metrics statements="71" coveredstatements="63" conditionals="58" coveredconditionals="44" methods="8" coveredmethods="7"/>
      <file name="accessCode.js" path="C:\Users\daibr\vax\src\utils\accessCode.js">
        <metrics statements="4" coveredstatements="4" conditionals="1" coveredconditionals="1" methods="1" coveredmethods="1"/>
        <line num="2" count="104" type="stmt"/>
        <line num="3" count="104" type="stmt"/>
        <line num="4" count="104" type="stmt"/>
        <line num="7" count="1" type="stmt"/>
      </file>
      <file name="appName.js" path="C:\Users\daibr\vax\src\utils\appName.js">
        <metrics statements="8" coveredstatements="8" conditionals="2" coveredconditionals="2" methods="1" coveredmethods="1"/>
        <line num="1" count="6" type="stmt"/>
        <line num="7" count="6" type="stmt"/>
        <line num="8" count="4" type="stmt"/>
        <line num="9" count="4" type="stmt"/>
        <line num="10" count="3" type="cond" truecount="2" falsecount="0"/>
        <line num="12" count="1" type="stmt"/>
        <line num="13" count="1" type="stmt"/>
        <line num="17" count="6" type="stmt"/>
      </file>
      <file name="permissions.js" path="C:\Users\daibr\vax\src\utils\permissions.js">
        <metrics statements="15" coveredstatements="15" conditionals="12" coveredconditionals="12" methods="3" coveredmethods="3"/>
        <line num="7" count="1" type="stmt"/>
        <line num="8" count="11" type="cond" truecount="4" falsecount="0"/>
        <line num="9" count="2" type="stmt"/>
        <line num="13" count="9" type="cond" truecount="2" falsecount="0"/>
        <line num="14" count="3" type="stmt"/>
        <line num="18" count="6" type="cond" truecount="2" falsecount="0"/>
        <line num="19" count="6" type="stmt"/>
        <line num="27" count="1" type="stmt"/>
        <line num="28" count="3" type="stmt"/>
        <line num="29" count="3" type="cond" truecount="2" falsecount="0"/>
        <line num="30" count="1" type="stmt"/>
        <line num="33" count="2" type="cond" truecount="2" falsecount="0"/>
        <line num="34" count="1" type="stmt"/>
        <line num="37" count="1" type="stmt"/>
        <line num="41" count="1" type="stmt"/>
      </file>
      <file name="vaccineDose.js" path="C:\Users\daibr\vax\src\utils\vaccineDose.js">
        <metrics statements="44" coveredstatements="36" conditionals="43" coveredconditionals="29" methods="3" coveredmethods="2"/>
        <line num="1" count="2" type="stmt"/>
        <line num="7" count="2" type="stmt"/>
        <line num="8" count="0" type="cond" truecount="0" falsecount="2"/>
        <line num="9" count="0" type="stmt"/>
        <line num="12" count="0" type="cond" truecount="0" falsecount="4"/>
        <line num="16" count="0" type="cond" truecount="0" falsecount="2"/>
        <line num="17" count="0" type="stmt"/>
        <line num="20" count="2" type="cond" truecount="0" falsecount="1"/>
        <line num="21" count="4" type="stmt"/>
        <line num="22" count="4" type="stmt"/>
        <line num="24" count="4" type="stmt"/>
        <line num="25" count="4" type="cond" truecount="2" falsecount="1"/>
        <line num="27" count="4" type="stmt"/>
        <line num="28" count="4" type="cond" truecount="2" falsecount="0"/>
        <line num="29" count="4" type="cond" truecount="2" falsecount="0"/>
        <line num="31" count="4" type="cond" truecount="4" falsecount="0"/>
        <line num="37" count="4" type="stmt"/>
        <line num="38" count="4" type="cond" truecount="1" falsecount="1"/>
        <line num="39" count="4" type="stmt"/>
        <line num="41" count="0" type="cond" truecount="0" falsecount="2"/>
        <line num="42" count="0" type="stmt"/>
        <line num="43" count="0" type="stmt"/>
        <line num="46" count="4" type="cond" truecount="2" falsecount="0"/>
        <line num="47" count="1" type="stmt"/>
        <line num="50" count="3" type="cond" truecount="2" falsecount="0"/>
        <line num="51" count="2" type="stmt"/>
        <line num="54" count="3" type="stmt"/>
        <line num="65" count="4" type="stmt"/>
        <line num="70" count="2" type="stmt"/>
        <line num="71" count="6" type="cond" truecount="5" falsecount="0"/>
        <line num="72" count="3" type="stmt"/>
        <line num="75" count="3" type="stmt"/>
        <line num="76" count="3" type="cond" truecount="4" falsecount="0"/>
        <line num="77" count="1" type="stmt"/>
        <line num="80" count="2" type="cond" truecount="2" falsecount="0"/>
        <line num="81" count="1" type="stmt"/>
        <line num="84" count="1" type="stmt"/>
        <line num="85" count="1" type="stmt"/>
        <line num="87" count="1" type="stmt"/>
        <line num="88" count="2" type="cond" truecount="1" falsecount="1"/>
        <line num="89" count="2" type="stmt"/>
        <line num="90" count="2" type="stmt"/>
        <line num="94" count="1" type="stmt"/>
        <line num="97" count="2" type="stmt"/>
      </file>
    </package>
  </project>
</coverage>
