TN:
SF:src\controllers\adviceController.js
FN:8,(anonymous_0)
FN:33,(anonymous_1)
FN:106,(anonymous_2)
FN:194,(anonymous_3)
FNF:4
FNH:4
FNDA:3,(anonymous_0)
FNDA:8,(anonymous_1)
FNDA:7,(anonymous_2)
FNDA:4,(anonymous_3)
DA:1,1
DA:2,1
DA:8,1
DA:9,3
DA:10,1
DA:13,2
DA:14,2
DA:20,1
DA:25,1
DA:33,1
DA:34,8
DA:35,1
DA:38,7
DA:39,7
DA:41,7
DA:42,1
DA:48,6
DA:49,6
DA:50,6
DA:52,6
DA:53,1
DA:58,5
DA:72,4
DA:96,4
DA:98,1
DA:106,1
DA:107,7
DA:108,1
DA:111,6
DA:112,6
DA:113,6
DA:115,6
DA:119,5
DA:120,1
DA:124,4
DA:125,4
DA:126,4
DA:128,4
DA:129,1
DA:134,3
DA:149,3
DA:184,3
DA:186,1
DA:194,1
DA:195,4
DA:196,1
DA:199,3
DA:200,3
DA:202,3
DA:206,2
DA:207,1
DA:210,1
DA:214,1
DA:215,0
DA:218,1
DA:223,1
DA:242,1
DA:244,1
DA:248,1
LF:59
LH:58
BRDA:9,0,0,1
BRDA:9,0,1,2
BRDA:34,1,0,1
BRDA:34,1,1,7
BRDA:41,2,0,1
BRDA:41,2,1,6
BRDA:41,3,0,7
BRDA:41,3,1,6
BRDA:48,4,0,6
BRDA:48,4,1,2
BRDA:49,5,0,6
BRDA:49,5,1,3
BRDA:50,6,0,6
BRDA:50,6,1,3
BRDA:52,7,0,1
BRDA:52,7,1,5
BRDA:52,8,0,6
BRDA:52,8,1,2
BRDA:52,8,2,1
BRDA:62,9,0,5
BRDA:62,9,1,4
BRDA:63,10,0,5
BRDA:63,10,1,3
BRDA:64,11,0,2
BRDA:64,11,1,3
BRDA:64,12,0,5
BRDA:64,12,1,2
BRDA:64,13,0,1
BRDA:64,13,1,1
BRDA:65,14,0,2
BRDA:65,14,1,3
BRDA:65,15,0,5
BRDA:65,15,1,2
BRDA:65,16,0,1
BRDA:65,16,1,1
BRDA:66,17,0,1
BRDA:66,17,1,4
BRDA:66,18,0,5
BRDA:66,18,1,1
BRDA:66,19,0,0
BRDA:66,19,1,1
BRDA:67,20,0,0
BRDA:67,20,1,5
BRDA:107,21,0,1
BRDA:107,21,1,6
BRDA:119,22,0,1
BRDA:119,22,1,4
BRDA:124,23,0,4
BRDA:124,23,1,4
BRDA:125,24,0,4
BRDA:125,24,1,4
BRDA:126,25,0,4
BRDA:126,25,1,4
BRDA:128,26,0,1
BRDA:128,26,1,3
BRDA:128,27,0,4
BRDA:128,27,1,1
BRDA:128,27,2,0
BRDA:137,28,0,3
BRDA:137,28,1,2
BRDA:138,29,0,3
BRDA:138,29,1,1
BRDA:139,30,0,3
BRDA:139,30,1,0
BRDA:139,31,0,0
BRDA:139,31,1,0
BRDA:140,32,0,3
BRDA:140,32,1,0
BRDA:140,33,0,0
BRDA:140,33,1,0
BRDA:141,34,0,3
BRDA:141,34,1,1
BRDA:141,35,0,1
BRDA:141,35,1,0
BRDA:141,36,0,1
BRDA:141,36,1,0
BRDA:142,37,0,3
BRDA:142,37,1,1
BRDA:142,38,0,1
BRDA:142,38,1,0
BRDA:142,39,0,1
BRDA:142,39,1,0
BRDA:143,40,0,3
BRDA:143,40,1,0
BRDA:143,41,0,0
BRDA:143,41,1,0
BRDA:143,42,0,0
BRDA:143,42,1,0
BRDA:144,43,0,3
BRDA:144,43,1,0
BRDA:195,44,0,1
BRDA:195,44,1,3
BRDA:206,45,0,1
BRDA:206,45,1,1
BRDA:214,46,0,0
BRDA:214,46,1,1
BRF:96
BRH:76
end_of_record
TN:
SF:src\controllers\authController.js
FN:12,(anonymous_0)
FN:16,(anonymous_1)
FN:103,(anonymous_2)
FN:145,(anonymous_3)
FN:155,(anonymous_4)
FN:166,(anonymous_5)
FN:211,(anonymous_6)
FN:261,(anonymous_7)
FN:285,(anonymous_8)
FN:342,(anonymous_9)
FN:410,(anonymous_10)
FN:465,(anonymous_11)
FNF:12
FNH:8
FNDA:0,(anonymous_0)
FNDA:11,(anonymous_1)
FNDA:2,(anonymous_2)
FNDA:0,(anonymous_3)
FNDA:0,(anonymous_4)
FNDA:0,(anonymous_5)
FNDA:6,(anonymous_6)
FNDA:1,(anonymous_7)
FNDA:6,(anonymous_8)
FNDA:8,(anonymous_9)
FNDA:4,(anonymous_10)
FNDA:10,(anonymous_11)
DA:1,1
DA:2,1
DA:3,1
DA:4,1
DA:5,1
DA:8,1
DA:9,1
DA:10,1
DA:12,1
DA:13,0
DA:16,1
DA:17,11
DA:18,11
DA:20,11
DA:21,2
DA:24,9
DA:60,9
DA:62,9
DA:63,0
DA:72,0
DA:74,9
DA:80,9
DA:81,1
DA:84,8
DA:85,8
DA:86,9
DA:87,0
DA:90,9
DA:91,9
DA:92,8
DA:96,8
DA:97,1
DA:100,7
DA:101,1
DA:103,2
DA:119,6
DA:122,6
DA:123,1
DA:128,5
DA:129,1
DA:134,4
DA:135,1
DA:140,3
DA:142,3
DA:143,0
DA:144,0
DA:145,0
DA:153,3
DA:154,1
DA:155,1
DA:156,0
DA:163,1
DA:164,1
DA:167,0
DA:176,3
DA:182,3
DA:183,3
DA:186,3
DA:205,3
DA:207,0
DA:211,1
DA:212,6
DA:213,6
DA:215,6
DA:216,1
DA:221,5
DA:222,5
DA:224,1
DA:228,4
DA:238,3
DA:239,2
DA:243,1
DA:249,1
DA:250,1
DA:252,1
DA:257,1
DA:261,1
DA:262,1
DA:264,1
DA:265,0
DA:278,1
DA:280,0
DA:285,1
DA:286,6
DA:287,6
DA:289,6
DA:290,1
DA:293,5
DA:299,4
DA:300,2
DA:306,2
DA:307,2
DA:308,2
DA:311,2
DA:321,2
DA:322,2
DA:328,1
DA:332,2
DA:337,1
DA:342,1
DA:343,8
DA:344,8
DA:346,8
DA:347,2
DA:350,6
DA:360,5
DA:361,1
DA:365,4
DA:366,1
DA:373,3
DA:374,1
DA:381,2
DA:383,1
DA:390,1
DA:391,1
DA:398,1
DA:400,1
DA:405,1
DA:410,1
DA:411,4
DA:412,4
DA:414,4
DA:415,1
DA:418,3
DA:424,2
DA:425,1
DA:431,1
DA:432,1
DA:433,1
DA:436,1
DA:446,1
DA:447,1
DA:453,0
DA:456,1
DA:460,1
DA:465,1
DA:466,10
DA:467,10
DA:469,10
DA:470,3
DA:473,7
DA:474,1
DA:477,6
DA:478,1
DA:483,5
DA:484,5
DA:485,4
DA:487,1
DA:491,4
DA:500,3
DA:501,1
DA:505,2
DA:506,1
DA:512,1
DA:515,1
DA:525,1
DA:529,1
DA:533,1
LF:158
LH:145
BRDA:18,0,0,11
BRDA:18,0,1,0
BRDA:20,1,0,2
BRDA:20,1,1,9
BRDA:20,2,0,11
BRDA:20,2,1,10
BRDA:62,3,0,0
BRDA:62,3,1,9
BRDA:72,4,0,0
BRDA:72,4,1,0
BRDA:80,5,0,1
BRDA:80,5,1,8
BRDA:86,6,0,0
BRDA:86,6,1,9
BRDA:91,7,0,8
BRDA:91,7,1,1
BRDA:96,8,0,1
BRDA:96,8,1,7
BRDA:100,9,0,1
BRDA:100,9,1,6
BRDA:100,10,0,7
BRDA:100,10,1,1
BRDA:106,11,0,0
BRDA:106,11,1,2
BRDA:109,12,0,1
BRDA:109,12,1,1
BRDA:112,13,0,1
BRDA:112,13,1,1
BRDA:122,14,0,1
BRDA:122,14,1,5
BRDA:122,15,0,6
BRDA:122,15,1,2
BRDA:128,16,0,1
BRDA:128,16,1,4
BRDA:128,17,0,5
BRDA:128,17,1,2
BRDA:134,18,0,1
BRDA:134,18,1,3
BRDA:134,19,0,4
BRDA:134,19,1,2
BRDA:142,20,0,0
BRDA:142,20,1,3
BRDA:153,21,0,1
BRDA:153,21,1,2
BRDA:153,22,0,3
BRDA:153,22,1,1
BRDA:163,23,0,1
BRDA:163,23,1,0
BRDA:199,24,0,1
BRDA:199,24,1,2
BRDA:200,25,0,1
BRDA:200,25,1,2
BRDA:201,26,0,1
BRDA:201,26,1,2
BRDA:215,27,0,1
BRDA:215,27,1,5
BRDA:238,28,0,2
BRDA:238,28,1,1
BRDA:238,29,0,3
BRDA:238,29,1,2
BRDA:264,30,0,0
BRDA:264,30,1,1
BRDA:287,31,0,6
BRDA:287,31,1,0
BRDA:289,32,0,1
BRDA:289,32,1,5
BRDA:299,33,0,2
BRDA:299,33,1,2
BRDA:299,34,0,4
BRDA:299,34,1,3
BRDA:344,35,0,8
BRDA:344,35,1,0
BRDA:346,36,0,2
BRDA:346,36,1,6
BRDA:346,37,0,8
BRDA:346,37,1,7
BRDA:360,38,0,1
BRDA:360,38,1,4
BRDA:365,39,0,1
BRDA:365,39,1,3
BRDA:365,40,0,4
BRDA:365,40,1,4
BRDA:373,41,0,1
BRDA:373,41,1,2
BRDA:381,42,0,1
BRDA:381,42,1,1
BRDA:392,43,0,1
BRDA:392,43,1,0
BRDA:412,44,0,4
BRDA:412,44,1,0
BRDA:414,45,0,1
BRDA:414,45,1,3
BRDA:424,46,0,1
BRDA:424,46,1,1
BRDA:424,47,0,2
BRDA:424,47,1,1
BRDA:467,48,0,10
BRDA:467,48,1,0
BRDA:469,49,0,3
BRDA:469,49,1,7
BRDA:469,50,0,10
BRDA:469,50,1,9
BRDA:469,50,2,8
BRDA:473,51,0,1
BRDA:473,51,1,6
BRDA:477,52,0,1
BRDA:477,52,1,5
BRDA:500,53,0,1
BRDA:500,53,1,2
BRDA:505,54,0,1
BRDA:505,54,1,1
BRDA:505,55,0,2
BRDA:505,55,1,2
BRF:113
BRH:99
end_of_record
TN:
SF:src\controllers\campaignController.js
FN:5,(anonymous_0)
FN:58,(anonymous_1)
FN:116,(anonymous_2)
FN:132,(anonymous_3)
FN:196,(anonymous_4)
FN:299,(anonymous_5)
FN:357,(anonymous_6)
FN:442,(anonymous_7)
FN:469,(anonymous_8)
FN:502,(anonymous_9)
FNF:10
FNH:10
FNDA:6,(anonymous_0)
FNDA:9,(anonymous_1)
FNDA:1,(anonymous_2)
FNDA:2,(anonymous_3)
FNDA:7,(anonymous_4)
FNDA:5,(anonymous_5)
FNDA:13,(anonymous_6)
FNDA:1,(anonymous_7)
FNDA:8,(anonymous_8)
FNDA:3,(anonymous_9)
DA:1,1
DA:2,1
DA:3,1
DA:5,1
DA:6,6
DA:7,6
DA:10,6
DA:11,1
DA:12,5
DA:14,3
DA:15,1
DA:18,2
DA:29,2
DA:30,1
DA:33,1
DA:36,4
DA:51,3
DA:53,1
DA:54,1
DA:58,1
DA:59,9
DA:60,1
DA:63,8
DA:64,8
DA:66,8
DA:67,1
DA:72,7
DA:75,7
DA:76,2
DA:77,1
DA:81,1
DA:82,5
DA:83,1
DA:87,5
DA:91,4
DA:92,1
DA:95,3
DA:116,3
DA:117,1
DA:119,1
DA:132,2
DA:134,1
DA:135,1
DA:147,1
DA:148,2
DA:149,2
DA:154,0
DA:159,1
DA:162,0
DA:168,3
DA:190,3
DA:192,1
DA:196,1
DA:197,7
DA:198,1
DA:201,6
DA:202,6
DA:203,6
DA:205,6
DA:212,5
DA:213,1
DA:217,4
DA:218,1
DA:219,1
DA:225,3
DA:227,3
DA:228,0
DA:229,3
DA:231,2
DA:235,2
DA:236,1
DA:240,2
DA:262,2
DA:293,2
DA:295,1
DA:299,1
DA:300,5
DA:301,1
DA:304,4
DA:305,4
DA:307,4
DA:311,3
DA:312,1
DA:316,2
DA:317,1
DA:318,1
DA:324,1
DA:329,1
DA:351,1
DA:353,1
DA:357,1
DA:358,13
DA:359,1
DA:362,12
DA:363,12
DA:367,12
DA:369,4
DA:370,4
DA:373,4
DA:374,4
DA:375,2
DA:376,2
DA:382,1
DA:384,1
DA:390,8
DA:391,8
DA:393,8
DA:394,1
DA:399,7
DA:400,1
DA:406,9
DA:410,8
DA:411,1
DA:415,7
DA:416,1
DA:417,1
DA:423,6
DA:426,6
DA:427,6
DA:429,1
DA:430,1
DA:433,6
DA:434,1
DA:439,5
DA:442,5
DA:443,1
DA:448,4
DA:463,4
DA:465,1
DA:469,1
DA:470,8
DA:471,1
DA:474,7
DA:475,7
DA:476,7
DA:478,7
DA:479,1
DA:484,6
DA:488,5
DA:489,1
DA:493,4
DA:494,1
DA:495,1
DA:501,3
DA:502,3
DA:504,3
DA:505,2
DA:510,1
DA:525,1
DA:527,1
DA:531,1
LF:151
LH:148
BRDA:10,0,0,1
BRDA:10,0,1,5
BRDA:10,1,0,6
BRDA:10,1,1,1
BRDA:12,2,0,3
BRDA:12,2,1,2
BRDA:14,3,0,1
BRDA:14,3,1,2
BRDA:29,4,0,1
BRDA:29,4,1,1
BRDA:59,5,0,1
BRDA:59,5,1,8
BRDA:59,6,0,9
BRDA:59,6,1,3
BRDA:66,7,0,1
BRDA:66,7,1,7
BRDA:66,8,0,8
BRDA:66,8,1,7
BRDA:66,8,2,7
BRDA:75,9,0,2
BRDA:75,9,1,5
BRDA:76,10,0,1
BRDA:76,10,1,1
BRDA:82,11,0,1
BRDA:82,11,1,4
BRDA:91,12,0,1
BRDA:91,12,1,3
BRDA:98,13,0,3
BRDA:98,13,1,2
BRDA:134,14,0,1
BRDA:134,14,1,0
BRDA:197,15,0,1
BRDA:197,15,1,6
BRDA:197,16,0,7
BRDA:197,16,1,2
BRDA:212,17,0,1
BRDA:212,17,1,4
BRDA:217,18,0,1
BRDA:217,18,1,3
BRDA:218,19,0,1
BRDA:218,19,1,0
BRDA:218,20,0,1
BRDA:218,20,1,1
BRDA:225,21,0,3
BRDA:225,21,1,1
BRDA:227,22,0,0
BRDA:227,22,1,3
BRDA:229,23,0,2
BRDA:229,23,1,1
BRDA:229,24,0,3
BRDA:229,24,1,2
BRDA:235,25,0,1
BRDA:235,25,1,1
BRDA:243,26,0,2
BRDA:243,26,1,1
BRDA:244,27,0,2
BRDA:244,27,1,1
BRDA:245,28,0,1
BRDA:245,28,1,0
BRDA:247,29,0,2
BRDA:247,29,1,0
BRDA:248,30,0,2
BRDA:248,30,1,0
BRDA:249,31,0,2
BRDA:249,31,1,1
BRDA:300,32,0,1
BRDA:300,32,1,4
BRDA:300,33,0,5
BRDA:300,33,1,2
BRDA:311,34,0,1
BRDA:311,34,1,2
BRDA:316,35,0,1
BRDA:316,35,1,1
BRDA:317,36,0,1
BRDA:317,36,1,0
BRDA:317,37,0,1
BRDA:317,37,1,1
BRDA:358,38,0,1
BRDA:358,38,1,12
BRDA:358,39,0,13
BRDA:358,39,1,2
BRDA:367,40,0,4
BRDA:367,40,1,8
BRDA:374,41,0,2
BRDA:374,41,1,2
BRDA:376,42,0,1
BRDA:376,42,1,1
BRDA:377,43,0,2
BRDA:377,43,1,1
BRDA:377,43,2,1
BRDA:377,43,3,1
BRDA:393,44,0,1
BRDA:393,44,1,7
BRDA:393,45,0,8
BRDA:393,45,1,8
BRDA:399,46,0,1
BRDA:399,46,1,6
BRDA:410,47,0,1
BRDA:410,47,1,7
BRDA:415,48,0,1
BRDA:415,48,1,6
BRDA:416,49,0,1
BRDA:416,49,1,0
BRDA:416,50,0,1
BRDA:416,50,1,1
BRDA:423,51,0,6
BRDA:423,51,1,0
BRDA:426,52,0,6
BRDA:426,52,1,2
BRDA:427,53,0,1
BRDA:427,53,1,5
BRDA:427,54,0,6
BRDA:427,54,1,2
BRDA:433,55,0,1
BRDA:433,55,1,5
BRDA:442,56,0,1
BRDA:442,56,1,4
BRDA:470,57,0,1
BRDA:470,57,1,7
BRDA:470,58,0,8
BRDA:470,58,1,2
BRDA:478,59,0,1
BRDA:478,59,1,6
BRDA:488,60,0,1
BRDA:488,60,1,4
BRDA:493,61,0,1
BRDA:493,61,1,3
BRDA:494,62,0,1
BRDA:494,62,1,0
BRDA:494,63,0,1
BRDA:494,63,1,1
BRDA:501,64,0,2
BRDA:501,64,1,1
BRDA:504,65,0,2
BRDA:504,65,1,1
BRF:135
BRH:125
end_of_record
TN:
SF:src\controllers\childrenController.js
FN:11,(anonymous_0)
FN:40,(anonymous_1)
FN:48,(anonymous_2)
FN:77,(anonymous_3)
FN:89,(anonymous_4)
FN:96,(anonymous_5)
FN:104,(anonymous_6)
FN:119,(anonymous_7)
FN:134,(anonymous_8)
FN:145,(anonymous_9)
FN:156,(anonymous_10)
FN:181,(anonymous_11)
FN:217,(anonymous_12)
FN:239,(anonymous_13)
FN:272,(anonymous_14)
FN:299,(anonymous_15)
FN:345,(anonymous_16)
FN:346,(anonymous_17)
FN:350,(anonymous_18)
FN:351,(anonymous_19)
FN:355,(anonymous_20)
FN:356,(anonymous_21)
FN:360,(anonymous_22)
FN:361,(anonymous_23)
FN:365,(anonymous_24)
FN:388,(anonymous_25)
FN:397,(anonymous_26)
FN:399,(anonymous_27)
FN:412,(anonymous_28)
FN:423,(anonymous_29)
FN:430,(anonymous_30)
FN:437,(anonymous_31)
FN:474,(anonymous_32)
FN:506,(anonymous_33)
FN:519,(anonymous_34)
FN:556,(anonymous_35)
FN:750,(anonymous_36)
FN:780,(anonymous_37)
FN:835,(anonymous_38)
FN:855,(anonymous_39)
FN:1009,(anonymous_40)
FN:1106,(anonymous_41)
FN:1119,(anonymous_42)
FN:1131,(anonymous_43)
FN:1140,(anonymous_44)
FN:1149,(anonymous_45)
FN:1168,(anonymous_46)
FN:1203,(anonymous_47)
FN:1248,(anonymous_48)
FN:1284,(anonymous_49)
FN:1365,(anonymous_50)
FN:1402,(anonymous_51)
FN:1417,(anonymous_52)
FN:1445,(anonymous_53)
FN:1452,(anonymous_54)
FN:1498,(anonymous_55)
FN:1522,(anonymous_56)
FN:1621,(anonymous_57)
FNF:58
FNH:50
FNDA:12,(anonymous_0)
FNDA:34,(anonymous_1)
FNDA:34,(anonymous_2)
FNDA:32,(anonymous_3)
FNDA:22,(anonymous_4)
FNDA:4,(anonymous_5)
FNDA:12,(anonymous_6)
FNDA:8,(anonymous_7)
FNDA:12,(anonymous_8)
FNDA:8,(anonymous_9)
FNDA:4,(anonymous_10)
FNDA:2,(anonymous_11)
FNDA:8,(anonymous_12)
FNDA:4,(anonymous_13)
FNDA:4,(anonymous_14)
FNDA:2,(anonymous_15)
FNDA:4,(anonymous_16)
FNDA:2,(anonymous_17)
FNDA:4,(anonymous_18)
FNDA:2,(anonymous_19)
FNDA:4,(anonymous_20)
FNDA:2,(anonymous_21)
FNDA:4,(anonymous_22)
FNDA:2,(anonymous_23)
FNDA:16,(anonymous_24)
FNDA:4,(anonymous_25)
FNDA:4,(anonymous_26)
FNDA:0,(anonymous_27)
FNDA:0,(anonymous_28)
FNDA:1,(anonymous_29)
FNDA:0,(anonymous_30)
FNDA:0,(anonymous_31)
FNDA:6,(anonymous_32)
FNDA:3,(anonymous_33)
FNDA:3,(anonymous_34)
FNDA:3,(anonymous_35)
FNDA:3,(anonymous_36)
FNDA:4,(anonymous_37)
FNDA:1,(anonymous_38)
FNDA:9,(anonymous_39)
FNDA:4,(anonymous_40)
FNDA:1,(anonymous_41)
FNDA:0,(anonymous_42)
FNDA:0,(anonymous_43)
FNDA:0,(anonymous_44)
FNDA:0,(anonymous_45)
FNDA:28,(anonymous_46)
FNDA:20,(anonymous_47)
FNDA:12,(anonymous_48)
FNDA:7,(anonymous_49)
FNDA:3,(anonymous_50)
FNDA:2,(anonymous_51)
FNDA:6,(anonymous_52)
FNDA:1,(anonymous_53)
FNDA:1,(anonymous_54)
FNDA:1,(anonymous_55)
FNDA:6,(anonymous_56)
FNDA:5,(anonymous_57)
DA:1,1
DA:2,1
DA:3,1
DA:6,1
DA:7,1
DA:8,1
DA:9,1
DA:11,1
DA:12,12
DA:13,12
DA:14,12
DA:17,1
DA:40,1
DA:41,34
DA:42,34
DA:44,34
DA:45,34
DA:48,1
DA:49,34
DA:50,0
DA:52,34
DA:54,34
DA:57,28
DA:59,0
DA:63,0
DA:67,6
DA:73,0
DA:77,1
DA:78,32
DA:79,0
DA:82,32
DA:83,28
DA:86,4
DA:89,1
DA:90,22
DA:91,4
DA:93,18
DA:96,1
DA:97,4
DA:98,2
DA:100,2
DA:101,2
DA:104,1
DA:105,12
DA:106,0
DA:107,0
DA:109,0
DA:112,12
DA:113,12
DA:114,0
DA:116,12
DA:119,1
DA:120,8
DA:121,0
DA:122,0
DA:124,0
DA:127,8
DA:128,8
DA:129,0
DA:131,8
DA:134,1
DA:135,12
DA:139,12
DA:140,4
DA:142,8
DA:145,1
DA:146,8
DA:150,8
DA:151,0
DA:153,8
DA:156,1
DA:157,4
DA:158,3
DA:160,2
DA:164,2
DA:166,2
DA:170,2
DA:172,2
DA:181,1
DA:182,2
DA:184,2
DA:185,0
DA:186,0
DA:187,0
DA:190,2
DA:191,0
DA:195,0
DA:196,0
DA:199,2
DA:200,0
DA:206,2
DA:207,1
DA:210,2
DA:211,1
DA:214,1
DA:217,1
DA:218,8
DA:219,6
DA:221,4
DA:225,4
DA:227,4
DA:228,4
DA:230,4
DA:239,1
DA:240,4
DA:242,4
DA:243,0
DA:244,0
DA:245,0
DA:248,4
DA:249,0
DA:253,0
DA:254,0
DA:257,4
DA:258,0
DA:261,4
DA:262,2
DA:265,4
DA:266,2
DA:269,2
DA:272,1
DA:273,4
DA:274,3
DA:276,2
DA:277,2
DA:278,2
DA:281,2
DA:285,2
DA:287,2
DA:289,2
DA:299,1
DA:300,2
DA:302,2
DA:303,0
DA:304,0
DA:305,0
DA:308,2
DA:309,0
DA:310,0
DA:311,0
DA:313,0
DA:316,2
DA:317,0
DA:323,2
DA:324,1
DA:327,2
DA:328,0
DA:329,0
DA:330,0
DA:332,0
DA:335,2
DA:336,1
DA:339,1
DA:342,1
DA:345,4
DA:346,2
DA:350,4
DA:351,2
DA:355,4
DA:356,2
DA:360,4
DA:361,2
DA:365,1
DA:366,16
DA:367,12
DA:369,4
DA:370,4
DA:374,0
DA:375,0
DA:379,0
DA:388,1
DA:390,4
DA:391,3
DA:394,1
DA:397,1
DA:399,4
DA:412,4
DA:423,4
DA:430,4
DA:437,4
DA:447,4
DA:474,1
DA:475,6
DA:476,1
DA:479,5
DA:480,1
DA:494,4
DA:496,4
DA:498,4
DA:499,4
DA:501,4
DA:502,4
DA:503,4
DA:504,4
DA:506,4
DA:507,3
DA:509,0
DA:511,3
DA:513,0
DA:515,0
DA:519,4
DA:520,3
DA:521,3
DA:522,3
DA:523,0
DA:524,3
DA:525,3
DA:526,0
DA:527,0
DA:529,0
DA:531,3
DA:534,4
DA:535,4
DA:552,3
DA:556,3
DA:557,3
DA:576,3
DA:577,3
DA:578,3
DA:580,3
DA:581,3
DA:583,3
DA:589,3
DA:592,3
DA:594,3
DA:595,0
DA:596,0
DA:597,0
DA:598,0
DA:600,0
DA:601,0
DA:604,0
DA:607,0
DA:608,0
DA:610,0
DA:618,3
DA:619,3
DA:620,4
DA:621,4
DA:622,0
DA:624,4
DA:625,0
DA:628,4
DA:631,4
DA:632,0
DA:634,4
DA:641,4
DA:646,3
DA:647,0
DA:653,3
DA:654,3
DA:660,3
DA:661,3
DA:668,3
DA:669,3
DA:671,0
DA:675,3
DA:724,3
DA:727,3
DA:750,3
DA:751,3
DA:752,3
DA:760,3
DA:764,3
DA:765,3
DA:772,0
DA:776,1
DA:780,1
DA:781,4
DA:782,1
DA:785,3
DA:786,3
DA:787,3
DA:789,3
DA:793,2
DA:794,1
DA:797,1
DA:807,1
DA:835,1
DA:836,1
DA:837,1
DA:845,1
DA:849,1
DA:851,1
DA:855,1
DA:856,9
DA:857,1
DA:860,8
DA:861,8
DA:864,8
DA:865,8
DA:866,1
DA:867,7
DA:868,1
DA:873,8
DA:874,0
DA:876,0
DA:877,0
DA:878,0
DA:879,0
DA:882,0
DA:883,0
DA:894,8
DA:895,2
DA:900,2
DA:901,1
DA:904,1
DA:916,7
DA:917,1
DA:922,1
DA:923,0
DA:926,1
DA:934,7
DA:935,1
DA:940,1
DA:941,0
DA:944,1
DA:950,7
DA:999,6
DA:1004,1
DA:1005,1
DA:1009,1
DA:1010,4
DA:1012,4
DA:1013,4
DA:1081,3
DA:1082,1
DA:1085,2
DA:1086,1
DA:1089,1
DA:1106,1
DA:1119,0
DA:1131,0
DA:1140,0
DA:1149,0
DA:1164,1
DA:1168,1
DA:1169,28
DA:1170,28
DA:1172,28
DA:1173,4
DA:1176,24
DA:1177,24
DA:1182,24
DA:1183,4
DA:1186,20
DA:1187,4
DA:1190,16
DA:1195,8
DA:1197,4
DA:1199,12
DA:1203,1
DA:1204,20
DA:1205,20
DA:1207,20
DA:1208,4
DA:1211,16
DA:1212,16
DA:1221,16
DA:1222,8
DA:1225,8
DA:1226,0
DA:1229,8
DA:1231,4
DA:1232,0
DA:1237,4
DA:1242,4
DA:1244,4
DA:1248,1
DA:1249,12
DA:1250,12
DA:1252,12
DA:1253,4
DA:1256,8
DA:1257,8
DA:1266,8
DA:1267,4
DA:1270,4
DA:1271,0
DA:1274,4
DA:1278,4
DA:1280,0
DA:1284,1
DA:1285,7
DA:1288,1
DA:1292,6
DA:1293,1
DA:1294,1
DA:1298,5
DA:1299,5
DA:1301,5
DA:1302,2
DA:1307,2
DA:1308,1
DA:1311,1
DA:1320,3
DA:1322,0
DA:1323,0
DA:1326,0
DA:1331,3
DA:1333,0
DA:1334,0
DA:1337,0
DA:1342,4
DA:1363,3
DA:1365,3
DA:1367,3
DA:1369,3
DA:1371,3
DA:1372,2
DA:1381,3
DA:1382,3
DA:1394,3
DA:1395,3
DA:1397,3
DA:1398,3
DA:1402,3
DA:1411,3
DA:1413,1
DA:1417,1
DA:1418,6
DA:1419,2
DA:1422,4
DA:1423,4
DA:1425,4
DA:1435,3
DA:1436,1
DA:1440,2
DA:1441,1
DA:1445,1
DA:1447,1
DA:1452,1
DA:1453,1
DA:1454,1
DA:1460,1
DA:1461,1
DA:1462,1
DA:1463,1
DA:1464,1
DA:1467,1
DA:1470,1
DA:1473,1
DA:1477,1
DA:1498,1
DA:1499,1
DA:1500,1
DA:1508,1
DA:1512,1
DA:1514,1
DA:1522,1
DA:1523,6
DA:1524,6
DA:1527,6
DA:1528,1
DA:1531,5
DA:1552,4
DA:1553,1
DA:1557,3
DA:1558,3
DA:1559,0
DA:1560,3
DA:1561,0
DA:1562,0
DA:1563,3
DA:1564,0
DA:1565,0
DA:1566,3
DA:1567,3
DA:1571,3
DA:1572,1
DA:1576,2
DA:1585,2
DA:1586,2
DA:1587,2
DA:1588,2
DA:1589,2
DA:1590,2
DA:1593,1
DA:1594,1
DA:1599,0
DA:1603,1
DA:1607,2
DA:1613,1
DA:1621,1
DA:1622,5
DA:1623,5
DA:1626,5
DA:1627,1
DA:1630,4
DA:1651,3
DA:1652,1
DA:1656,2
DA:1657,2
DA:1658,0
DA:1659,2
DA:1660,0
DA:1661,0
DA:1662,2
DA:1663,0
DA:1664,0
DA:1665,2
DA:1666,2
DA:1670,2
DA:1671,1
DA:1675,1
DA:1684,1
DA:1685,1
DA:1686,1
DA:1687,1
DA:1688,1
DA:1690,0
DA:1694,1
DA:1700,1
DA:1704,1
LF:514
LH:413
BRDA:11,0,0,8
BRDA:41,1,0,34
BRDA:41,1,1,0
BRDA:42,2,0,34
BRDA:42,2,1,1
BRDA:44,3,0,34
BRDA:44,3,1,0
BRDA:49,4,0,0
BRDA:49,4,1,34
BRDA:54,5,0,0
BRDA:54,5,1,28
BRDA:54,5,2,0
BRDA:54,5,3,0
BRDA:54,5,4,6
BRDA:54,5,5,0
BRDA:60,6,0,0
BRDA:60,6,1,0
BRDA:60,6,2,0
BRDA:64,7,0,0
BRDA:64,7,1,0
BRDA:64,7,2,0
BRDA:68,8,0,6
BRDA:68,8,1,6
BRDA:68,8,2,6
BRDA:78,9,0,0
BRDA:78,9,1,32
BRDA:82,10,0,28
BRDA:82,10,1,4
BRDA:86,11,0,4
BRDA:86,11,1,4
BRDA:90,12,0,4
BRDA:90,12,1,18
BRDA:90,13,0,22
BRDA:90,13,1,18
BRDA:97,14,0,2
BRDA:97,14,1,2
BRDA:101,15,0,2
BRDA:101,15,1,0
BRDA:104,16,0,12
BRDA:104,17,0,12
BRDA:105,18,0,0
BRDA:105,18,1,12
BRDA:105,19,0,12
BRDA:105,19,1,12
BRDA:105,19,2,12
BRDA:106,20,0,0
BRDA:106,20,1,0
BRDA:113,21,0,0
BRDA:113,21,1,12
BRDA:113,22,0,12
BRDA:113,22,1,12
BRDA:119,23,0,8
BRDA:119,24,0,8
BRDA:120,25,0,0
BRDA:120,25,1,8
BRDA:120,26,0,8
BRDA:120,26,1,8
BRDA:120,26,2,8
BRDA:121,27,0,0
BRDA:121,27,1,0
BRDA:128,28,0,0
BRDA:128,28,1,8
BRDA:139,29,0,4
BRDA:139,29,1,8
BRDA:150,30,0,0
BRDA:150,30,1,8
BRDA:184,31,0,0
BRDA:184,31,1,2
BRDA:190,32,0,0
BRDA:190,32,1,2
BRDA:199,33,0,0
BRDA:199,33,1,2
BRDA:206,34,0,1
BRDA:206,34,1,1
BRDA:210,35,0,1
BRDA:210,35,1,1
BRDA:242,36,0,0
BRDA:242,36,1,4
BRDA:248,37,0,0
BRDA:248,37,1,4
BRDA:257,38,0,0
BRDA:257,38,1,4
BRDA:261,39,0,2
BRDA:261,39,1,2
BRDA:265,40,0,2
BRDA:265,40,1,2
BRDA:277,41,0,2
BRDA:277,41,1,0
BRDA:287,42,0,2
BRDA:287,42,1,2
BRDA:302,43,0,0
BRDA:302,43,1,2
BRDA:308,44,0,0
BRDA:308,44,1,2
BRDA:310,45,0,0
BRDA:310,45,1,0
BRDA:316,46,0,0
BRDA:316,46,1,2
BRDA:323,47,0,1
BRDA:323,47,1,1
BRDA:327,48,0,0
BRDA:327,48,1,2
BRDA:329,49,0,0
BRDA:329,49,1,0
BRDA:335,50,0,1
BRDA:335,50,1,1
BRDA:366,51,0,12
BRDA:366,51,1,4
BRDA:369,52,0,4
BRDA:369,52,1,0
BRDA:374,53,0,0
BRDA:374,53,1,0
BRDA:390,54,0,3
BRDA:390,54,1,1
BRDA:399,55,0,4
BRDA:399,55,1,0
BRDA:402,56,0,0
BRDA:402,56,1,0
BRDA:404,57,0,0
BRDA:404,57,1,0
BRDA:405,58,0,0
BRDA:405,58,1,0
BRDA:406,59,0,0
BRDA:406,59,1,0
BRDA:407,60,0,0
BRDA:407,60,1,0
BRDA:412,61,0,4
BRDA:412,61,1,0
BRDA:416,62,0,0
BRDA:416,62,1,0
BRDA:417,63,0,0
BRDA:417,63,1,0
BRDA:417,64,0,0
BRDA:417,64,1,0
BRDA:419,65,0,0
BRDA:419,65,1,0
BRDA:423,66,0,4
BRDA:423,66,1,0
BRDA:426,67,0,1
BRDA:426,67,1,1
BRDA:430,68,0,4
BRDA:430,68,1,0
BRDA:433,69,0,0
BRDA:433,69,1,0
BRDA:437,70,0,4
BRDA:437,70,1,0
BRDA:441,71,0,0
BRDA:441,71,1,0
BRDA:442,72,0,0
BRDA:442,72,1,0
BRDA:442,73,0,0
BRDA:442,73,1,0
BRDA:444,74,0,0
BRDA:444,74,1,0
BRDA:454,75,0,4
BRDA:454,75,1,0
BRDA:455,76,0,4
BRDA:455,76,1,0
BRDA:456,77,0,4
BRDA:456,77,1,0
BRDA:457,78,0,4
BRDA:457,78,1,4
BRDA:457,78,2,4
BRDA:459,79,0,4
BRDA:459,79,1,4
BRDA:467,80,0,4
BRDA:467,80,1,1
BRDA:468,81,0,4
BRDA:468,81,1,1
BRDA:475,82,0,1
BRDA:475,82,1,5
BRDA:479,83,0,1
BRDA:479,83,1,4
BRDA:507,84,0,0
BRDA:507,84,1,3
BRDA:507,84,2,0
BRDA:507,84,3,0
BRDA:521,85,0,0
BRDA:521,85,1,3
BRDA:522,86,0,0
BRDA:522,86,1,3
BRDA:524,87,0,3
BRDA:524,87,1,0
BRDA:526,88,0,0
BRDA:526,88,1,0
BRDA:583,89,0,3
BRDA:583,89,1,0
BRDA:589,90,0,3
BRDA:589,90,1,3
BRDA:594,91,0,0
BRDA:594,91,1,3
BRDA:595,92,0,0
BRDA:595,92,1,0
BRDA:597,93,0,0
BRDA:597,93,1,0
BRDA:600,94,0,0
BRDA:600,94,1,0
BRDA:604,95,0,0
BRDA:604,95,1,0
BRDA:607,96,0,0
BRDA:607,96,1,0
BRDA:618,97,0,3
BRDA:618,97,1,0
BRDA:619,98,0,3
BRDA:619,98,1,0
BRDA:621,99,0,0
BRDA:621,99,1,4
BRDA:624,100,0,0
BRDA:624,100,1,4
BRDA:628,101,0,4
BRDA:628,101,1,0
BRDA:631,102,0,0
BRDA:631,102,1,4
BRDA:646,103,0,0
BRDA:646,103,1,3
BRDA:653,104,0,3
BRDA:653,104,1,0
BRDA:660,105,0,3
BRDA:660,105,1,0
BRDA:767,106,0,3
BRDA:767,106,1,0
BRDA:767,106,2,0
BRDA:781,107,0,1
BRDA:781,107,1,3
BRDA:781,108,0,4
BRDA:781,108,1,1
BRDA:793,109,0,1
BRDA:793,109,1,1
BRDA:856,110,0,1
BRDA:856,110,1,8
BRDA:865,111,0,1
BRDA:865,111,1,7
BRDA:867,112,0,1
BRDA:867,112,1,6
BRDA:873,113,0,0
BRDA:873,113,1,8
BRDA:876,114,0,0
BRDA:876,114,1,0
BRDA:878,115,0,0
BRDA:878,115,1,0
BRDA:882,116,0,0
BRDA:882,116,1,0
BRDA:894,117,0,2
BRDA:894,117,1,6
BRDA:900,118,0,1
BRDA:900,118,1,1
BRDA:916,119,0,1
BRDA:916,119,1,6
BRDA:922,120,0,0
BRDA:922,120,1,1
BRDA:934,121,0,1
BRDA:934,121,1,6
BRDA:940,122,0,0
BRDA:940,122,1,1
BRDA:1081,123,0,1
BRDA:1081,123,1,2
BRDA:1085,124,0,1
BRDA:1085,124,1,1
BRDA:1098,125,0,1
BRDA:1098,125,1,1
BRDA:1098,125,2,1
BRDA:1101,126,0,1
BRDA:1101,126,1,0
BRDA:1102,127,0,1
BRDA:1102,127,1,0
BRDA:1103,128,0,1
BRDA:1103,128,1,0
BRDA:1112,129,0,1
BRDA:1112,129,1,1
BRDA:1113,130,0,1
BRDA:1113,130,1,0
BRDA:1114,131,0,1
BRDA:1114,131,1,0
BRDA:1115,132,0,1
BRDA:1115,132,1,0
BRDA:1116,133,0,1
BRDA:1116,133,1,0
BRDA:1117,134,0,1
BRDA:1117,134,1,0
BRDA:1125,135,0,0
BRDA:1125,135,1,0
BRDA:1126,136,0,0
BRDA:1126,136,1,0
BRDA:1126,137,0,0
BRDA:1126,137,1,0
BRDA:1129,138,0,0
BRDA:1129,138,1,0
BRDA:1138,139,0,0
BRDA:1138,139,1,0
BRDA:1147,140,0,0
BRDA:1147,140,1,0
BRDA:1155,141,0,0
BRDA:1155,141,1,0
BRDA:1156,142,0,0
BRDA:1156,142,1,0
BRDA:1156,143,0,0
BRDA:1156,143,1,0
BRDA:1159,144,0,0
BRDA:1159,144,1,0
BRDA:1172,145,0,4
BRDA:1172,145,1,24
BRDA:1182,146,0,4
BRDA:1182,146,1,20
BRDA:1186,147,0,4
BRDA:1186,147,1,16
BRDA:1190,148,0,16
BRDA:1190,148,1,0
BRDA:1207,149,0,4
BRDA:1207,149,1,16
BRDA:1221,150,0,8
BRDA:1221,150,1,8
BRDA:1221,151,0,16
BRDA:1221,151,1,12
BRDA:1225,152,0,0
BRDA:1225,152,1,8
BRDA:1229,153,0,8
BRDA:1229,153,1,0
BRDA:1231,154,0,0
BRDA:1231,154,1,4
BRDA:1231,155,0,4
BRDA:1231,155,1,4
BRDA:1252,156,0,4
BRDA:1252,156,1,8
BRDA:1266,157,0,4
BRDA:1266,157,1,4
BRDA:1266,158,0,8
BRDA:1266,158,1,4
BRDA:1270,159,0,0
BRDA:1270,159,1,4
BRDA:1285,160,0,1
BRDA:1285,160,1,6
BRDA:1292,161,0,1
BRDA:1292,161,1,5
BRDA:1293,162,0,1
BRDA:1293,162,1,0
BRDA:1301,163,0,2
BRDA:1301,163,1,3
BRDA:1307,164,0,1
BRDA:1307,164,1,1
BRDA:1320,165,0,0
BRDA:1320,165,1,3
BRDA:1322,166,0,0
BRDA:1322,166,1,0
BRDA:1331,167,0,0
BRDA:1331,167,1,3
BRDA:1333,168,0,0
BRDA:1333,168,1,0
BRDA:1367,169,0,3
BRDA:1367,169,1,0
BRDA:1368,170,0,0
BRDA:1368,170,1,0
BRDA:1368,171,0,0
BRDA:1368,171,1,0
BRDA:1369,172,0,0
BRDA:1369,172,1,3
BRDA:1371,173,0,2
BRDA:1371,173,1,1
BRDA:1373,174,0,2
BRDA:1373,174,1,0
BRDA:1374,175,0,2
BRDA:1374,175,1,0
BRDA:1374,175,2,0
BRDA:1388,176,0,3
BRDA:1388,176,1,0
BRDA:1388,176,2,0
BRDA:1389,177,0,3
BRDA:1389,177,1,0
BRDA:1394,178,0,3
BRDA:1394,178,1,0
BRDA:1397,179,0,3
BRDA:1397,179,1,0
BRDA:1418,180,0,2
BRDA:1418,180,1,4
BRDA:1418,181,0,6
BRDA:1418,181,1,5
BRDA:1435,182,0,1
BRDA:1435,182,1,2
BRDA:1440,183,0,1
BRDA:1440,183,1,1
BRDA:1453,184,0,1
BRDA:1453,184,1,0
BRDA:1527,185,0,1
BRDA:1527,185,1,5
BRDA:1527,186,0,6
BRDA:1527,186,1,1
BRDA:1552,187,0,1
BRDA:1552,187,1,3
BRDA:1558,188,0,0
BRDA:1558,188,1,3
BRDA:1560,189,0,0
BRDA:1560,189,1,3
BRDA:1562,190,0,0
BRDA:1562,190,1,0
BRDA:1562,190,2,0
BRDA:1563,191,0,0
BRDA:1563,191,1,3
BRDA:1565,192,0,0
BRDA:1565,192,1,0
BRDA:1565,192,2,0
BRDA:1566,193,0,3
BRDA:1566,193,1,0
BRDA:1567,194,0,3
BRDA:1567,194,1,3
BRDA:1567,194,2,3
BRDA:1571,195,0,1
BRDA:1571,195,1,2
BRDA:1588,196,0,2
BRDA:1588,196,1,0
BRDA:1588,196,2,0
BRDA:1626,197,0,1
BRDA:1626,197,1,4
BRDA:1626,198,0,5
BRDA:1626,198,1,1
BRDA:1651,199,0,1
BRDA:1651,199,1,2
BRDA:1657,200,0,0
BRDA:1657,200,1,2
BRDA:1659,201,0,0
BRDA:1659,201,1,2
BRDA:1661,202,0,0
BRDA:1661,202,1,0
BRDA:1661,202,2,0
BRDA:1662,203,0,0
BRDA:1662,203,1,2
BRDA:1664,204,0,0
BRDA:1664,204,1,0
BRDA:1664,204,2,0
BRDA:1665,205,0,2
BRDA:1665,205,1,0
BRDA:1666,206,0,2
BRDA:1666,206,1,2
BRDA:1666,206,2,2
BRDA:1670,207,0,1
BRDA:1670,207,1,1
BRDA:1686,208,0,1
BRDA:1686,208,1,0
BRDA:1686,208,2,0
BRF:437
BRH:240
end_of_record
TN:
SF:src\controllers\communeController.js
FN:4,(anonymous_0)
FN:5,(anonymous_1)
FN:7,(anonymous_2)
FN:28,(anonymous_3)
FN:36,(anonymous_4)
FN:44,(anonymous_5)
FN:103,(anonymous_6)
FN:141,(anonymous_7)
FN:177,(anonymous_8)
FN:209,(anonymous_9)
FN:243,(anonymous_10)
FN:284,(anonymous_11)
FN:332,(anonymous_12)
FN:353,(anonymous_13)
FN:481,(anonymous_14)
FN:502,(anonymous_15)
FNF:16
FNH:8
FNDA:21,(anonymous_0)
FNDA:28,(anonymous_1)
FNDA:0,(anonymous_2)
FNDA:0,(anonymous_3)
FNDA:0,(anonymous_4)
FNDA:0,(anonymous_5)
FNDA:0,(anonymous_6)
FNDA:0,(anonymous_7)
FNDA:1,(anonymous_8)
FNDA:6,(anonymous_9)
FNDA:7,(anonymous_10)
FNDA:8,(anonymous_11)
FNDA:5,(anonymous_12)
FNDA:0,(anonymous_13)
FNDA:7,(anonymous_14)
FNDA:0,(anonymous_15)
DA:1,1
DA:2,1
DA:4,21
DA:5,28
DA:7,1
DA:8,0
DA:18,0
DA:19,0
DA:20,0
DA:21,0
DA:24,0
DA:28,0
DA:30,0
DA:36,0
DA:38,0
DA:44,0
DA:46,0
DA:57,0
DA:67,0
DA:73,0
DA:74,0
DA:75,0
DA:77,0
DA:78,0
DA:80,0
DA:84,0
DA:85,0
DA:86,0
DA:91,0
DA:92,0
DA:97,0
DA:103,0
DA:105,0
DA:106,0
DA:107,0
DA:112,0
DA:113,0
DA:121,0
DA:122,0
DA:127,0
DA:141,0
DA:143,0
DA:149,0
DA:177,1
DA:209,1
DA:210,6
DA:211,6
DA:214,6
DA:216,6
DA:217,2
DA:218,1
DA:220,1
DA:221,4
DA:223,1
DA:224,3
DA:225,1
DA:228,4
DA:237,3
DA:239,1
DA:243,1
DA:244,7
DA:245,7
DA:247,7
DA:248,1
DA:249,6
DA:250,1
DA:253,6
DA:254,1
DA:258,5
DA:259,2
DA:263,2
DA:264,1
DA:268,4
DA:278,3
DA:280,1
DA:284,1
DA:285,8
DA:286,8
DA:287,8
DA:289,8
DA:294,7
DA:295,1
DA:298,6
DA:299,2
DA:300,1
DA:302,4
DA:303,1
DA:306,4
DA:307,4
DA:308,3
DA:310,4
DA:311,1
DA:314,4
DA:315,1
DA:318,3
DA:326,3
DA:328,1
DA:332,1
DA:333,5
DA:334,5
DA:336,5
DA:341,5
DA:342,1
DA:345,4
DA:346,1
DA:347,1
DA:349,3
DA:350,0
DA:353,3
DA:354,0
DA:361,0
DA:363,0
DA:364,0
DA:368,0
DA:371,0
DA:374,0
DA:377,0
DA:380,0
DA:384,0
DA:389,0
DA:390,0
DA:391,0
DA:393,0
DA:394,0
DA:396,0
DA:397,0
DA:400,0
DA:401,0
DA:404,0
DA:405,0
DA:406,0
DA:407,0
DA:409,0
DA:410,0
DA:414,0
DA:415,0
DA:420,0
DA:421,0
DA:426,0
DA:427,0
DA:433,0
DA:434,0
DA:439,0
DA:440,0
DA:441,0
DA:442,0
DA:444,0
DA:445,0
DA:447,0
DA:448,0
DA:454,0
DA:455,0
DA:458,0
DA:463,0
DA:464,0
DA:467,0
DA:472,0
DA:475,2
DA:477,1
DA:481,1
DA:482,7
DA:483,7
DA:485,7
DA:490,7
DA:491,2
DA:494,5
DA:495,1
DA:496,1
DA:498,4
DA:499,1
DA:502,3
DA:503,0
DA:506,1
DA:508,2
DA:509,1
DA:511,1
DA:515,1
LF:177
LH:89
BRDA:18,0,0,0
BRDA:18,0,1,0
BRDA:30,1,0,0
BRDA:30,1,1,0
BRDA:38,2,0,0
BRDA:38,2,1,0
BRDA:57,3,0,0
BRDA:57,3,1,0
BRDA:67,4,0,0
BRDA:67,4,1,0
BRDA:74,5,0,0
BRDA:74,5,1,0
BRDA:77,6,0,0
BRDA:77,6,1,0
BRDA:80,7,0,0
BRDA:80,7,1,0
BRDA:85,8,0,0
BRDA:85,8,1,0
BRDA:91,9,0,0
BRDA:91,9,1,0
BRDA:97,10,0,0
BRDA:97,10,1,0
BRDA:106,11,0,0
BRDA:106,11,1,0
BRDA:112,12,0,0
BRDA:112,12,1,0
BRDA:121,13,0,0
BRDA:121,13,1,0
BRDA:127,14,0,0
BRDA:127,14,1,0
BRDA:143,15,0,0
BRDA:143,15,1,0
BRDA:214,16,0,1
BRDA:214,16,1,5
BRDA:216,17,0,2
BRDA:216,17,1,4
BRDA:217,18,0,1
BRDA:217,18,1,1
BRDA:221,19,0,1
BRDA:221,19,1,3
BRDA:221,20,0,4
BRDA:221,20,1,1
BRDA:224,21,0,1
BRDA:224,21,1,2
BRDA:224,22,0,3
BRDA:224,22,1,1
BRDA:247,23,0,1
BRDA:247,23,1,6
BRDA:249,24,0,1
BRDA:249,24,1,5
BRDA:249,25,0,6
BRDA:249,25,1,3
BRDA:253,26,0,1
BRDA:253,26,1,5
BRDA:253,27,0,6
BRDA:253,27,1,6
BRDA:258,28,0,2
BRDA:258,28,1,3
BRDA:263,29,0,1
BRDA:263,29,1,1
BRDA:287,30,0,8
BRDA:287,30,1,0
BRDA:294,31,0,1
BRDA:294,31,1,6
BRDA:298,32,0,2
BRDA:298,32,1,4
BRDA:299,33,0,1
BRDA:299,33,1,1
BRDA:299,34,0,2
BRDA:299,34,1,2
BRDA:302,35,0,1
BRDA:302,35,1,3
BRDA:307,36,0,3
BRDA:307,36,1,1
BRDA:307,37,0,4
BRDA:307,37,1,3
BRDA:310,38,0,1
BRDA:310,38,1,3
BRDA:310,39,0,4
BRDA:310,39,1,1
BRDA:314,40,0,1
BRDA:314,40,1,3
BRDA:341,41,0,1
BRDA:341,41,1,4
BRDA:345,42,0,1
BRDA:345,42,1,3
BRDA:346,43,0,1
BRDA:346,43,1,0
BRDA:346,44,0,1
BRDA:346,44,1,1
BRDA:349,45,0,0
BRDA:349,45,1,3
BRDA:363,46,0,0
BRDA:363,46,1,0
BRDA:390,47,0,0
BRDA:390,47,1,0
BRDA:393,48,0,0
BRDA:393,48,1,0
BRDA:396,49,0,0
BRDA:396,49,1,0
BRDA:400,50,0,0
BRDA:400,50,1,0
BRDA:404,51,0,0
BRDA:404,51,1,0
BRDA:404,52,0,0
BRDA:404,52,1,0
BRDA:406,53,0,0
BRDA:406,53,1,0
BRDA:409,54,0,0
BRDA:409,54,1,0
BRDA:414,55,0,0
BRDA:414,55,1,0
BRDA:420,56,0,0
BRDA:420,56,1,0
BRDA:426,57,0,0
BRDA:426,57,1,0
BRDA:433,58,0,0
BRDA:433,58,1,0
BRDA:439,59,0,0
BRDA:439,59,1,0
BRDA:439,60,0,0
BRDA:439,60,1,0
BRDA:441,61,0,0
BRDA:441,61,1,0
BRDA:444,62,0,0
BRDA:444,62,1,0
BRDA:447,63,0,0
BRDA:447,63,1,0
BRDA:454,64,0,0
BRDA:454,64,1,0
BRDA:463,65,0,0
BRDA:463,65,1,0
BRDA:490,66,0,2
BRDA:490,66,1,5
BRDA:494,67,0,1
BRDA:494,67,1,4
BRDA:495,68,0,1
BRDA:495,68,1,0
BRDA:495,69,0,1
BRDA:495,69,1,1
BRDA:498,70,0,1
BRDA:498,70,1,3
BRDA:508,71,0,1
BRDA:508,71,1,1
BRF:144
BRH:68
end_of_record
TN:
SF:src\controllers\dashboardController.js
FN:8,(anonymous_0)
FN:14,(anonymous_1)
FN:20,(anonymous_2)
FN:26,(anonymous_3)
FN:32,(anonymous_4)
FN:63,(anonymous_5)
FN:65,(anonymous_6)
FN:69,(anonymous_7)
FN:71,(anonymous_8)
FN:83,(anonymous_9)
FN:84,(anonymous_10)
FN:88,(anonymous_11)
FN:98,(anonymous_12)
FN:104,(anonymous_13)
FN:129,(anonymous_14)
FN:134,(anonymous_15)
FN:259,(anonymous_16)
FN:279,(anonymous_17)
FN:442,(anonymous_18)
FN:447,(anonymous_19)
FN:473,(anonymous_20)
FN:475,(anonymous_21)
FN:493,(anonymous_22)
FN:496,(anonymous_23)
FN:503,(anonymous_24)
FN:512,(anonymous_25)
FN:535,(anonymous_26)
FN:628,(anonymous_27)
FN:638,(anonymous_28)
FN:641,(anonymous_29)
FN:660,(anonymous_30)
FN:661,(anonymous_31)
FN:684,(anonymous_32)
FN:781,(anonymous_33)
FN:791,(anonymous_34)
FN:794,(anonymous_35)
FN:809,(anonymous_36)
FN:810,(anonymous_37)
FN:824,(anonymous_38)
FN:826,(anonymous_39)
FN:830,(anonymous_40)
FN:839,(anonymous_41)
FN:841,(anonymous_42)
FN:847,(anonymous_43)
FNF:44
FNH:44
FNDA:12,(anonymous_0)
FNDA:3,(anonymous_1)
FNDA:34,(anonymous_2)
FNDA:2,(anonymous_3)
FNDA:7,(anonymous_4)
FNDA:3,(anonymous_5)
FNDA:4,(anonymous_6)
FNDA:4,(anonymous_7)
FNDA:1,(anonymous_8)
FNDA:2,(anonymous_9)
FNDA:1,(anonymous_10)
FNDA:5,(anonymous_11)
FNDA:6,(anonymous_12)
FNDA:6,(anonymous_13)
FNDA:3,(anonymous_14)
FNDA:3,(anonymous_15)
FNDA:1,(anonymous_16)
FNDA:5,(anonymous_17)
FNDA:3,(anonymous_18)
FNDA:2,(anonymous_19)
FNDA:2,(anonymous_20)
FNDA:3,(anonymous_21)
FNDA:2,(anonymous_22)
FNDA:3,(anonymous_23)
FNDA:2,(anonymous_24)
FNDA:3,(anonymous_25)
FNDA:7,(anonymous_26)
FNDA:2,(anonymous_27)
FNDA:2,(anonymous_28)
FNDA:2,(anonymous_29)
FNDA:2,(anonymous_30)
FNDA:1,(anonymous_31)
FNDA:8,(anonymous_32)
FNDA:2,(anonymous_33)
FNDA:2,(anonymous_34)
FNDA:2,(anonymous_35)
FNDA:2,(anonymous_36)
FNDA:1,(anonymous_37)
FNDA:9,(anonymous_38)
FNDA:54,(anonymous_39)
FNDA:54,(anonymous_40)
FNDA:6,(anonymous_41)
FNDA:9,(anonymous_42)
FNDA:8,(anonymous_43)
DA:1,1
DA:3,1
DA:4,1
DA:5,1
DA:6,1
DA:8,1
DA:9,12
DA:10,12
DA:11,12
DA:14,1
DA:15,3
DA:16,3
DA:17,3
DA:20,1
DA:21,34
DA:22,34
DA:23,34
DA:26,1
DA:28,2
DA:29,2
DA:32,1
DA:33,7
DA:34,7
DA:37,7
DA:39,7
DA:40,6
DA:41,6
DA:42,6
DA:45,7
DA:47,7
DA:48,42
DA:49,42
DA:50,42
DA:51,42
DA:53,42
DA:54,42
DA:60,7
DA:63,1
DA:64,3
DA:65,4
DA:69,4
DA:71,1
DA:72,1
DA:74,1
DA:76,3
DA:78,3
DA:79,3
DA:82,1
DA:83,2
DA:84,1
DA:88,5
DA:98,6
DA:104,1
DA:105,6
DA:106,6
DA:109,6
DA:111,6
DA:112,36
DA:113,36
DA:114,36
DA:115,36
DA:116,36
DA:123,6
DA:129,1
DA:130,3
DA:131,3
DA:134,1
DA:135,3
DA:136,1
DA:139,2
DA:140,2
DA:143,2
DA:144,2
DA:145,0
DA:146,2
DA:147,0
DA:148,2
DA:149,0
DA:161,2
DA:162,2
DA:163,0
DA:168,2
DA:169,0
DA:176,2
DA:177,0
DA:190,2
DA:191,2
DA:192,2
DA:193,2
DA:201,2
DA:258,1
DA:259,1
DA:263,1
DA:264,1
DA:265,1
DA:267,1
DA:275,1
DA:279,1
DA:280,5
DA:281,1
DA:284,4
DA:285,1
DA:290,3
DA:291,3
DA:292,3
DA:293,3
DA:294,3
DA:295,3
DA:298,3
DA:299,3
DA:300,3
DA:301,3
DA:317,3
DA:442,3
DA:447,2
DA:453,2
DA:454,2
DA:455,2
DA:456,2
DA:459,2
DA:460,2
DA:461,28
DA:462,28
DA:463,28
DA:470,2
DA:472,2
DA:473,2
DA:475,3
DA:477,2
DA:492,2
DA:493,2
DA:495,2
DA:496,3
DA:503,2
DA:510,2
DA:512,3
DA:517,2
DA:531,1
DA:535,1
DA:536,7
DA:537,1
DA:540,6
DA:541,1
DA:546,5
DA:547,5
DA:548,5
DA:550,5
DA:551,5
DA:552,5
DA:553,5
DA:562,5
DA:626,4
DA:627,4
DA:628,2
DA:631,4
DA:637,4
DA:638,2
DA:641,4
DA:647,4
DA:649,4
DA:650,4
DA:652,3
DA:653,3
DA:659,4
DA:660,2
DA:661,1
DA:665,4
DA:669,4
DA:680,1
DA:684,1
DA:685,8
DA:686,1
DA:691,7
DA:692,1
DA:697,6
DA:698,6
DA:699,6
DA:700,6
DA:710,6
DA:779,5
DA:780,5
DA:781,2
DA:784,5
DA:790,5
DA:791,2
DA:794,5
DA:799,5
DA:800,5
DA:801,3
DA:802,3
DA:808,5
DA:809,2
DA:810,1
DA:813,5
DA:814,5
DA:815,5
DA:816,3
DA:817,3
DA:819,3
DA:820,3
DA:821,3
DA:824,5
DA:825,9
DA:826,54
DA:830,54
DA:831,9
DA:838,5
DA:839,6
DA:841,9
DA:842,5
DA:843,5
DA:845,5
DA:847,8
DA:850,5
DA:854,5
DA:865,1
DA:869,1
LF:217
LH:211
BRDA:42,0,0,6
BRDA:42,0,1,6
BRDA:56,1,0,42
BRDA:56,1,1,42
BRDA:78,2,0,0
BRDA:78,2,1,3
BRDA:79,3,0,3
BRDA:79,3,1,2
BRDA:124,4,0,6
BRDA:124,4,1,0
BRDA:135,5,0,1
BRDA:135,5,1,2
BRDA:135,6,0,3
BRDA:135,6,1,1
BRDA:144,7,0,0
BRDA:144,7,1,2
BRDA:146,8,0,0
BRDA:146,8,1,2
BRDA:148,9,0,0
BRDA:148,9,1,2
BRDA:162,10,0,0
BRDA:162,10,1,2
BRDA:168,11,0,0
BRDA:168,11,1,2
BRDA:176,12,0,0
BRDA:176,12,1,2
BRDA:259,13,0,1
BRDA:259,13,1,0
BRDA:259,14,0,1
BRDA:259,14,1,0
BRDA:280,15,0,1
BRDA:280,15,1,4
BRDA:284,16,0,1
BRDA:284,16,1,3
BRDA:443,17,0,3
BRDA:443,17,1,1
BRDA:444,18,0,3
BRDA:444,18,1,0
BRDA:448,19,0,2
BRDA:448,19,1,1
BRDA:456,20,0,2
BRDA:456,20,1,1
BRDA:465,21,0,28
BRDA:465,21,1,27
BRDA:478,22,0,1
BRDA:478,22,1,1
BRDA:484,23,0,2
BRDA:484,23,1,0
BRDA:498,24,0,3
BRDA:498,24,1,1
BRDA:498,25,0,3
BRDA:498,25,1,1
BRDA:498,26,0,3
BRDA:498,26,1,1
BRDA:504,27,0,2
BRDA:504,27,1,0
BRDA:506,28,0,2
BRDA:506,28,1,0
BRDA:513,29,0,3
BRDA:513,29,1,0
BRDA:514,30,0,3
BRDA:514,30,1,0
BRDA:536,31,0,1
BRDA:536,31,1,6
BRDA:540,32,0,1
BRDA:540,32,1,5
BRDA:626,33,0,3
BRDA:626,33,1,1
BRDA:631,34,0,1
BRDA:631,34,1,3
BRDA:642,35,0,2
BRDA:642,35,1,0
BRDA:643,36,0,2
BRDA:643,36,1,0
BRDA:652,37,0,3
BRDA:652,37,1,0
BRDA:655,38,0,3
BRDA:655,38,1,2
BRDA:665,39,0,3
BRDA:665,39,1,1
BRDA:670,40,0,4
BRDA:670,40,1,1
BRDA:685,41,0,1
BRDA:685,41,1,7
BRDA:691,42,0,1
BRDA:691,42,1,6
BRDA:779,43,0,5
BRDA:779,43,1,0
BRDA:784,44,0,1
BRDA:784,44,1,4
BRDA:795,45,0,2
BRDA:795,45,1,0
BRDA:796,46,0,2
BRDA:796,46,1,0
BRDA:801,47,0,3
BRDA:801,47,1,0
BRDA:804,48,0,3
BRDA:804,48,1,2
BRDA:813,49,0,4
BRDA:813,49,1,1
BRDA:817,50,0,0
BRDA:817,50,1,3
BRDA:819,51,0,3
BRDA:819,51,1,2
BRDA:820,52,0,3
BRDA:820,52,1,0
BRDA:825,53,0,9
BRDA:825,53,1,7
BRDA:828,54,0,54
BRDA:828,54,1,54
BRDA:842,55,0,5
BRDA:842,55,1,0
BRDA:850,56,0,4
BRDA:850,56,1,1
BRDA:855,57,0,5
BRDA:855,57,1,1
BRF:116
BRH:90
end_of_record
TN:
SF:src\controllers\districtController.js
FN:4,(anonymous_0)
FN:17,(anonymous_1)
FN:38,(anonymous_2)
FN:57,(anonymous_3)
FN:83,(anonymous_4)
FN:92,(anonymous_5)
FN:182,(anonymous_6)
FN:215,(anonymous_7)
FN:234,(anonymous_8)
FN:264,(anonymous_9)
FN:321,(anonymous_10)
FN:369,(anonymous_11)
FN:413,(anonymous_12)
FN:432,(anonymous_13)
FN:557,(anonymous_14)
FN:576,(anonymous_15)
FNF:16
FNH:9
FNDA:20,(anonymous_0)
FNDA:11,(anonymous_1)
FNDA:4,(anonymous_2)
FNDA:0,(anonymous_3)
FNDA:0,(anonymous_4)
FNDA:0,(anonymous_5)
FNDA:0,(anonymous_6)
FNDA:0,(anonymous_7)
FNDA:2,(anonymous_8)
FNDA:5,(anonymous_9)
FNDA:6,(anonymous_10)
FNDA:6,(anonymous_11)
FNDA:6,(anonymous_12)
FNDA:0,(anonymous_13)
FNDA:6,(anonymous_14)
FNDA:0,(anonymous_15)
DA:1,1
DA:2,1
DA:4,1
DA:5,20
DA:6,4
DA:7,4
DA:8,4
DA:10,16
DA:11,1
DA:12,1
DA:13,1
DA:17,1
DA:18,11
DA:23,10
DA:24,1
DA:25,1
DA:26,1
DA:29,9
DA:30,0
DA:31,0
DA:32,0
DA:35,9
DA:38,1
DA:39,4
DA:44,4
DA:45,0
DA:46,0
DA:47,0
DA:50,4
DA:51,0
DA:52,0
DA:53,0
DA:57,1
DA:58,0
DA:73,0
DA:74,0
DA:75,0
DA:76,0
DA:79,0
DA:83,0
DA:86,0
DA:92,0
DA:94,0
DA:112,0
DA:146,0
DA:152,0
DA:153,0
DA:154,0
DA:156,0
DA:157,0
DA:161,0
DA:165,0
DA:168,0
DA:169,0
DA:176,0
DA:182,0
DA:184,0
DA:188,0
DA:189,0
DA:194,0
DA:195,0
DA:201,0
DA:215,0
DA:217,0
DA:234,2
DA:264,1
DA:265,5
DA:266,5
DA:269,5
DA:270,5
DA:272,5
DA:273,3
DA:274,1
DA:276,2
DA:281,2
DA:283,0
DA:286,2
DA:288,0
DA:293,2
DA:294,1
DA:298,3
DA:312,2
DA:317,1
DA:321,1
DA:322,6
DA:324,6
DA:325,6
DA:328,4
DA:330,4
DA:331,1
DA:335,3
DA:336,0
DA:340,0
DA:341,0
DA:344,3
DA:347,3
DA:363,2
DA:365,3
DA:369,1
DA:370,6
DA:371,6
DA:373,5
DA:374,5
DA:376,5
DA:378,3
DA:380,3
DA:381,1
DA:384,3
DA:385,1
DA:386,1
DA:389,3
DA:390,1
DA:393,2
DA:407,2
DA:409,3
DA:413,1
DA:414,6
DA:415,6
DA:418,6
DA:419,4
DA:420,3
DA:423,2
DA:427,2
DA:428,1
DA:432,4
DA:433,0
DA:439,0
DA:441,0
DA:442,0
DA:446,0
DA:449,0
DA:452,0
DA:455,0
DA:458,0
DA:463,0
DA:464,0
DA:465,0
DA:467,0
DA:468,0
DA:470,0
DA:471,0
DA:474,0
DA:475,0
DA:480,0
DA:481,0
DA:482,0
DA:483,0
DA:485,0
DA:486,0
DA:490,0
DA:491,0
DA:496,0
DA:497,0
DA:502,0
DA:503,0
DA:509,0
DA:510,0
DA:511,0
DA:517,0
DA:521,0
DA:522,0
DA:527,0
DA:531,0
DA:542,0
DA:543,0
DA:548,0
DA:551,3
DA:553,2
DA:557,1
DA:558,6
DA:559,6
DA:562,6
DA:563,4
DA:564,3
DA:567,2
DA:571,2
DA:572,1
DA:576,4
DA:577,0
DA:580,2
DA:582,3
DA:583,2
DA:585,1
DA:589,1
LF:184
LH:97
BRDA:5,0,0,4
BRDA:5,0,1,16
BRDA:10,1,0,1
BRDA:10,1,1,15
BRDA:23,2,0,1
BRDA:23,2,1,9
BRDA:29,3,0,0
BRDA:29,3,1,9
BRDA:29,4,0,9
BRDA:29,4,1,9
BRDA:44,5,0,0
BRDA:44,5,1,4
BRDA:50,6,0,0
BRDA:50,6,1,4
BRDA:73,7,0,0
BRDA:73,7,1,0
BRDA:86,8,0,0
BRDA:86,8,1,0
BRDA:98,9,0,0
BRDA:98,9,1,0
BRDA:114,10,0,0
BRDA:114,10,1,0
BRDA:120,11,0,0
BRDA:120,11,1,0
BRDA:126,12,0,0
BRDA:126,12,1,0
BRDA:132,13,0,0
BRDA:132,13,1,0
BRDA:138,14,0,0
BRDA:138,14,1,0
BRDA:146,15,0,0
BRDA:146,15,1,0
BRDA:153,16,0,0
BRDA:153,16,1,0
BRDA:156,17,0,0
BRDA:156,17,1,0
BRDA:161,18,0,0
BRDA:161,18,1,0
BRDA:168,19,0,0
BRDA:168,19,1,0
BRDA:176,20,0,0
BRDA:176,20,1,0
BRDA:188,21,0,0
BRDA:188,21,1,0
BRDA:194,22,0,0
BRDA:194,22,1,0
BRDA:201,23,0,0
BRDA:201,23,1,0
BRDA:269,24,0,0
BRDA:269,24,1,5
BRDA:270,25,0,0
BRDA:270,25,1,5
BRDA:272,26,0,3
BRDA:272,26,1,2
BRDA:273,27,0,1
BRDA:273,27,1,2
BRDA:281,28,0,0
BRDA:281,28,1,2
BRDA:281,29,0,2
BRDA:281,29,1,0
BRDA:286,30,0,0
BRDA:286,30,1,2
BRDA:286,31,0,2
BRDA:286,31,1,0
BRDA:293,32,0,1
BRDA:293,32,1,1
BRDA:324,33,0,6
BRDA:324,33,1,0
BRDA:328,34,0,4
BRDA:328,34,1,0
BRDA:330,35,0,1
BRDA:330,35,1,3
BRDA:330,36,0,4
BRDA:330,36,1,3
BRDA:335,37,0,0
BRDA:335,37,1,3
BRDA:340,38,0,0
BRDA:340,38,1,0
BRDA:374,39,0,5
BRDA:374,39,1,0
BRDA:380,40,0,1
BRDA:380,40,1,2
BRDA:380,41,0,3
BRDA:380,41,1,1
BRDA:384,42,0,1
BRDA:384,42,1,2
BRDA:384,43,0,3
BRDA:384,43,1,1
BRDA:389,44,0,1
BRDA:389,44,1,2
BRDA:418,45,0,4
BRDA:418,45,1,2
BRDA:427,46,0,1
BRDA:427,46,1,1
BRDA:441,47,0,0
BRDA:441,47,1,0
BRDA:464,48,0,0
BRDA:464,48,1,0
BRDA:467,49,0,0
BRDA:467,49,1,0
BRDA:470,50,0,0
BRDA:470,50,1,0
BRDA:474,51,0,0
BRDA:474,51,1,0
BRDA:480,52,0,0
BRDA:480,52,1,0
BRDA:480,53,0,0
BRDA:480,53,1,0
BRDA:482,54,0,0
BRDA:482,54,1,0
BRDA:485,55,0,0
BRDA:485,55,1,0
BRDA:490,56,0,0
BRDA:490,56,1,0
BRDA:496,57,0,0
BRDA:496,57,1,0
BRDA:502,58,0,0
BRDA:502,58,1,0
BRDA:510,59,0,0
BRDA:510,59,1,0
BRDA:521,60,0,0
BRDA:521,60,1,0
BRDA:535,61,0,0
BRDA:535,61,1,0
BRDA:542,62,0,0
BRDA:542,62,1,0
BRDA:562,63,0,4
BRDA:562,63,1,2
BRDA:571,64,0,1
BRDA:571,64,1,1
BRDA:582,65,0,2
BRDA:582,65,1,1
BRF:132
BRH:51
end_of_record
TN:
SF:src\controllers\eventLogController.js
FN:6,(anonymous_0)
FN:107,(anonymous_1)
FN:149,(anonymous_2)
FN:174,(anonymous_3)
FN:204,(anonymous_4)
FNF:5
FNH:5
FNDA:7,(anonymous_0)
FNDA:1,(anonymous_1)
FNDA:3,(anonymous_2)
FNDA:5,(anonymous_3)
FNDA:3,(anonymous_4)
DA:1,1
DA:6,1
DA:7,7
DA:9,7
DA:10,1
DA:25,6
DA:27,6
DA:28,6
DA:29,6
DA:32,6
DA:34,6
DA:35,1
DA:38,6
DA:39,0
DA:42,6
DA:43,0
DA:46,6
DA:47,0
DA:50,6
DA:51,0
DA:55,6
DA:57,1
DA:58,1
DA:59,1
DA:60,1
DA:61,1
DA:67,5
DA:68,1
DA:69,1
DA:70,1
DA:71,1
DA:72,1
DA:74,1
DA:75,1
DA:76,1
DA:77,1
DA:83,6
DA:107,5
DA:132,5
DA:142,1
DA:149,1
DA:150,3
DA:152,3
DA:153,1
DA:156,2
DA:158,2
DA:162,1
DA:164,1
DA:165,0
DA:167,1
DA:174,1
DA:175,5
DA:177,5
DA:178,1
DA:181,4
DA:183,4
DA:184,2
DA:187,2
DA:195,1
DA:197,1
DA:204,1
DA:205,3
DA:207,3
DA:208,1
DA:211,2
DA:218,1
DA:220,1
DA:224,1
LF:68
LH:63
BRDA:9,0,0,1
BRDA:9,0,1,6
BRDA:22,1,0,6
BRDA:23,2,0,5
BRDA:24,3,0,5
BRDA:34,4,0,1
BRDA:34,4,1,5
BRDA:38,5,0,0
BRDA:38,5,1,6
BRDA:42,6,0,0
BRDA:42,6,1,6
BRDA:46,7,0,0
BRDA:46,7,1,6
BRDA:50,8,0,0
BRDA:50,8,1,6
BRDA:55,9,0,1
BRDA:55,9,1,5
BRDA:67,10,0,1
BRDA:67,10,1,4
BRDA:67,11,0,5
BRDA:67,11,1,4
BRDA:69,12,0,1
BRDA:69,12,1,0
BRDA:74,13,0,1
BRDA:74,13,1,0
BRDA:98,14,0,0
BRDA:98,14,1,6
BRDA:112,15,0,0
BRDA:112,15,1,1
BRDA:119,16,0,1
BRDA:119,16,1,1
BRDA:120,17,0,1
BRDA:120,17,1,1
BRDA:121,18,0,1
BRDA:121,18,1,1
BRDA:122,19,0,1
BRDA:122,19,1,1
BRDA:152,20,0,1
BRDA:152,20,1,2
BRDA:164,21,0,0
BRDA:164,21,1,1
BRDA:177,22,0,1
BRDA:177,22,1,4
BRDA:183,23,0,2
BRDA:183,23,1,2
BRDA:183,24,0,4
BRDA:183,24,1,3
BRDA:207,25,0,1
BRDA:207,25,1,2
BRF:49
BRH:40
end_of_record
TN:
SF:src\controllers\healthCenterController.js
FN:4,(anonymous_0)
FN:17,(anonymous_1)
FN:30,(anonymous_2)
FN:82,(anonymous_3)
FN:138,(anonymous_4)
FN:198,(anonymous_5)
FN:226,(anonymous_6)
FN:317,(anonymous_7)
FN:343,(anonymous_8)
FN:402,(anonymous_9)
FN:429,(anonymous_10)
FN:446,(anonymous_11)
FN:470,(anonymous_12)
FN:485,(anonymous_13)
FNF:14
FNH:8
FNDA:47,(anonymous_0)
FNDA:4,(anonymous_1)
FNDA:12,(anonymous_2)
FNDA:11,(anonymous_3)
FNDA:11,(anonymous_4)
FNDA:16,(anonymous_5)
FNDA:0,(anonymous_6)
FNDA:0,(anonymous_7)
FNDA:0,(anonymous_8)
FNDA:0,(anonymous_9)
FNDA:0,(anonymous_10)
FNDA:8,(anonymous_11)
FNDA:14,(anonymous_12)
FNDA:0,(anonymous_13)
DA:1,1
DA:2,1
DA:4,1
DA:5,47
DA:6,4
DA:7,4
DA:8,4
DA:10,43
DA:11,5
DA:12,5
DA:13,5
DA:17,1
DA:18,4
DA:19,1
DA:22,3
DA:27,3
DA:30,1
DA:31,12
DA:32,12
DA:35,12
DA:37,12
DA:38,3
DA:39,1
DA:41,2
DA:42,9
DA:44,1
DA:45,8
DA:46,4
DA:47,4
DA:48,2
DA:50,2
DA:51,4
DA:52,1
DA:56,8
DA:76,7
DA:78,1
DA:82,1
DA:83,11
DA:84,11
DA:87,11
DA:88,9
DA:89,9
DA:90,6
DA:92,3
DA:93,3
DA:95,0
DA:99,8
DA:101,8
DA:102,3
DA:105,5
DA:106,1
DA:109,4
DA:132,2
DA:134,2
DA:138,1
DA:139,11
DA:140,11
DA:141,11
DA:143,2
DA:144,2
DA:146,0
DA:149,9
DA:150,9
DA:152,9
DA:156,7
DA:157,2
DA:160,5
DA:161,5
DA:162,2
DA:164,5
DA:165,2
DA:168,5
DA:169,2
DA:172,3
DA:192,3
DA:194,2
DA:198,1
DA:199,16
DA:200,16
DA:203,16
DA:204,14
DA:205,14
DA:207,2
DA:208,2
DA:210,0
DA:213,12
DA:215,12
DA:216,2
DA:220,2
DA:221,2
DA:222,1
DA:226,11
DA:227,0
DA:228,0
DA:230,0
DA:231,0
DA:235,0
DA:238,0
DA:241,0
DA:244,0
DA:247,0
DA:252,0
DA:253,0
DA:254,0
DA:256,0
DA:258,0
DA:259,0
DA:264,0
DA:265,0
DA:266,0
DA:267,0
DA:269,0
DA:270,0
DA:274,0
DA:275,0
DA:280,0
DA:281,0
DA:286,0
DA:287,0
DA:293,0
DA:300,0
DA:304,0
DA:308,0
DA:311,9
DA:313,2
DA:317,1
DA:318,0
DA:333,0
DA:334,0
DA:335,0
DA:336,0
DA:339,0
DA:343,0
DA:345,0
DA:350,0
DA:384,0
DA:391,0
DA:395,0
DA:402,0
DA:404,0
DA:408,0
DA:409,0
DA:415,0
DA:429,0
DA:431,0
DA:446,8
DA:470,1
DA:471,14
DA:473,14
DA:474,13
DA:475,13
DA:477,2
DA:478,2
DA:480,0
DA:484,12
DA:485,12
DA:486,0
DA:490,9
DA:491,1
DA:494,8
DA:496,3
DA:497,1
DA:499,2
DA:503,1
LF:164
LH:109
BRDA:5,0,0,4
BRDA:5,0,1,43
BRDA:10,1,0,5
BRDA:10,1,1,38
BRDA:18,2,0,1
BRDA:18,2,1,3
BRDA:27,3,0,3
BRDA:27,3,1,2
BRDA:35,4,0,2
BRDA:35,4,1,10
BRDA:37,5,0,3
BRDA:37,5,1,9
BRDA:38,6,0,1
BRDA:38,6,1,2
BRDA:42,7,0,1
BRDA:42,7,1,8
BRDA:42,8,0,9
BRDA:42,8,1,2
BRDA:45,9,0,4
BRDA:45,9,1,4
BRDA:47,10,0,2
BRDA:47,10,1,2
BRDA:51,11,0,1
BRDA:51,11,1,3
BRDA:87,12,0,9
BRDA:87,12,1,2
BRDA:92,13,0,3
BRDA:92,13,1,0
BRDA:99,14,0,8
BRDA:99,14,1,0
BRDA:101,15,0,3
BRDA:101,15,1,5
BRDA:101,16,0,8
BRDA:101,16,1,6
BRDA:105,17,0,1
BRDA:105,17,1,4
BRDA:143,18,0,2
BRDA:143,18,1,0
BRDA:150,19,0,9
BRDA:150,19,1,0
BRDA:156,20,0,2
BRDA:156,20,1,5
BRDA:156,21,0,7
BRDA:156,21,1,6
BRDA:157,22,0,1
BRDA:157,22,1,1
BRDA:157,23,0,1
BRDA:157,23,1,1
BRDA:161,24,0,2
BRDA:161,24,1,3
BRDA:161,25,0,5
BRDA:161,25,1,3
BRDA:164,26,0,2
BRDA:164,26,1,3
BRDA:164,27,0,5
BRDA:164,27,1,3
BRDA:168,28,0,2
BRDA:168,28,1,3
BRDA:203,29,0,14
BRDA:203,29,1,2
BRDA:207,30,0,2
BRDA:207,30,1,0
BRDA:215,31,0,2
BRDA:215,31,1,10
BRDA:215,32,0,12
BRDA:215,32,1,11
BRDA:216,33,0,1
BRDA:216,33,1,1
BRDA:216,34,0,1
BRDA:216,34,1,1
BRDA:221,35,0,1
BRDA:221,35,1,1
BRDA:230,36,0,0
BRDA:230,36,1,0
BRDA:253,37,0,0
BRDA:253,37,1,0
BRDA:258,38,0,0
BRDA:258,38,1,0
BRDA:264,39,0,0
BRDA:264,39,1,0
BRDA:264,40,0,0
BRDA:264,40,1,0
BRDA:266,41,0,0
BRDA:266,41,1,0
BRDA:269,42,0,0
BRDA:269,42,1,0
BRDA:274,43,0,0
BRDA:274,43,1,0
BRDA:280,44,0,0
BRDA:280,44,1,0
BRDA:286,45,0,0
BRDA:286,45,1,0
BRDA:333,46,0,0
BRDA:333,46,1,0
BRDA:352,47,0,0
BRDA:352,47,1,0
BRDA:358,48,0,0
BRDA:358,48,1,0
BRDA:364,49,0,0
BRDA:364,49,1,0
BRDA:370,50,0,0
BRDA:370,50,1,0
BRDA:376,51,0,0
BRDA:376,51,1,0
BRDA:384,52,0,0
BRDA:384,52,1,0
BRDA:391,53,0,0
BRDA:391,53,1,0
BRDA:408,54,0,0
BRDA:408,54,1,0
BRDA:415,55,0,0
BRDA:415,55,1,0
BRDA:473,56,0,13
BRDA:473,56,1,1
BRDA:477,57,0,2
BRDA:477,57,1,0
BRDA:490,58,0,1
BRDA:490,58,1,8
BRDA:490,59,0,9
BRDA:490,59,1,8
BRDA:496,60,0,1
BRDA:496,60,1,2
BRF:122
BRH:76
end_of_record
TN:
SF:src\controllers\healthController.js
FN:3,(anonymous_0)
FNF:1
FNH:1
FNDA:3,(anonymous_0)
DA:1,1
DA:3,1
DA:4,3
DA:5,3
DA:6,3
DA:7,2
DA:9,1
DA:13,1
LF:8
LH:8
BRDA:4,0,0,3
BRDA:4,0,1,2
BRF:2
BRH:2
end_of_record
TN:
SF:src\controllers\mobileController.js
FN:14,(anonymous_0)
FN:118,(anonymous_1)
FN:161,(anonymous_2)
FN:190,(anonymous_3)
FN:254,(anonymous_4)
FN:267,(anonymous_5)
FN:303,(anonymous_6)
FN:482,(anonymous_7)
FN:545,(anonymous_8)
FN:625,(anonymous_9)
FN:736,(anonymous_10)
FN:784,(anonymous_11)
FN:874,(anonymous_12)
FN:898,(anonymous_13)
FN:937,(anonymous_14)
FN:966,(anonymous_15)
FN:975,(anonymous_16)
FN:1016,(anonymous_17)
FN:1053,(anonymous_18)
FN:1060,(anonymous_19)
FN:1085,(anonymous_20)
FN:1096,(anonymous_21)
FN:1120,(anonymous_22)
FN:1121,(anonymous_23)
FN:1127,(anonymous_24)
FN:1136,(anonymous_25)
FN:1145,(anonymous_26)
FN:1154,(anonymous_27)
FN:1335,(anonymous_28)
FN:1496,(anonymous_29)
FN:1510,(anonymous_30)
FN:1524,(anonymous_31)
FN:1538,(anonymous_32)
FN:1548,(anonymous_33)
FN:1588,(anonymous_34)
FN:1690,(anonymous_35)
FN:1711,(anonymous_36)
FN:1731,(anonymous_37)
FN:1753,(anonymous_38)
FN:1790,(anonymous_39)
FN:1820,(anonymous_40)
FN:1844,(anonymous_41)
FN:1873,(anonymous_42)
FN:1904,(anonymous_43)
FN:1941,(anonymous_44)
FN:2053,(anonymous_45)
FN:2072,(anonymous_46)
FN:2091,(anonymous_47)
FN:2110,(anonymous_48)
FN:2143,(anonymous_49)
FN:2221,(anonymous_50)
FNF:51
FNH:37
FNDA:5,(anonymous_0)
FNDA:0,(anonymous_1)
FNDA:0,(anonymous_2)
FNDA:6,(anonymous_3)
FNDA:0,(anonymous_4)
FNDA:0,(anonymous_5)
FNDA:1,(anonymous_6)
FNDA:0,(anonymous_7)
FNDA:5,(anonymous_8)
FNDA:7,(anonymous_9)
FNDA:5,(anonymous_10)
FNDA:6,(anonymous_11)
FNDA:2,(anonymous_12)
FNDA:3,(anonymous_13)
FNDA:2,(anonymous_14)
FNDA:4,(anonymous_15)
FNDA:3,(anonymous_16)
FNDA:2,(anonymous_17)
FNDA:2,(anonymous_18)
FNDA:0,(anonymous_19)
FNDA:1,(anonymous_20)
FNDA:5,(anonymous_21)
FNDA:2,(anonymous_22)
FNDA:1,(anonymous_23)
FNDA:1,(anonymous_24)
FNDA:0,(anonymous_25)
FNDA:0,(anonymous_26)
FNDA:0,(anonymous_27)
FNDA:4,(anonymous_28)
FNDA:0,(anonymous_29)
FNDA:0,(anonymous_30)
FNDA:0,(anonymous_31)
FNDA:0,(anonymous_32)
FNDA:0,(anonymous_33)
FNDA:3,(anonymous_34)
FNDA:2,(anonymous_35)
FNDA:2,(anonymous_36)
FNDA:1,(anonymous_37)
FNDA:2,(anonymous_38)
FNDA:1,(anonymous_39)
FNDA:4,(anonymous_40)
FNDA:2,(anonymous_41)
FNDA:3,(anonymous_42)
FNDA:3,(anonymous_43)
FNDA:4,(anonymous_44)
FNDA:1,(anonymous_45)
FNDA:1,(anonymous_46)
FNDA:1,(anonymous_47)
FNDA:1,(anonymous_48)
FNDA:6,(anonymous_49)
FNDA:8,(anonymous_50)
DA:1,1
DA:2,1
DA:3,1
DA:4,1
DA:5,1
DA:8,1
DA:14,1
DA:15,5
DA:27,5
DA:30,5
DA:31,1
DA:39,4
DA:48,3
DA:49,1
DA:55,3
DA:57,2
DA:62,3
DA:63,1
DA:70,2
DA:71,2
DA:74,2
DA:92,2
DA:99,2
DA:100,2
DA:106,0
DA:110,1
DA:118,1
DA:119,0
DA:120,0
DA:122,0
DA:123,0
DA:130,0
DA:141,0
DA:142,0
DA:149,0
DA:150,0
DA:153,0
DA:161,0
DA:162,0
DA:163,0
DA:168,0
DA:169,0
DA:172,0
DA:177,0
DA:182,0
DA:190,1
DA:191,6
DA:195,6
DA:197,6
DA:198,1
DA:205,5
DA:209,4
DA:210,1
DA:217,3
DA:218,3
DA:219,0
DA:220,0
DA:226,3
DA:227,3
DA:230,3
DA:231,1
DA:232,1
DA:239,2
DA:240,1
DA:247,1
DA:248,1
DA:249,1
DA:250,1
DA:251,1
DA:252,1
DA:254,1
DA:255,0
DA:257,0
DA:259,0
DA:261,0
DA:263,0
DA:267,1
DA:268,0
DA:269,0
DA:270,0
DA:271,0
DA:272,0
DA:273,0
DA:274,0
DA:276,0
DA:278,0
DA:282,1
DA:284,1
DA:303,1
DA:305,1
DA:312,1
DA:315,1
DA:316,1
DA:317,1
DA:319,1
DA:320,0
DA:322,0
DA:328,0
DA:331,0
DA:333,0
DA:334,0
DA:335,0
DA:336,0
DA:337,0
DA:340,0
DA:341,0
DA:344,0
DA:352,0
DA:353,0
DA:354,0
DA:355,0
DA:356,0
DA:357,0
DA:360,0
DA:361,0
DA:364,0
DA:375,1
DA:376,0
DA:381,1
DA:382,0
DA:387,1
DA:388,0
DA:395,1
DA:396,0
DA:403,1
DA:452,1
DA:453,0
DA:460,1
DA:463,1
DA:464,1
DA:470,1
DA:471,1
DA:472,1
DA:481,1
DA:482,0
DA:483,0
DA:484,0
DA:493,0
DA:501,1
DA:507,1
DA:525,1
DA:526,1
DA:533,0
DA:537,1
DA:545,1
DA:546,5
DA:547,5
DA:549,5
DA:550,1
DA:557,4
DA:581,3
DA:582,1
DA:589,2
DA:592,2
DA:598,2
DA:617,1
DA:625,1
DA:626,7
DA:627,7
DA:629,7
DA:630,1
DA:637,6
DA:660,5
DA:661,1
DA:668,4
DA:669,4
DA:670,6
DA:672,5
DA:673,5
DA:674,4
DA:691,4
DA:692,1
DA:699,3
DA:700,2
DA:706,2
DA:715,1
DA:721,1
DA:728,1
DA:736,1
DA:737,5
DA:738,5
DA:740,5
DA:741,2
DA:748,3
DA:752,2
DA:753,1
DA:760,1
DA:763,1
DA:771,1
DA:776,1
DA:784,1
DA:785,6
DA:786,6
DA:788,6
DA:789,1
DA:796,5
DA:817,4
DA:818,1
DA:825,3
DA:826,1
DA:832,2
DA:834,2
DA:835,1
DA:842,1
DA:848,1
DA:866,1
DA:874,1
DA:875,2
DA:876,2
DA:884,1
DA:889,1
DA:898,1
DA:899,3
DA:900,3
DA:902,3
DA:904,3
DA:905,1
DA:912,3
DA:937,2
DA:947,2
DA:952,1
DA:966,1
DA:968,4
DA:969,1
DA:972,3
DA:975,1
DA:976,3
DA:977,3
DA:978,3
DA:981,3
DA:982,1
DA:986,1
DA:987,1
DA:991,3
DA:1016,2
DA:1017,2
DA:1018,2
DA:1019,3
DA:1020,3
DA:1021,0
DA:1023,3
DA:1027,1
DA:1029,2
DA:1030,2
DA:1038,2
DA:1039,2
DA:1040,2
DA:1041,2
DA:1042,2
DA:1043,2
DA:1044,2
DA:1046,2
DA:1047,2
DA:1052,2
DA:1053,2
DA:1060,0
DA:1064,2
DA:1075,2
DA:1077,1
DA:1085,1
DA:1086,1
DA:1087,0
DA:1089,1
DA:1090,1
DA:1091,0
DA:1093,1
DA:1096,1
DA:1097,5
DA:1098,5
DA:1099,5
DA:1101,5
DA:1102,1
DA:1109,4
DA:1113,3
DA:1114,1
DA:1120,2
DA:1121,2
DA:1122,1
DA:1123,0
DA:1126,1
DA:1128,1
DA:1137,0
DA:1146,0
DA:1155,0
DA:1165,1
DA:1166,1
DA:1167,1
DA:1168,1
DA:1172,0
DA:1175,2
DA:1176,2
DA:1178,2
DA:1179,0
DA:1183,2
DA:1188,2
DA:1189,0
DA:1193,2
DA:1194,1
DA:1197,1
DA:1201,1
DA:1203,1
DA:1209,1
DA:1212,1
DA:1214,1
DA:1215,0
DA:1219,1
DA:1228,1
DA:1229,0
DA:1234,1
DA:1236,1
DA:1248,1
DA:1257,1
DA:1266,1
DA:1275,1
DA:1278,1
DA:1279,0
DA:1286,0
DA:1293,0
DA:1303,2
DA:1310,2
DA:1318,2
DA:1321,2
DA:1327,1
DA:1335,1
DA:1336,4
DA:1337,4
DA:1340,4
DA:1445,3
DA:1446,1
DA:1455,2
DA:1456,2
DA:1457,2
DA:1458,2
DA:1459,2
DA:1460,2
DA:1462,2
DA:1496,0
DA:1510,0
DA:1524,0
DA:1538,0
DA:1548,0
DA:1579,1
DA:1588,1
DA:1589,3
DA:1590,3
DA:1592,3
DA:1593,3
DA:1594,3
DA:1595,3
DA:1598,3
DA:1599,1
DA:1604,1
DA:1605,1
DA:1606,1
DA:1607,1
DA:1608,1
DA:1609,1
DA:1610,1
DA:1615,3
DA:1620,3
DA:1621,1
DA:1624,1
DA:1632,1
DA:1633,1
DA:1638,1
DA:1639,1
DA:1644,1
DA:1645,1
DA:1652,1
DA:1653,1
DA:1660,1
DA:1661,1
DA:1668,1
DA:1669,1
DA:1678,3
DA:1687,2
DA:1690,2
DA:1703,1
DA:1711,1
DA:1712,2
DA:1714,2
DA:1728,1
DA:1731,1
DA:1744,1
DA:1745,1
DA:1753,1
DA:1754,2
DA:1755,2
DA:1758,2
DA:1790,1
DA:1805,1
DA:1811,1
DA:1812,1
DA:1820,1
DA:1821,4
DA:1823,4
DA:1825,4
DA:1826,1
DA:1832,3
DA:1841,2
DA:1844,2
DA:1855,1
DA:1856,1
DA:1862,1
DA:1873,1
DA:1874,3
DA:1875,3
DA:1877,3
DA:1878,1
DA:1884,2
DA:1891,1
DA:1896,1
DA:1904,1
DA:1905,3
DA:1906,3
DA:1908,3
DA:1909,1
DA:1915,2
DA:1925,1
DA:1931,1
DA:1932,1
DA:1941,1
DA:1942,4
DA:1943,4
DA:1946,4
DA:1967,3
DA:1968,1
DA:1974,2
DA:1975,2
DA:1978,2
DA:2050,2
DA:2053,2
DA:2054,1
DA:2072,2
DA:2073,1
DA:2091,2
DA:2092,1
DA:2110,2
DA:2111,1
DA:2128,2
DA:2134,1
DA:2135,1
DA:2143,1
DA:2144,6
DA:2145,6
DA:2147,6
DA:2148,1
DA:2155,5
DA:2159,4
DA:2160,1
DA:2167,3
DA:2168,1
DA:2174,2
DA:2176,2
DA:2177,1
DA:2184,1
DA:2185,1
DA:2188,1
DA:2195,1
DA:2201,1
DA:2202,1
DA:2203,1
DA:2209,0
DA:2213,1
DA:2221,1
DA:2222,8
DA:2223,8
DA:2225,8
DA:2226,2
DA:2233,6
DA:2237,5
DA:2238,1
DA:2245,4
DA:2246,1
DA:2252,3
DA:2253,3
DA:2254,0
DA:2260,3
DA:2261,3
DA:2263,3
DA:2264,1
DA:2270,2
DA:2271,1
DA:2275,1
DA:2282,1
DA:2285,1
DA:2293,1
DA:2298,1
DA:2302,1
LF:489
LH:400
BRDA:30,0,0,1
BRDA:30,0,1,4
BRDA:30,1,0,5
BRDA:30,1,1,4
BRDA:30,1,2,4
BRDA:30,1,3,4
BRDA:30,1,4,4
BRDA:30,1,5,4
BRDA:30,1,6,4
BRDA:30,1,7,4
BRDA:30,1,8,4
BRDA:48,2,0,1
BRDA:48,2,1,2
BRDA:55,3,0,2
BRDA:55,3,1,1
BRDA:62,4,0,1
BRDA:62,4,1,2
BRDA:102,5,0,2
BRDA:102,5,1,0
BRDA:102,5,2,0
BRDA:122,6,0,0
BRDA:122,6,1,0
BRDA:141,7,0,0
BRDA:141,7,1,0
BRDA:141,8,0,0
BRDA:141,8,1,0
BRDA:141,8,2,0
BRDA:165,9,0,0
BRDA:165,9,1,0
BRDA:165,9,2,0
BRDA:168,10,0,0
BRDA:168,10,1,0
BRDA:197,11,0,1
BRDA:197,11,1,5
BRDA:197,12,0,6
BRDA:197,12,1,5
BRDA:209,13,0,1
BRDA:209,13,1,3
BRDA:209,14,0,4
BRDA:209,14,1,3
BRDA:209,14,2,3
BRDA:218,15,0,0
BRDA:218,15,1,3
BRDA:230,16,0,1
BRDA:230,16,1,2
BRDA:239,17,0,1
BRDA:239,17,1,1
BRDA:255,18,0,0
BRDA:255,18,1,0
BRDA:255,18,2,0
BRDA:255,18,3,0
BRDA:269,19,0,0
BRDA:269,19,1,0
BRDA:271,20,0,0
BRDA:271,20,1,0
BRDA:273,21,0,0
BRDA:273,21,1,0
BRDA:322,22,0,0
BRDA:322,22,1,0
BRDA:328,23,0,0
BRDA:328,23,1,0
BRDA:333,24,0,0
BRDA:333,24,1,0
BRDA:334,25,0,0
BRDA:334,25,1,0
BRDA:336,26,0,0
BRDA:336,26,1,0
BRDA:340,27,0,0
BRDA:340,27,1,0
BRDA:349,28,0,0
BRDA:349,28,1,0
BRDA:352,29,0,0
BRDA:352,29,1,0
BRDA:354,30,0,0
BRDA:354,30,1,0
BRDA:356,31,0,0
BRDA:356,31,1,0
BRDA:360,32,0,0
BRDA:360,32,1,0
BRDA:369,33,0,0
BRDA:369,33,1,0
BRDA:375,34,0,0
BRDA:375,34,1,1
BRDA:381,35,0,0
BRDA:381,35,1,1
BRDA:387,36,0,0
BRDA:387,36,1,1
BRDA:395,37,0,0
BRDA:395,37,1,1
BRDA:452,38,0,0
BRDA:452,38,1,1
BRDA:460,39,0,1
BRDA:460,39,1,1
BRDA:463,40,0,1
BRDA:463,40,1,0
BRDA:481,41,0,0
BRDA:481,41,1,1
BRDA:483,42,0,0
BRDA:483,42,1,0
BRDA:487,43,0,0
BRDA:487,43,1,0
BRDA:487,43,2,0
BRDA:488,44,0,0
BRDA:488,44,1,0
BRDA:520,45,0,1
BRDA:520,45,1,0
BRDA:520,45,2,0
BRDA:528,46,0,1
BRDA:528,46,1,0
BRDA:528,46,2,0
BRDA:549,47,0,1
BRDA:549,47,1,4
BRDA:549,48,0,5
BRDA:549,48,1,4
BRDA:581,49,0,1
BRDA:581,49,1,2
BRDA:589,50,0,2
BRDA:589,50,1,2
BRDA:610,51,0,2
BRDA:610,51,1,0
BRDA:610,51,2,0
BRDA:611,52,0,2
BRDA:611,52,1,0
BRDA:612,53,0,2
BRDA:612,53,1,0
BRDA:613,54,0,2
BRDA:613,54,1,0
BRDA:629,55,0,1
BRDA:629,55,1,6
BRDA:629,56,0,7
BRDA:629,56,1,6
BRDA:660,57,0,1
BRDA:660,57,1,4
BRDA:670,58,0,5
BRDA:670,58,1,1
BRDA:670,59,0,6
BRDA:670,59,1,6
BRDA:673,60,0,4
BRDA:673,60,1,1
BRDA:682,61,0,4
BRDA:682,61,1,0
BRDA:682,61,2,0
BRDA:683,62,0,4
BRDA:683,62,1,0
BRDA:684,63,0,4
BRDA:684,63,1,0
BRDA:685,64,0,4
BRDA:685,64,1,0
BRDA:691,65,0,1
BRDA:691,65,1,3
BRDA:699,66,0,2
BRDA:699,66,1,1
BRDA:740,67,0,2
BRDA:740,67,1,3
BRDA:740,68,0,5
BRDA:740,68,1,4
BRDA:740,68,2,4
BRDA:740,68,3,4
BRDA:752,69,0,1
BRDA:752,69,1,1
BRDA:752,70,0,2
BRDA:752,70,1,1
BRDA:788,71,0,1
BRDA:788,71,1,5
BRDA:788,72,0,6
BRDA:788,72,1,5
BRDA:788,72,2,5
BRDA:817,73,0,1
BRDA:817,73,1,3
BRDA:817,74,0,4
BRDA:817,74,1,3
BRDA:825,75,0,1
BRDA:825,75,1,2
BRDA:825,76,0,3
BRDA:825,76,1,3
BRDA:834,77,0,1
BRDA:834,77,1,1
BRDA:859,78,0,1
BRDA:859,78,1,0
BRDA:859,78,2,0
BRDA:860,79,0,1
BRDA:860,79,1,0
BRDA:861,80,0,1
BRDA:861,80,1,0
BRDA:862,81,0,1
BRDA:862,81,1,0
BRDA:904,82,0,1
BRDA:904,82,1,2
BRDA:941,83,0,2
BRDA:941,83,1,0
BRDA:942,84,0,2
BRDA:942,84,1,0
BRDA:943,85,0,2
BRDA:943,85,1,0
BRDA:944,86,0,2
BRDA:944,86,1,0
BRDA:968,87,0,1
BRDA:968,87,1,3
BRDA:981,88,0,1
BRDA:981,88,1,2
BRDA:986,89,0,1
BRDA:986,89,1,0
BRDA:1018,90,0,2
BRDA:1018,90,1,0
BRDA:1020,91,0,0
BRDA:1020,91,1,3
BRDA:1023,92,0,1
BRDA:1023,92,1,2
BRDA:1024,93,0,3
BRDA:1024,93,1,2
BRDA:1029,94,0,2
BRDA:1029,94,1,0
BRDA:1040,95,0,2
BRDA:1040,95,1,0
BRDA:1041,96,0,2
BRDA:1041,96,1,0
BRDA:1043,97,0,2
BRDA:1043,97,1,0
BRDA:1043,98,0,2
BRDA:1043,98,1,0
BRDA:1046,99,0,2
BRDA:1046,99,1,0
BRDA:1046,100,0,2
BRDA:1046,100,1,0
BRDA:1086,101,0,0
BRDA:1086,101,1,1
BRDA:1090,102,0,0
BRDA:1090,102,1,1
BRDA:1101,103,0,1
BRDA:1101,103,1,4
BRDA:1101,104,0,5
BRDA:1101,104,1,5
BRDA:1113,105,0,1
BRDA:1113,105,1,2
BRDA:1122,106,0,0
BRDA:1122,106,1,1
BRDA:1167,107,0,1
BRDA:1167,107,1,0
BRDA:1178,108,0,0
BRDA:1178,108,1,2
BRDA:1188,109,0,0
BRDA:1188,109,1,2
BRDA:1193,110,0,1
BRDA:1193,110,1,1
BRDA:1197,111,0,1
BRDA:1197,111,1,0
BRDA:1201,112,0,1
BRDA:1201,112,1,0
BRDA:1201,113,0,1
BRDA:1201,113,1,1
BRDA:1212,114,0,1
BRDA:1212,114,1,0
BRDA:1214,115,0,0
BRDA:1214,115,1,1
BRDA:1224,116,0,1
BRDA:1224,116,1,0
BRDA:1228,117,0,0
BRDA:1228,117,1,1
BRDA:1234,118,0,1
BRDA:1234,118,1,0
BRDA:1240,119,0,1
BRDA:1240,119,1,0
BRDA:1253,120,0,1
BRDA:1253,120,1,0
BRDA:1262,121,0,1
BRDA:1262,121,1,0
BRDA:1271,122,0,1
BRDA:1271,122,1,0
BRDA:1278,123,0,0
BRDA:1278,123,1,1
BRDA:1303,124,0,2
BRDA:1303,124,1,2
BRDA:1313,125,0,0
BRDA:1313,125,1,2
BRDA:1445,126,0,1
BRDA:1445,126,1,2
BRDA:1474,127,0,2
BRDA:1474,127,1,0
BRDA:1474,127,2,0
BRDA:1479,128,0,2
BRDA:1479,128,1,0
BRDA:1480,129,0,2
BRDA:1480,129,1,0
BRDA:1485,130,0,2
BRDA:1485,130,1,0
BRDA:1486,131,0,2
BRDA:1486,131,1,0
BRDA:1503,132,0,0
BRDA:1503,132,1,0
BRDA:1504,133,0,0
BRDA:1504,133,1,0
BRDA:1505,134,0,0
BRDA:1505,134,1,0
BRDA:1506,135,0,0
BRDA:1506,135,1,0
BRDA:1507,136,0,0
BRDA:1507,136,1,0
BRDA:1508,137,0,0
BRDA:1508,137,1,0
BRDA:1517,138,0,0
BRDA:1517,138,1,0
BRDA:1518,139,0,0
BRDA:1518,139,1,0
BRDA:1518,140,0,0
BRDA:1518,140,1,0
BRDA:1521,141,0,0
BRDA:1521,141,1,0
BRDA:1522,142,0,0
BRDA:1522,142,1,0
BRDA:1531,143,0,0
BRDA:1531,143,1,0
BRDA:1532,144,0,0
BRDA:1532,144,1,0
BRDA:1533,145,0,0
BRDA:1533,145,1,0
BRDA:1534,146,0,0
BRDA:1534,146,1,0
BRDA:1535,147,0,0
BRDA:1535,147,1,0
BRDA:1536,148,0,0
BRDA:1536,148,1,0
BRDA:1545,149,0,0
BRDA:1545,149,1,0
BRDA:1546,150,0,0
BRDA:1546,150,1,0
BRDA:1555,151,0,0
BRDA:1555,151,1,0
BRDA:1556,152,0,0
BRDA:1556,152,1,0
BRDA:1556,153,0,0
BRDA:1556,153,1,0
BRDA:1559,154,0,0
BRDA:1559,154,1,0
BRDA:1560,155,0,0
BRDA:1560,155,1,0
BRDA:1598,156,0,1
BRDA:1598,156,1,2
BRDA:1604,157,0,1
BRDA:1604,157,1,0
BRDA:1620,158,0,1
BRDA:1620,158,1,2
BRDA:1620,159,0,3
BRDA:1620,159,1,2
BRDA:1620,159,2,2
BRDA:1632,160,0,1
BRDA:1632,160,1,0
BRDA:1638,161,0,1
BRDA:1638,161,1,0
BRDA:1644,162,0,1
BRDA:1644,162,1,0
BRDA:1652,163,0,1
BRDA:1652,163,1,0
BRDA:1660,164,0,1
BRDA:1660,164,1,0
BRDA:1668,165,0,1
BRDA:1668,165,1,0
BRDA:1738,166,0,1
BRDA:1738,166,1,0
BRDA:1795,167,0,1
BRDA:1795,167,1,0
BRDA:1796,168,0,1
BRDA:1796,168,1,0
BRDA:1799,169,0,0
BRDA:1799,169,1,1
BRDA:1823,170,0,4
BRDA:1823,170,1,1
BRDA:1825,171,0,1
BRDA:1825,171,1,3
BRDA:1865,172,0,1
BRDA:1865,172,1,0
BRDA:1875,173,0,3
BRDA:1875,173,1,1
BRDA:1877,174,0,1
BRDA:1877,174,1,2
BRDA:1906,175,0,3
BRDA:1906,175,1,1
BRDA:1908,176,0,1
BRDA:1908,176,1,2
BRDA:1967,177,0,1
BRDA:1967,177,1,2
BRDA:1974,178,0,2
BRDA:1974,178,1,0
BRDA:1975,179,0,2
BRDA:1975,179,1,0
BRDA:2061,180,0,1
BRDA:2061,180,1,0
BRDA:2062,181,0,1
BRDA:2062,181,1,0
BRDA:2063,182,0,1
BRDA:2063,182,1,0
BRDA:2064,183,0,1
BRDA:2064,183,1,0
BRDA:2065,184,0,1
BRDA:2065,184,1,0
BRDA:2080,185,0,1
BRDA:2080,185,1,0
BRDA:2081,186,0,1
BRDA:2081,186,1,0
BRDA:2082,187,0,1
BRDA:2082,187,1,0
BRDA:2083,188,0,1
BRDA:2083,188,1,0
BRDA:2084,189,0,1
BRDA:2084,189,1,0
BRDA:2099,190,0,1
BRDA:2099,190,1,0
BRDA:2100,191,0,1
BRDA:2100,191,1,0
BRDA:2101,192,0,1
BRDA:2101,192,1,0
BRDA:2102,193,0,1
BRDA:2102,193,1,0
BRDA:2103,194,0,1
BRDA:2103,194,1,0
BRDA:2118,195,0,1
BRDA:2118,195,1,0
BRDA:2119,196,0,1
BRDA:2119,196,1,0
BRDA:2120,197,0,1
BRDA:2120,197,1,0
BRDA:2121,198,0,1
BRDA:2121,198,1,0
BRDA:2122,199,0,1
BRDA:2122,199,1,0
BRDA:2147,200,0,1
BRDA:2147,200,1,5
BRDA:2147,201,0,6
BRDA:2147,201,1,5
BRDA:2147,201,2,5
BRDA:2159,202,0,1
BRDA:2159,202,1,3
BRDA:2159,203,0,4
BRDA:2159,203,1,3
BRDA:2167,204,0,1
BRDA:2167,204,1,2
BRDA:2167,205,0,3
BRDA:2167,205,1,3
BRDA:2176,206,0,1
BRDA:2176,206,1,1
BRDA:2202,207,0,1
BRDA:2202,207,1,0
BRDA:2202,207,2,0
BRDA:2225,208,0,2
BRDA:2225,208,1,6
BRDA:2225,209,0,8
BRDA:2225,209,1,7
BRDA:2225,209,2,7
BRDA:2225,209,3,7
BRDA:2225,209,4,7
BRDA:2237,210,0,1
BRDA:2237,210,1,4
BRDA:2237,211,0,5
BRDA:2237,211,1,4
BRDA:2245,212,0,1
BRDA:2245,212,1,3
BRDA:2245,213,0,4
BRDA:2245,213,1,3
BRDA:2253,214,0,0
BRDA:2253,214,1,3
BRDA:2263,215,0,1
BRDA:2263,215,1,2
BRDA:2270,216,0,1
BRDA:2270,216,1,1
BRF:463
BRH:257
end_of_record
TN:
SF:src\controllers\notificationController.js
FN:12,(anonymous_0)
FN:29,(anonymous_1)
FN:40,(anonymous_2)
FN:53,(anonymous_3)
FN:64,(anonymous_4)
FN:77,(anonymous_5)
FN:88,(anonymous_6)
FNF:7
FNH:7
FNDA:3,(anonymous_0)
FNDA:3,(anonymous_1)
FNDA:2,(anonymous_2)
FNDA:2,(anonymous_3)
FNDA:2,(anonymous_4)
FNDA:2,(anonymous_5)
FNDA:2,(anonymous_6)
DA:9,1
DA:12,1
DA:13,3
DA:14,3
DA:15,3
DA:17,3
DA:22,2
DA:24,1
DA:29,1
DA:30,3
DA:31,3
DA:32,3
DA:33,2
DA:35,1
DA:40,1
DA:41,2
DA:42,2
DA:43,2
DA:45,2
DA:46,1
DA:48,1
DA:53,1
DA:54,2
DA:55,2
DA:56,2
DA:57,1
DA:59,1
DA:64,1
DA:65,2
DA:66,2
DA:67,2
DA:69,2
DA:70,1
DA:72,1
DA:77,1
DA:78,2
DA:79,2
DA:80,2
DA:81,1
DA:83,1
DA:88,1
DA:89,2
DA:90,2
DA:91,2
DA:92,1
DA:94,1
DA:98,1
LF:47
LH:47
BRF:0
BRH:0
end_of_record
TN:
SF:src\controllers\regionController.js
FN:4,(anonymous_0)
FN:35,(anonymous_1)
FN:36,(anonymous_2)
FN:37,(anonymous_3)
FN:38,(anonymous_4)
FN:137,(anonymous_5)
FN:177,(anonymous_6)
FN:201,(anonymous_7)
FN:232,(anonymous_8)
FN:285,(anonymous_9)
FN:304,(anonymous_10)
FN:355,(anonymous_11)
FN:376,(anonymous_12)
FN:391,(anonymous_13)
FN:563,(anonymous_14)
FN:570,(anonymous_15)
FNF:16
FNH:16
FNDA:6,(anonymous_0)
FNDA:2,(anonymous_1)
FNDA:2,(anonymous_2)
FNDA:2,(anonymous_3)
FNDA:2,(anonymous_4)
FNDA:2,(anonymous_5)
FNDA:2,(anonymous_6)
FNDA:1,(anonymous_7)
FNDA:3,(anonymous_8)
FNDA:3,(anonymous_9)
FNDA:4,(anonymous_10)
FNDA:4,(anonymous_11)
FNDA:3,(anonymous_12)
FNDA:2,(anonymous_13)
FNDA:4,(anonymous_14)
FNDA:1,(anonymous_15)
DA:1,1
DA:2,1
DA:4,1
DA:5,6
DA:10,6
DA:11,1
DA:12,1
DA:13,1
DA:16,5
DA:35,5
DA:36,5
DA:37,5
DA:38,5
DA:40,5
DA:41,5
DA:42,2
DA:44,5
DA:45,2
DA:49,5
DA:63,5
DA:97,5
DA:103,5
DA:104,5
DA:105,2
DA:107,5
DA:108,2
DA:112,5
DA:116,5
DA:117,5
DA:118,2
DA:123,5
DA:124,2
DA:131,5
DA:137,5
DA:139,5
DA:140,5
DA:144,5
DA:145,2
DA:150,5
DA:151,2
DA:156,5
DA:157,2
DA:163,5
DA:177,5
DA:179,5
DA:201,1
DA:232,1
DA:233,3
DA:234,1
DA:237,2
DA:238,0
DA:240,2
DA:241,0
DA:245,2
DA:246,2
DA:247,0
DA:250,2
DA:251,2
DA:258,1
DA:259,1
DA:278,1
DA:280,1
DA:285,1
DA:286,3
DA:287,1
DA:290,2
DA:291,2
DA:295,1
DA:300,1
DA:304,1
DA:305,4
DA:306,1
DA:309,3
DA:310,3
DA:311,3
DA:315,2
DA:316,1
DA:319,1
DA:320,1
DA:326,1
DA:327,1
DA:347,1
DA:351,1
DA:355,1
DA:356,4
DA:357,1
DA:360,3
DA:361,3
DA:364,3
DA:369,3
DA:370,0
DA:375,3
DA:376,3
DA:377,3
DA:380,0
DA:381,0
DA:391,3
DA:392,2
DA:401,2
DA:403,2
DA:404,1
DA:409,1
DA:413,1
DA:416,1
DA:419,1
DA:422,1
DA:425,1
DA:430,2
DA:431,2
DA:432,1
DA:434,2
DA:435,1
DA:437,2
DA:438,1
DA:441,2
DA:442,1
DA:447,2
DA:448,1
DA:449,1
DA:450,1
DA:451,1
DA:456,1
DA:460,1
DA:465,2
DA:466,1
DA:470,1
DA:476,2
DA:478,2
DA:479,1
DA:484,2
DA:485,1
DA:490,2
DA:494,2
DA:495,2
DA:496,1
DA:498,2
DA:499,1
DA:502,2
DA:506,2
DA:507,1
DA:512,2
DA:513,1
DA:518,2
DA:519,1
DA:524,2
DA:530,2
DA:531,2
DA:557,2
DA:559,1
DA:563,1
DA:564,4
DA:565,1
DA:568,3
DA:569,3
DA:570,3
DA:571,1
DA:573,1
DA:575,2
DA:576,1
DA:578,1
DA:582,1
LF:161
LH:155
BRDA:10,0,0,1
BRDA:10,0,1,5
BRDA:41,1,0,2
BRDA:41,1,1,3
BRDA:44,2,0,2
BRDA:44,2,1,3
BRDA:49,3,0,5
BRDA:49,3,1,0
BRDA:65,4,0,2
BRDA:65,4,1,3
BRDA:71,5,0,2
BRDA:71,5,1,3
BRDA:77,6,0,2
BRDA:77,6,1,3
BRDA:83,7,0,2
BRDA:83,7,1,3
BRDA:89,8,0,2
BRDA:89,8,1,3
BRDA:97,9,0,2
BRDA:97,9,1,3
BRDA:104,10,0,2
BRDA:104,10,1,3
BRDA:107,11,0,2
BRDA:107,11,1,3
BRDA:112,12,0,2
BRDA:112,12,1,3
BRDA:117,13,0,2
BRDA:117,13,1,3
BRDA:123,14,0,2
BRDA:123,14,1,3
BRDA:131,15,0,5
BRDA:131,15,1,0
BRDA:144,16,0,2
BRDA:144,16,1,3
BRDA:150,17,0,2
BRDA:150,17,1,3
BRDA:156,18,0,2
BRDA:156,18,1,3
BRDA:163,19,0,5
BRDA:163,19,1,0
BRDA:233,20,0,1
BRDA:233,20,1,2
BRDA:233,21,0,3
BRDA:233,21,1,3
BRDA:233,21,2,1
BRDA:237,22,0,0
BRDA:237,22,1,2
BRDA:237,23,0,2
BRDA:237,23,1,2
BRDA:240,24,0,0
BRDA:240,24,1,2
BRDA:240,25,0,2
BRDA:240,25,1,2
BRDA:246,26,0,0
BRDA:246,26,1,2
BRDA:286,27,0,1
BRDA:286,27,1,2
BRDA:286,28,0,3
BRDA:286,28,1,1
BRDA:305,29,0,1
BRDA:305,29,1,3
BRDA:305,30,0,4
BRDA:305,30,1,1
BRDA:315,31,0,1
BRDA:315,31,1,1
BRDA:356,32,0,1
BRDA:356,32,1,3
BRDA:356,33,0,4
BRDA:356,33,1,1
BRDA:369,34,0,0
BRDA:369,34,1,3
BRDA:403,35,0,1
BRDA:403,35,1,1
BRDA:431,36,0,1
BRDA:431,36,1,1
BRDA:434,37,0,1
BRDA:434,37,1,1
BRDA:437,38,0,1
BRDA:437,38,1,1
BRDA:441,39,0,1
BRDA:441,39,1,1
BRDA:447,40,0,1
BRDA:447,40,1,1
BRDA:450,41,0,1
BRDA:450,41,1,0
BRDA:465,42,0,1
BRDA:465,42,1,1
BRDA:478,43,0,1
BRDA:478,43,1,1
BRDA:484,44,0,1
BRDA:484,44,1,1
BRDA:495,45,0,1
BRDA:495,45,1,1
BRDA:498,46,0,1
BRDA:498,46,1,1
BRDA:506,47,0,1
BRDA:506,47,1,1
BRDA:512,48,0,1
BRDA:512,48,1,1
BRDA:518,49,0,1
BRDA:518,49,1,1
BRDA:564,50,0,1
BRDA:564,50,1,3
BRDA:564,51,0,4
BRDA:564,51,1,1
BRDA:575,52,0,1
BRDA:575,52,1,1
BRF:107
BRH:99
end_of_record
TN:
SF:src\controllers\reportController.js
FN:4,(anonymous_0)
FN:10,(anonymous_1)
FN:34,(anonymous_2)
FN:69,(anonymous_3)
FN:117,(anonymous_4)
FN:130,(anonymous_5)
FN:144,(anonymous_6)
FN:165,(anonymous_7)
FN:181,(anonymous_8)
FN:292,(anonymous_9)
FN:312,(anonymous_10)
FN:314,(anonymous_11)
FN:331,(anonymous_12)
FN:373,(anonymous_13)
FN:405,(anonymous_14)
FN:434,(anonymous_15)
FN:487,(anonymous_16)
FN:489,(anonymous_17)
FN:510,(anonymous_18)
FN:573,(anonymous_19)
FN:574,(anonymous_20)
FN:578,(anonymous_21)
FN:608,(anonymous_22)
FN:700,(anonymous_23)
FN:779,(anonymous_24)
FN:813,(anonymous_25)
FN:907,(anonymous_26)
FN:981,(anonymous_27)
FN:1019,(anonymous_28)
FN:1110,(anonymous_29)
FN:1128,(anonymous_30)
FN:1130,(anonymous_31)
FN:1147,(anonymous_32)
FN:1181,(anonymous_33)
FN:1213,(anonymous_34)
FN:1241,(anonymous_35)
FN:1348,(anonymous_36)
FN:1418,(anonymous_37)
FNF:38
FNH:37
FNDA:37,(anonymous_0)
FNDA:37,(anonymous_1)
FNDA:11,(anonymous_2)
FNDA:6,(anonymous_3)
FNDA:21,(anonymous_4)
FNDA:3,(anonymous_5)
FNDA:3,(anonymous_6)
FNDA:3,(anonymous_7)
FNDA:5,(anonymous_8)
FNDA:14,(anonymous_9)
FNDA:1,(anonymous_10)
FNDA:1,(anonymous_11)
FNDA:1,(anonymous_12)
FNDA:2,(anonymous_13)
FNDA:1,(anonymous_14)
FNDA:4,(anonymous_15)
FNDA:2,(anonymous_16)
FNDA:2,(anonymous_17)
FNDA:2,(anonymous_18)
FNDA:0,(anonymous_19)
FNDA:2,(anonymous_20)
FNDA:2,(anonymous_21)
FNDA:4,(anonymous_22)
FNDA:1,(anonymous_23)
FNDA:1,(anonymous_24)
FNDA:5,(anonymous_25)
FNDA:1,(anonymous_26)
FNDA:1,(anonymous_27)
FNDA:5,(anonymous_28)
FNDA:7,(anonymous_29)
FNDA:1,(anonymous_30)
FNDA:1,(anonymous_31)
FNDA:1,(anonymous_32)
FNDA:1,(anonymous_33)
FNDA:1,(anonymous_34)
FNDA:6,(anonymous_35)
FNDA:1,(anonymous_36)
FNDA:1,(anonymous_37)
DA:1,1
DA:4,1
DA:5,37
DA:6,37
DA:7,37
DA:10,1
DA:11,37
DA:12,37
DA:14,37
DA:16,0
DA:17,0
DA:19,0
DA:20,0
DA:22,37
DA:23,37
DA:25,0
DA:26,0
DA:28,0
DA:31,37
DA:34,1
DA:35,11
DA:36,11
DA:37,11
DA:39,11
DA:40,9
DA:41,9
DA:42,0
DA:43,0
DA:46,11
DA:47,11
DA:49,11
DA:50,77
DA:51,77
DA:52,77
DA:53,77
DA:55,77
DA:56,77
DA:62,11
DA:69,1
DA:70,6
DA:71,2
DA:74,4
DA:75,4
DA:76,4
DA:78,4
DA:81,4
DA:88,4
DA:89,4
DA:90,4
DA:91,4
DA:99,4
DA:100,4
DA:101,4
DA:109,3
DA:116,3
DA:117,21
DA:123,3
DA:130,3
DA:131,3
DA:132,3
DA:133,3
DA:134,2
DA:136,3
DA:144,3
DA:147,3
DA:159,3
DA:165,3
DA:173,1
DA:181,1
DA:182,5
DA:183,1
DA:186,4
DA:187,4
DA:188,4
DA:190,4
DA:191,4
DA:192,1
DA:196,3
DA:209,2
DA:212,2
DA:222,2
DA:225,2
DA:238,2
DA:250,2
DA:263,2
DA:264,2
DA:269,2
DA:278,2
DA:291,2
DA:292,14
DA:298,2
DA:312,2
DA:313,2
DA:315,1
DA:319,1
DA:330,2
DA:332,1
DA:338,1
DA:346,1
DA:354,1
DA:363,1
DA:364,1
DA:369,1
DA:373,2
DA:374,1
DA:375,1
DA:376,0
DA:378,1
DA:388,2
DA:396,2
DA:397,2
DA:398,1
DA:405,2
DA:406,2
DA:407,1
DA:414,2
DA:426,1
DA:434,1
DA:435,4
DA:436,1
DA:439,3
DA:440,3
DA:441,3
DA:444,3
DA:445,2
DA:446,2
DA:447,2
DA:449,2
DA:450,2
DA:453,2
DA:454,2
DA:458,2
DA:466,2
DA:473,2
DA:479,2
DA:482,2
DA:487,2
DA:488,2
DA:490,2
DA:494,2
DA:505,2
DA:509,2
DA:511,2
DA:521,2
DA:533,2
DA:545,2
DA:558,2
DA:559,2
DA:563,2
DA:573,2
DA:574,2
DA:578,2
DA:583,2
DA:600,1
DA:608,1
DA:609,4
DA:610,1
DA:613,3
DA:614,3
DA:615,3
DA:616,3
DA:618,3
DA:623,2
DA:624,1
DA:628,1
DA:638,1
DA:650,1
DA:662,1
DA:675,1
DA:676,1
DA:680,1
DA:693,1
DA:699,1
DA:701,1
DA:707,1
DA:715,1
DA:723,1
DA:727,1
DA:735,1
DA:748,1
DA:761,1
DA:764,1
DA:778,1
DA:780,1
DA:784,1
DA:791,1
DA:805,1
DA:813,1
DA:814,5
DA:815,1
DA:818,4
DA:819,4
DA:820,4
DA:821,4
DA:823,4
DA:827,3
DA:828,1
DA:831,2
DA:841,2
DA:842,1
DA:846,1
DA:852,1
DA:860,1
DA:868,1
DA:877,1
DA:878,1
DA:882,1
DA:890,1
DA:897,1
DA:906,1
DA:908,1
DA:912,1
DA:918,1
DA:924,1
DA:928,1
DA:935,1
DA:943,1
DA:958,1
DA:967,1
DA:970,1
DA:980,1
DA:982,1
DA:986,1
DA:993,1
DA:1011,1
DA:1019,1
DA:1020,5
DA:1021,2
DA:1024,3
DA:1025,3
DA:1026,3
DA:1027,3
DA:1030,3
DA:1042,2
DA:1043,1
DA:1046,1
DA:1049,1
DA:1057,1
DA:1060,1
DA:1071,1
DA:1081,1
DA:1092,1
DA:1093,1
DA:1098,1
DA:1109,1
DA:1110,7
DA:1116,1
DA:1128,1
DA:1129,1
DA:1131,1
DA:1135,1
DA:1146,1
DA:1148,1
DA:1152,1
DA:1158,1
DA:1164,1
DA:1171,1
DA:1172,1
DA:1177,1
DA:1181,1
DA:1182,1
DA:1183,1
DA:1184,0
DA:1186,1
DA:1196,1
DA:1204,1
DA:1205,1
DA:1206,0
DA:1213,1
DA:1214,1
DA:1215,1
DA:1222,1
DA:1233,1
DA:1241,1
DA:1242,6
DA:1243,1
DA:1246,5
DA:1247,5
DA:1248,5
DA:1249,5
DA:1251,5
DA:1255,4
DA:1256,1
DA:1259,3
DA:1266,3
DA:1267,1
DA:1270,2
DA:1277,2
DA:1278,1
DA:1282,1
DA:1286,1
DA:1292,1
DA:1298,1
DA:1305,1
DA:1306,1
DA:1310,1
DA:1316,1
DA:1323,1
DA:1332,1
DA:1347,1
DA:1349,1
DA:1355,1
DA:1362,1
DA:1368,1
DA:1376,1
DA:1378,1
DA:1382,1
DA:1399,1
DA:1406,1
DA:1409,1
DA:1417,1
DA:1419,1
DA:1423,1
DA:1430,1
DA:1448,1
DA:1452,1
LF:316
LH:304
BRDA:14,0,0,0
BRDA:14,0,1,0
BRDA:14,0,2,37
BRDA:14,0,3,0
BRDA:14,0,4,0
BRDA:34,1,0,0
BRDA:40,2,0,9
BRDA:40,2,1,0
BRDA:40,2,2,0
BRDA:41,3,0,9
BRDA:41,3,1,0
BRDA:43,4,0,0
BRDA:43,4,1,0
BRDA:58,5,0,77
BRDA:58,5,1,77
BRDA:70,6,0,2
BRDA:70,6,1,4
BRDA:70,7,0,6
BRDA:70,7,1,5
BRDA:75,8,0,1
BRDA:131,9,0,3
BRDA:131,9,1,0
BRDA:133,10,0,1
BRDA:133,10,1,2
BRDA:134,11,0,2
BRDA:134,11,1,0
BRDA:137,12,0,3
BRDA:137,12,1,1
BRDA:144,13,0,3
BRDA:144,13,1,0
BRDA:167,14,0,3
BRDA:167,14,1,2
BRDA:167,15,0,3
BRDA:167,15,1,2
BRDA:167,16,0,3
BRDA:167,16,1,2
BRDA:168,17,0,3
BRDA:168,17,1,1
BRDA:182,18,0,1
BRDA:182,18,1,4
BRDA:187,19,0,2
BRDA:191,20,0,1
BRDA:191,20,1,3
BRDA:264,21,0,1
BRDA:264,21,1,1
BRDA:320,22,0,1
BRDA:320,22,1,0
BRDA:322,23,0,1
BRDA:322,23,1,0
BRDA:364,24,0,0
BRDA:364,24,1,1
BRDA:373,25,0,2
BRDA:373,25,1,0
BRDA:375,26,0,1
BRDA:375,26,1,0
BRDA:376,27,0,0
BRDA:376,27,1,0
BRDA:397,28,0,1
BRDA:397,28,1,1
BRDA:406,29,0,1
BRDA:406,29,1,1
BRDA:435,30,0,1
BRDA:435,30,1,3
BRDA:435,31,0,4
BRDA:435,31,1,2
BRDA:440,32,0,1
BRDA:454,33,0,2
BRDA:454,33,1,0
BRDA:495,34,0,2
BRDA:495,34,1,0
BRDA:497,35,0,2
BRDA:497,35,1,0
BRDA:559,36,0,0
BRDA:559,36,1,2
BRDA:609,37,0,1
BRDA:609,37,1,3
BRDA:615,38,0,1
BRDA:623,39,0,1
BRDA:623,39,1,1
BRDA:676,40,0,0
BRDA:676,40,1,1
BRDA:723,41,0,1
BRDA:723,41,1,0
BRDA:785,42,0,1
BRDA:785,42,1,0
BRDA:814,43,0,1
BRDA:814,43,1,4
BRDA:820,44,0,1
BRDA:827,45,0,1
BRDA:827,45,1,2
BRDA:841,46,0,1
BRDA:841,46,1,1
BRDA:878,47,0,0
BRDA:878,47,1,1
BRDA:924,48,0,1
BRDA:924,48,1,0
BRDA:987,49,0,1
BRDA:987,49,1,0
BRDA:1020,50,0,2
BRDA:1020,50,1,3
BRDA:1020,51,0,5
BRDA:1020,51,1,4
BRDA:1025,52,0,1
BRDA:1042,53,0,1
BRDA:1042,53,1,1
BRDA:1093,54,0,0
BRDA:1093,54,1,1
BRDA:1136,55,0,1
BRDA:1136,55,1,0
BRDA:1138,56,0,1
BRDA:1138,56,1,0
BRDA:1172,57,0,0
BRDA:1172,57,1,1
BRDA:1181,58,0,1
BRDA:1181,58,1,0
BRDA:1183,59,0,1
BRDA:1183,59,1,0
BRDA:1184,60,0,0
BRDA:1184,60,1,0
BRDA:1205,61,0,0
BRDA:1205,61,1,1
BRDA:1214,62,0,1
BRDA:1214,62,1,0
BRDA:1242,63,0,1
BRDA:1242,63,1,5
BRDA:1248,64,0,1
BRDA:1255,65,0,1
BRDA:1255,65,1,3
BRDA:1266,66,0,1
BRDA:1266,66,1,2
BRDA:1277,67,0,1
BRDA:1277,67,1,1
BRDA:1306,68,0,0
BRDA:1306,68,1,1
BRDA:1378,69,0,0
BRDA:1378,69,1,1
BRDA:1424,70,0,1
BRDA:1424,70,1,0
BRF:138
BRH:95
end_of_record
TN:
SF:src\controllers\stockController.js
FN:17,(anonymous_0)
FN:35,(anonymous_1)
FN:53,(anonymous_2)
FN:71,(anonymous_3)
FN:90,(anonymous_4)
FN:96,(anonymous_5)
FN:99,(anonymous_6)
FN:105,(anonymous_7)
FN:108,(anonymous_8)
FN:109,(anonymous_9)
FN:123,(anonymous_10)
FN:126,(anonymous_11)
FN:136,(anonymous_12)
FN:163,(anonymous_13)
FN:197,(anonymous_14)
FN:237,(anonymous_15)
FN:264,(anonymous_16)
FN:302,(anonymous_17)
FN:333,(anonymous_18)
FN:334,(anonymous_19)
FN:336,(anonymous_20)
FN:337,(anonymous_21)
FN:370,(anonymous_22)
FN:416,(anonymous_23)
FN:417,(anonymous_24)
FN:532,(anonymous_25)
FN:536,(anonymous_26)
FN:561,(anonymous_27)
FN:561,(anonymous_28)
FN:564,(anonymous_29)
FN:604,(anonymous_30)
FN:615,(anonymous_31)
FN:629,(anonymous_32)
FN:633,(anonymous_33)
FN:651,(anonymous_34)
FN:668,(anonymous_35)
FN:694,(anonymous_36)
FN:734,(anonymous_37)
FN:785,(anonymous_38)
FN:836,(anonymous_39)
FN:847,(anonymous_40)
FN:855,(anonymous_41)
FN:861,(anonymous_42)
FN:874,(anonymous_43)
FN:912,(anonymous_44)
FN:913,(anonymous_45)
FN:923,(anonymous_46)
FN:944,(anonymous_47)
FN:988,(anonymous_48)
FN:997,(anonymous_49)
FN:1021,(anonymous_50)
FN:1084,(anonymous_51)
FN:1095,(anonymous_52)
FN:1116,(anonymous_53)
FN:1136,(anonymous_54)
FN:1179,(anonymous_55)
FN:1227,(anonymous_56)
FN:1318,(anonymous_57)
FN:1342,(anonymous_58)
FN:1381,(anonymous_59)
FN:1401,(anonymous_60)
FN:1446,(anonymous_61)
FN:1512,(anonymous_62)
FN:1587,(anonymous_63)
FN:1603,(anonymous_64)
FN:1604,(anonymous_65)
FN:1628,(anonymous_66)
FN:1702,(anonymous_67)
FN:1747,(anonymous_68)
FN:1813,(anonymous_69)
FN:1889,(anonymous_70)
FN:1905,(anonymous_71)
FN:1906,(anonymous_72)
FN:1930,(anonymous_73)
FN:1993,(anonymous_74)
FN:2038,(anonymous_75)
FN:2104,(anonymous_76)
FN:2180,(anonymous_77)
FN:2197,(anonymous_78)
FN:2198,(anonymous_79)
FN:2223,(anonymous_80)
FN:2242,(anonymous_81)
FN:2298,(anonymous_82)
FN:2323,(anonymous_83)
FN:2406,(anonymous_84)
FN:2427,(anonymous_85)
FN:2486,(anonymous_86)
FN:2507,(anonymous_87)
FN:2567,(anonymous_88)
FN:2587,(anonymous_89)
FN:2640,(anonymous_90)
FN:2666,(anonymous_91)
FN:2686,(anonymous_92)
FN:2775,(anonymous_93)
FN:2789,(anonymous_94)
FN:2792,(anonymous_95)
FN:2815,(anonymous_96)
FN:2846,(anonymous_97)
FN:2891,(anonymous_98)
FN:2947,(anonymous_99)
FN:2968,(anonymous_100)
FN:3035,(anonymous_101)
FN:3061,(anonymous_102)
FN:3082,(anonymous_103)
FN:3167,(anonymous_104)
FN:3193,(anonymous_105)
FN:3220,(anonymous_106)
FN:3303,(anonymous_107)
FN:3348,(anonymous_108)
FN:3367,(anonymous_109)
FN:3370,(anonymous_110)
FN:3397,(anonymous_111)
FN:3420,(anonymous_112)
FN:3456,(anonymous_113)
FN:3511,(anonymous_114)
FN:3582,(anonymous_115)
FN:3621,(anonymous_116)
FN:3660,(anonymous_117)
FN:3683,(anonymous_118)
FN:3733,(anonymous_119)
FN:3791,(anonymous_120)
FN:3847,(anonymous_121)
FN:3859,(anonymous_122)
FN:3870,(anonymous_123)
FN:3888,(anonymous_124)
FN:3891,(anonymous_125)
FN:3913,(anonymous_126)
FN:3952,(anonymous_127)
FN:4015,(anonymous_128)
FN:4108,(anonymous_129)
FN:4215,(anonymous_130)
FN:4325,(anonymous_131)
FN:4355,(anonymous_132)
FN:4436,(anonymous_133)
FN:4475,(anonymous_134)
FN:4591,(anonymous_135)
FN:4718,(anonymous_136)
FN:4719,(anonymous_137)
FN:4817,(anonymous_138)
FN:4856,(anonymous_139)
FN:4981,(anonymous_140)
FN:4982,(anonymous_141)
FN:5052,(anonymous_142)
FN:5080,(anonymous_143)
FN:5081,(anonymous_144)
FN:5108,(anonymous_145)
FN:5141,(anonymous_146)
FN:5266,(anonymous_147)
FN:5267,(anonymous_148)
FN:5338,(anonymous_149)
FN:5366,(anonymous_150)
FN:5367,(anonymous_151)
FN:5394,(anonymous_152)
FN:5602,(anonymous_153)
FN:5658,(anonymous_154)
FNF:155
FNH:115
FNDA:25,(anonymous_0)
FNDA:13,(anonymous_1)
FNDA:13,(anonymous_2)
FNDA:4,(anonymous_3)
FNDA:0,(anonymous_4)
FNDA:0,(anonymous_5)
FNDA:0,(anonymous_6)
FNDA:15,(anonymous_7)
FNDA:5,(anonymous_8)
FNDA:5,(anonymous_9)
FNDA:4,(anonymous_10)
FNDA:4,(anonymous_11)
FNDA:6,(anonymous_12)
FNDA:4,(anonymous_13)
FNDA:0,(anonymous_14)
FNDA:0,(anonymous_15)
FNDA:0,(anonymous_16)
FNDA:0,(anonymous_17)
FNDA:0,(anonymous_18)
FNDA:0,(anonymous_19)
FNDA:0,(anonymous_20)
FNDA:0,(anonymous_21)
FNDA:0,(anonymous_22)
FNDA:4,(anonymous_23)
FNDA:4,(anonymous_24)
FNDA:5,(anonymous_25)
FNDA:5,(anonymous_26)
FNDA:5,(anonymous_27)
FNDA:5,(anonymous_28)
FNDA:5,(anonymous_29)
FNDA:5,(anonymous_30)
FNDA:3,(anonymous_31)
FNDA:0,(anonymous_32)
FNDA:4,(anonymous_33)
FNDA:2,(anonymous_34)
FNDA:5,(anonymous_35)
FNDA:3,(anonymous_36)
FNDA:2,(anonymous_37)
FNDA:2,(anonymous_38)
FNDA:1,(anonymous_39)
FNDA:0,(anonymous_40)
FNDA:1,(anonymous_41)
FNDA:1,(anonymous_42)
FNDA:2,(anonymous_43)
FNDA:1,(anonymous_44)
FNDA:1,(anonymous_45)
FNDA:1,(anonymous_46)
FNDA:2,(anonymous_47)
FNDA:1,(anonymous_48)
FNDA:1,(anonymous_49)
FNDA:2,(anonymous_50)
FNDA:1,(anonymous_51)
FNDA:1,(anonymous_52)
FNDA:3,(anonymous_53)
FNDA:5,(anonymous_54)
FNDA:6,(anonymous_55)
FNDA:6,(anonymous_56)
FNDA:5,(anonymous_57)
FNDA:2,(anonymous_58)
FNDA:3,(anonymous_59)
FNDA:1,(anonymous_60)
FNDA:1,(anonymous_61)
FNDA:1,(anonymous_62)
FNDA:1,(anonymous_63)
FNDA:0,(anonymous_64)
FNDA:0,(anonymous_65)
FNDA:3,(anonymous_66)
FNDA:2,(anonymous_67)
FNDA:1,(anonymous_68)
FNDA:1,(anonymous_69)
FNDA:1,(anonymous_70)
FNDA:0,(anonymous_71)
FNDA:0,(anonymous_72)
FNDA:2,(anonymous_73)
FNDA:1,(anonymous_74)
FNDA:1,(anonymous_75)
FNDA:1,(anonymous_76)
FNDA:1,(anonymous_77)
FNDA:0,(anonymous_78)
FNDA:0,(anonymous_79)
FNDA:3,(anonymous_80)
FNDA:2,(anonymous_81)
FNDA:4,(anonymous_82)
FNDA:1,(anonymous_83)
FNDA:4,(anonymous_84)
FNDA:2,(anonymous_85)
FNDA:4,(anonymous_86)
FNDA:2,(anonymous_87)
FNDA:12,(anonymous_88)
FNDA:7,(anonymous_89)
FNDA:8,(anonymous_90)
FNDA:3,(anonymous_91)
FNDA:2,(anonymous_92)
FNDA:0,(anonymous_93)
FNDA:0,(anonymous_94)
FNDA:0,(anonymous_95)
FNDA:3,(anonymous_96)
FNDA:3,(anonymous_97)
FNDA:2,(anonymous_98)
FNDA:5,(anonymous_99)
FNDA:4,(anonymous_100)
FNDA:3,(anonymous_101)
FNDA:4,(anonymous_102)
FNDA:3,(anonymous_103)
FNDA:2,(anonymous_104)
FNDA:5,(anonymous_105)
FNDA:3,(anonymous_106)
FNDA:0,(anonymous_107)
FNDA:2,(anonymous_108)
FNDA:0,(anonymous_109)
FNDA:0,(anonymous_110)
FNDA:2,(anonymous_111)
FNDA:1,(anonymous_112)
FNDA:2,(anonymous_113)
FNDA:2,(anonymous_114)
FNDA:1,(anonymous_115)
FNDA:2,(anonymous_116)
FNDA:3,(anonymous_117)
FNDA:2,(anonymous_118)
FNDA:2,(anonymous_119)
FNDA:2,(anonymous_120)
FNDA:0,(anonymous_121)
FNDA:0,(anonymous_122)
FNDA:0,(anonymous_123)
FNDA:0,(anonymous_124)
FNDA:0,(anonymous_125)
FNDA:2,(anonymous_126)
FNDA:2,(anonymous_127)
FNDA:2,(anonymous_128)
FNDA:4,(anonymous_129)
FNDA:12,(anonymous_130)
FNDA:1,(anonymous_131)
FNDA:2,(anonymous_132)
FNDA:4,(anonymous_133)
FNDA:3,(anonymous_134)
FNDA:1,(anonymous_135)
FNDA:1,(anonymous_136)
FNDA:1,(anonymous_137)
FNDA:3,(anonymous_138)
FNDA:1,(anonymous_139)
FNDA:0,(anonymous_140)
FNDA:0,(anonymous_141)
FNDA:1,(anonymous_142)
FNDA:0,(anonymous_143)
FNDA:0,(anonymous_144)
FNDA:2,(anonymous_145)
FNDA:0,(anonymous_146)
FNDA:0,(anonymous_147)
FNDA:0,(anonymous_148)
FNDA:1,(anonymous_149)
FNDA:0,(anonymous_150)
FNDA:0,(anonymous_151)
FNDA:5,(anonymous_152)
FNDA:11,(anonymous_153)
FNDA:2,(anonymous_154)
DA:1,1
DA:13,1
DA:14,1
DA:15,1
DA:17,1
DA:19,25
DA:20,1
DA:23,24
DA:24,23
DA:27,1
DA:32,1
DA:35,1
DA:37,13
DA:38,1
DA:41,12
DA:42,11
DA:45,1
DA:50,1
DA:53,1
DA:55,13
DA:56,0
DA:59,13
DA:60,11
DA:63,2
DA:68,2
DA:71,1
DA:72,4
DA:77,4
DA:78,0
DA:79,0
DA:80,0
DA:83,4
DA:84,0
DA:85,0
DA:86,0
DA:90,1
DA:91,0
DA:96,0
DA:99,1
DA:100,0
DA:101,0
DA:102,0
DA:105,1
DA:106,15
DA:108,1
DA:109,5
DA:123,1
DA:124,4
DA:125,4
DA:126,4
DA:130,4
DA:136,1
DA:137,6
DA:139,6
DA:163,1
DA:164,4
DA:165,1
DA:168,3
DA:170,0
DA:172,3
DA:176,3
DA:179,0
DA:183,0
DA:186,0
DA:190,0
DA:193,0
DA:197,1
DA:198,0
DA:211,0
DA:212,0
DA:215,0
DA:216,0
DA:217,0
DA:218,0
DA:220,0
DA:221,0
DA:222,0
DA:223,0
DA:224,0
DA:228,0
DA:237,1
DA:238,0
DA:239,0
DA:242,0
DA:245,0
DA:254,0
DA:255,0
DA:256,0
DA:257,0
DA:258,0
DA:260,0
DA:264,0
DA:265,0
DA:279,0
DA:280,0
DA:284,0
DA:285,0
DA:286,0
DA:294,0
DA:298,0
DA:302,0
DA:303,0
DA:318,0
DA:319,0
DA:322,0
DA:332,0
DA:333,0
DA:334,0
DA:335,0
DA:336,0
DA:337,0
DA:339,0
DA:342,0
DA:344,0
DA:345,0
DA:348,0
DA:349,0
DA:356,0
DA:357,0
DA:358,0
DA:359,0
DA:361,0
[...]
DA:823,0
DA:827,3
DA:831,4
DA:840,1
DA:841,1
DA:847,1
DA:870,1
DA:871,1
DA:872,1
DA:873,1
DA:879,1
DA:881,0
DA:882,0
DA:887,1
DA:888,1
DA:889,1
DA:890,1
DA:897,0
DA:901,1
DA:905,4
DA:914,2
DA:916,2
DA:938,2
DA:939,2
DA:940,2
DA:941,2
DA:942,2
DA:948,2
DA:950,0
DA:951,0
DA:956,2
DA:957,1
DA:958,1
DA:959,1
DA:966,0
DA:970,2
DA:974,4
DA:980,2
DA:985,2
DA:1003,2
DA:1004,2
DA:1005,2
DA:1006,2
DA:1007,2
DA:1013,2
DA:1015,0
DA:1016,0
DA:1019,2
DA:1022,4
LF:238
LH:204
BRDA:4,0,0,4
BRDA:4,0,1,0
BRDA:6,1,0,0
BRDA:6,1,1,4
BRDA:31,2,0,2
BRDA:31,2,1,1
BRDA:31,2,2,1
BRDA:31,2,3,1
BRDA:31,2,4,0
BRDA:33,3,0,2
BRDA:33,3,1,1
BRDA:36,4,0,1
BRDA:36,4,1,0
BRDA:39,5,0,1
BRDA:39,5,1,0
BRDA:118,6,0,2
BRDA:118,6,1,0
BRDA:226,7,0,2
BRDA:226,7,1,0
BRDA:232,8,0,2
BRDA:232,8,1,1
BRDA:278,9,0,2
BRDA:278,9,1,1
BRDA:310,10,0,1
BRDA:310,10,1,1
BRDA:310,11,0,2
BRDA:310,11,1,1
BRDA:316,12,0,1
BRDA:316,12,1,0
BRDA:345,13,0,1
BRDA:345,13,1,0
BRDA:346,14,0,1
BRDA:346,14,1,0
BRDA:351,15,0,1
BRDA:351,15,1,1
BRDA:379,16,0,1
BRDA:379,16,1,0
BRDA:379,17,0,1
BRDA:379,17,1,1
BRDA:385,18,0,1
BRDA:385,18,1,0
BRDA:413,19,0,1
BRDA:413,19,1,0
BRDA:414,20,0,1
BRDA:414,20,1,0
BRDA:419,21,0,1
BRDA:419,21,1,1
BRDA:447,22,0,1
BRDA:447,22,1,0
BRDA:447,23,0,1
BRDA:447,23,1,1
BRDA:453,24,0,1
BRDA:453,24,1,0
BRDA:479,25,0,1
BRDA:479,25,1,0
BRDA:528,26,0,1
BRDA:528,26,1,0
BRDA:577,27,0,1
BRDA:577,27,1,0
BRDA:629,28,0,2
BRDA:629,28,1,0
BRDA:629,29,0,0
BRDA:629,29,1,0
BRDA:641,30,0,2
BRDA:641,30,1,0
BRDA:642,31,0,1
BRDA:642,31,1,1
BRDA:664,32,0,2
BRDA:664,32,1,2
BRDA:706,33,0,1
BRDA:706,33,1,0
BRDA:718,34,0,1
BRDA:718,34,1,0
BRDA:724,35,0,1
BRDA:724,35,1,1
BRDA:763,36,0,3
BRDA:763,36,1,0
BRDA:769,37,0,3
BRDA:769,37,1,0
BRDA:782,38,0,1
BRDA:782,38,1,2
BRDA:813,39,0,1
BRDA:813,39,1,2
BRDA:813,40,0,3
BRDA:813,40,1,1
BRDA:819,41,0,1
BRDA:819,41,1,0
BRDA:841,42,0,1
BRDA:841,42,1,0
BRDA:853,43,0,1
BRDA:853,43,1,0
BRDA:856,44,0,1
BRDA:856,44,1,0
BRDA:858,45,0,1
BRDA:858,45,1,0
BRDA:887,46,0,1
BRDA:887,46,1,0
BRDA:887,47,0,1
BRDA:887,47,1,1
BRDA:892,48,0,1
BRDA:892,48,1,0
BRDA:893,49,0,1
BRDA:893,49,1,0
BRDA:914,50,0,1
BRDA:914,50,1,1
BRDA:956,51,0,1
BRDA:956,51,1,1
BRDA:956,52,0,2
BRDA:956,52,1,1
BRDA:980,53,0,2
BRDA:980,53,1,0
BRDA:990,54,0,2
BRDA:990,54,1,0
BRF:113
BRH:76
end_of_record
TN:
SF:src\services\eventLogService.js
FN:16,(anonymous_0)
FN:54,(anonymous_1)
FN:55,(anonymous_2)
FN:56,(anonymous_3)
FNF:4
FNH:3
FNDA:46,(anonymous_0)
FNDA:47,(anonymous_1)
FNDA:41,(anonymous_2)
FNDA:0,(anonymous_3)
DA:1,7
DA:16,7
DA:27,46
DA:28,46
DA:47,41
DA:54,7
DA:55,47
DA:56,41
DA:57,0
DA:62,7
LF:10
LH:9
BRDA:18,0,0,36
BRDA:20,1,0,3
BRDA:21,2,0,5
BRDA:22,3,0,5
BRDA:23,4,0,6
BRDA:24,5,0,7
BRDA:25,6,0,40
BRDA:33,7,0,7
BRDA:33,7,1,4
BRDA:34,8,0,7
BRDA:34,8,1,4
BRDA:35,9,0,7
BRDA:35,9,1,5
BRDA:36,10,0,7
BRDA:36,10,1,6
BRDA:37,11,0,7
BRDA:37,11,1,6
BRDA:41,12,0,2
BRDA:41,12,1,5
BRDA:42,13,0,2
BRDA:42,13,1,5
BRF:21
BRH:21
end_of_record
TN:
SF:src\services\notificationService.js
FN:9,(anonymous_0)
FN:26,(anonymous_1)
FN:42,(anonymous_2)
FN:48,(anonymous_3)
FN:75,(anonymous_4)
FN:101,(anonymous_5)
FN:117,(anonymous_6)
FN:124,(anonymous_7)
FN:147,(anonymous_8)
FN:173,(anonymous_9)
FN:193,(anonymous_10)
FN:215,(anonymous_11)
FN:238,(anonymous_12)
FN:257,(anonymous_13)
FN:275,(anonymous_14)
FN:299,(anonymous_15)
FN:364,(anonymous_16)
FN:390,(anonymous_17)
FN:408,(anonymous_18)
FN:426,(anonymous_19)
FN:433,(anonymous_20)
FN:452,(anonymous_21)
FN:470,(anonymous_22)
FN:488,(anonymous_23)
FN:506,(anonymous_24)
FN:524,(anonymous_25)
FNF:26
FNH:26
FNDA:7,(anonymous_0)
FNDA:6,(anonymous_1)
FNDA:4,(anonymous_2)
FNDA:2,(anonymous_3)
FNDA:2,(anonymous_4)
FNDA:6,(anonymous_5)
FNDA:7,(anonymous_6)
FNDA:7,(anonymous_7)
FNDA:4,(anonymous_8)
FNDA:2,(anonymous_9)
FNDA:2,(anonymous_10)
FNDA:2,(anonymous_11)
FNDA:2,(anonymous_12)
FNDA:2,(anonymous_13)
FNDA:2,(anonymous_14)
FNDA:23,(anonymous_15)
FNDA:2,(anonymous_16)
FNDA:2,(anonymous_17)
FNDA:2,(anonymous_18)
FNDA:4,(anonymous_19)
FNDA:3,(anonymous_20)
FNDA:2,(anonymous_21)
FNDA:2,(anonymous_22)
FNDA:2,(anonymous_23)
FNDA:2,(anonymous_24)
FNDA:2,(anonymous_25)
DA:1,4
DA:2,4
DA:9,4
DA:10,7
DA:11,1
DA:14,6
DA:15,6
DA:26,6
DA:28,2
DA:29,2
DA:42,4
DA:43,4
DA:44,4
DA:47,4
DA:48,2
DA:51,4
DA:52,2
DA:55,2
DA:62,0
DA:63,0
DA:75,4
DA:76,2
DA:77,2
DA:86,1
DA:88,1
DA:90,1
DA:101,4
DA:102,6
DA:103,1
DA:106,5
DA:108,5
DA:117,7
DA:119,4
DA:120,0
DA:123,4
DA:124,7
DA:132,4
DA:134,1
DA:136,1
DA:147,4
DA:148,4
DA:150,4
DA:151,4
DA:156,4
DA:162,3
DA:164,1
DA:165,1
DA:173,4
DA:174,2
DA:175,2
DA:181,1
DA:183,1
DA:184,1
DA:193,4
DA:194,2
DA:195,2
DA:204,1
DA:206,1
DA:207,1
DA:215,4
DA:216,2
DA:217,2
DA:226,1
DA:228,1
DA:229,1
DA:238,4
DA:239,2
DA:240,2
DA:246,1
DA:248,1
DA:249,1
DA:257,4
DA:258,2
DA:259,2
DA:264,1
DA:266,1
DA:267,1
DA:275,4
DA:276,2
DA:277,2
DA:283,1
DA:285,1
DA:286,1
DA:299,4
DA:300,23
DA:302,23
DA:312,13
DA:313,1
DA:314,1
DA:318,12
DA:329,12
DA:330,11
DA:342,11
DA:345,11
DA:346,11
DA:350,12
DA:352,10
DA:353,10
DA:364,4
DA:365,2
DA:366,2
DA:374,2
DA:382,0
DA:383,0
DA:390,4
DA:391,2
DA:392,2
DA:400,0
DA:401,0
DA:408,4
DA:409,2
DA:410,2
DA:418,0
DA:419,0
DA:426,4
DA:427,4
DA:428,2
DA:431,2
DA:432,2
DA:434,3
DA:444,0
DA:445,0
DA:452,4
DA:453,2
DA:454,2
DA:462,0
DA:463,0
DA:470,4
DA:471,2
DA:472,2
DA:480,0
DA:481,0
DA:488,4
DA:489,2
DA:490,2
DA:498,0
DA:499,0
DA:506,4
DA:507,2
DA:508,2
DA:516,0
DA:517,0
DA:524,4
DA:525,2
DA:526,2
DA:534,0
DA:535,0
DA:539,4
LF:148
LH:127
BRDA:10,0,0,1
BRDA:10,0,1,6
BRDA:42,1,0,3
BRDA:47,2,0,1
BRDA:47,2,1,3
BRDA:51,3,0,2
BRDA:51,3,1,2
BRDA:102,4,0,1
BRDA:102,4,1,5
BRDA:102,5,0,6
BRDA:102,5,1,6
BRDA:119,6,0,0
BRDA:119,6,1,4
BRDA:147,7,0,2
BRDA:148,8,0,3
BRDA:148,9,0,3
BRDA:153,10,0,4
BRDA:153,10,1,1
BRDA:299,11,0,3
BRDA:312,12,0,1
BRDA:312,12,1,12
BRDA:329,13,0,11
BRDA:329,13,1,1
BRDA:345,14,0,11
BRDA:345,14,1,0
BRDA:427,15,0,2
BRDA:427,15,1,2
BRDA:427,16,0,4
BRDA:427,16,1,3
BRDA:427,16,2,3
BRDA:436,17,0,3
BRDA:436,17,1,0
BRDA:437,18,0,3
BRDA:437,18,1,0
BRF:34
BRH:30
end_of_record
TN:
SF:src\services\stockExpirationService.js
FN:11,(anonymous_0)
FN:34,(anonymous_1)
FN:47,(anonymous_2)
FN:49,(anonymous_3)
FN:73,(anonymous_4)
FN:172,(anonymous_5)
FN:181,(anonymous_6)
FN:198,(anonymous_7)
FN:219,(anonymous_8)
FNF:9
FNH:9
FNDA:2,(anonymous_0)
FNDA:2,(anonymous_1)
FNDA:4,(anonymous_2)
FNDA:16,(anonymous_3)
FNDA:5,(anonymous_4)
FNDA:6,(anonymous_5)
FNDA:2,(anonymous_6)
FNDA:1,(anonymous_7)
FNDA:5,(anonymous_8)
DA:1,2
DA:4,2
DA:11,2
DA:12,2
DA:28,2
DA:34,2
DA:35,2
DA:36,2
DA:37,2
DA:38,2
DA:39,2
DA:47,2
DA:49,16
DA:52,4
DA:53,17
DA:55,3
DA:56,0
DA:58,3
DA:64,1
DA:65,0
DA:67,1
DA:73,2
DA:74,5
DA:76,5
DA:79,1
DA:92,1
DA:93,1
DA:98,1
DA:112,1
DA:115,1
DA:128,1
DA:129,1
DA:134,2
DA:147,2
DA:148,2
DA:153,1
DA:165,1
DA:166,1
DA:171,5
DA:172,6
DA:175,5
DA:181,2
DA:182,2
DA:192,2
DA:198,2
DA:205,1
DA:219,2
DA:220,5
DA:222,1
DA:243,1
DA:251,1
DA:267,1
DA:275,1
DA:281,1
DA:289,1
DA:297,1
DA:305,2
LF:57
LH:55
BRDA:4,0,0,0
BRDA:4,0,1,2
BRDA:53,1,0,3
BRDA:53,1,1,14
BRDA:55,2,0,0
BRDA:55,2,1,3
BRDA:64,3,0,0
BRDA:64,3,1,1
BRDA:76,4,0,1
BRDA:76,4,1,1
BRDA:76,4,2,2
BRDA:76,4,3,1
BRDA:220,5,0,1
BRDA:220,5,1,1
BRDA:220,5,2,1
BRDA:220,5,3,1
BRDA:220,5,4,1
BRDA:245,6,0,1
BRDA:245,6,1,0
BRDA:246,7,0,1
BRDA:246,7,1,0
BRDA:269,8,0,1
BRDA:269,8,1,0
BRDA:270,9,0,1
BRDA:270,9,1,0
BRDA:283,10,0,1
BRDA:283,10,1,0
BRF:27
BRH:19
end_of_record
TN:
SF:src\services\stockLotService.js
FN:16,(anonymous_0)
FN:19,(anonymous_1)
FN:22,(anonymous_2)
FN:27,(anonymous_3)
FN:41,(anonymous_4)
FN:43,(anonymous_5)
FN:52,(anonymous_6)
FN:110,(anonymous_7)
FN:175,(anonymous_8)
FN:186,(anonymous_9)
FN:199,(anonymous_10)
FN:213,(anonymous_11)
FN:231,(anonymous_12)
FN:240,(anonymous_13)
FN:258,(anonymous_14)
FN:362,(anonymous_15)
FN:416,(anonymous_16)
FN:446,(anonymous_17)
FN:470,(anonymous_18)
FN:472,(anonymous_19)
FN:524,(anonymous_20)
FN:527,(anonymous_21)
FN:667,(anonymous_22)
FN:724,(anonymous_23)
FNF:24
FNH:24
FNDA:56,(anonymous_0)
FNDA:7,(anonymous_1)
FNDA:5,(anonymous_2)
FNDA:16,(anonymous_3)
FNDA:74,(anonymous_4)
FNDA:38,(anonymous_5)
FNDA:16,(anonymous_6)
FNDA:4,(anonymous_7)
FNDA:2,(anonymous_8)
FNDA:2,(anonymous_9)
FNDA:2,(anonymous_10)
FNDA:2,(anonymous_11)
FNDA:2,(anonymous_12)
FNDA:2,(anonymous_13)
FNDA:15,(anonymous_14)
FNDA:2,(anonymous_15)
FNDA:5,(anonymous_16)
FNDA:1,(anonymous_17)
FNDA:1,(anonymous_18)
FNDA:5,(anonymous_19)
FNDA:5,(anonymous_20)
FNDA:5,(anonymous_21)
FNDA:4,(anonymous_22)
FNDA:19,(anonymous_23)
DA:1,1
DA:3,1
DA:10,1
DA:16,1
DA:17,56
DA:19,1
DA:20,7
DA:22,1
DA:23,5
DA:24,5
DA:27,1
DA:28,16
DA:29,16
DA:30,7
DA:35,7
DA:36,7
DA:38,9
DA:41,74
DA:43,1
DA:49,38
DA:52,1
DA:65,16
DA:66,16
DA:67,16
DA:68,1
DA:69,1
DA:70,1
DA:74,15
DA:75,15
DA:76,1
DA:77,1
DA:78,1
DA:84,14
DA:85,14
DA:86,14
DA:88,12
DA:91,14
DA:105,14
DA:107,14
DA:110,1
DA:114,4
DA:115,4
DA:116,4
DA:118,4
DA:119,1
DA:120,1
DA:121,1
DA:124,3
DA:137,3
DA:138,3
DA:140,3
DA:141,6
DA:142,5
DA:144,5
DA:145,5
DA:147,5
DA:152,5
DA:159,5
DA:162,3
DA:163,1
DA:166,1
DA:167,1
DA:170,2
DA:172,2
DA:175,1
DA:179,2
DA:181,2
DA:182,1
DA:185,1
DA:186,2
DA:190,1
DA:199,2
DA:210,1
DA:213,1
DA:214,2
DA:215,2
DA:218,2
DA:227,2
DA:228,1
DA:231,2
DA:234,1
DA:239,1
DA:240,1
DA:241,2
DA:251,1
DA:252,1
DA:255,1
DA:258,1
DA:262,15
DA:263,15
DA:264,1
DA:267,14
DA:269,1
DA:272,1
DA:273,1
DA:274,1
DA:275,1
DA:279,1
DA:282,10
DA:283,10
DA:284,9
DA:292,9
DA:293,8
DA:294,8
DA:295,8
DA:304,8
DA:307,1
DA:308,1
DA:309,1
DA:317,1
DA:318,1
DA:319,1
DA:320,1
DA:329,1
DA:332,1
DA:333,1
DA:334,1
DA:342,1
DA:343,1
DA:344,1
DA:345,1
DA:354,1
DA:357,1
DA:362,1
DA:363,2
DA:365,2
DA:369,2
DA:370,1
DA:380,1
DA:385,1
DA:390,1
DA:391,1
DA:400,1
DA:409,1
DA:413,1
DA:416,1
DA:417,5
DA:418,5
DA:419,5
DA:420,5
DA:421,5
DA:423,5
DA:424,6
DA:425,6
DA:427,6
DA:436,6
DA:437,5
DA:438,5
DA:440,5
DA:445,5
DA:446,1
DA:447,1
DA:448,1
DA:452,1
DA:457,5
DA:461,5
DA:462,1
DA:466,5
DA:467,1
DA:470,4
DA:472,5
DA:474,4
DA:480,4
DA:482,4
DA:483,5
DA:484,4
DA:492,5
DA:501,5
DA:506,4
DA:507,4
DA:510,4
DA:511,1
DA:512,1
DA:516,1
DA:517,1
DA:524,5
DA:527,1
DA:531,5
DA:532,5
DA:533,0
DA:534,0
DA:535,0
DA:538,5
DA:540,5
DA:552,5
DA:553,5
DA:554,1
DA:555,1
DA:556,1
DA:560,4
DA:563,4
DA:573,4
DA:593,4
DA:595,3
DA:596,1
DA:609,1
DA:610,1
DA:613,1
DA:614,1
DA:618,2
DA:628,2
DA:633,2
DA:634,2
DA:637,1
DA:638,1
DA:650,1
DA:655,1
DA:661,1
DA:667,1
DA:671,4
DA:672,4
DA:673,2
DA:676,2
DA:678,2
DA:683,2
DA:693,2
DA:694,1
DA:695,1
DA:705,1
DA:714,2
DA:720,2
DA:724,1
DA:728,19
DA:729,19
DA:732,19
DA:736,19
DA:738,9
DA:747,9
DA:748,9
DA:750,2
DA:754,2
DA:756,1
DA:762,1
DA:765,1
DA:771,1
DA:773,2
DA:776,3
DA:777,1
DA:780,2
DA:789,2
DA:791,2
DA:802,2
DA:805,0
DA:812,0
DA:814,2
DA:817,2
DA:818,1
DA:821,1
DA:830,1
DA:832,1
DA:843,1
DA:846,0
DA:853,0
DA:855,1
DA:858,2
DA:859,1
DA:862,1
DA:871,1
DA:873,1
DA:884,1
DA:887,0
DA:894,0
DA:896,1
DA:900,6
DA:902,6
DA:906,10
DA:919,10
DA:920,10
DA:922,1
DA:926,1
DA:928,1
DA:934,1
DA:937,0
DA:943,0
DA:945,1
DA:948,3
DA:950,1
DA:953,2
DA:962,2
DA:964,1
DA:975,1
DA:978,1
DA:985,1
DA:987,2
DA:990,3
DA:992,1
DA:995,2
DA:1004,2
DA:1006,1
DA:1017,1
DA:1020,1
DA:1027,1
DA:1029,2
DA:1032,3
DA:1034,1
DA:1037,2
DA:1046,2
DA:1048,1
DA:1059,1
DA:1062,1
DA:1069,1
DA:1071,2
DA:1076,7
DA:1078,7
DA:1081,1
LF:305
LH:294
BRDA:17,0,0,7
BRDA:17,0,1,49
BRDA:17,1,0,49
BRDA:17,1,1,11
BRDA:20,2,0,7
BRDA:20,2,1,0
BRDA:24,3,0,4
BRDA:24,3,1,1
BRDA:29,4,0,7
BRDA:29,4,1,9
BRDA:29,5,0,16
BRDA:29,5,1,13
BRDA:31,6,0,1
BRDA:31,6,1,6
BRDA:41,7,0,74
BRDA:41,7,1,59
BRDA:60,8,0,6
BRDA:62,9,0,16
BRDA:67,10,0,1
BRDA:67,10,1,15
BRDA:75,11,0,1
BRDA:75,11,1,14
BRDA:75,12,0,15
BRDA:75,12,1,15
BRDA:75,12,2,14
BRDA:75,12,3,13
BRDA:84,13,0,14
BRDA:84,13,1,2
BRDA:86,14,0,12
BRDA:86,14,1,2
BRDA:86,15,0,14
BRDA:86,15,1,14
BRDA:118,16,0,1
BRDA:118,16,1,3
BRDA:118,17,0,4
BRDA:118,17,1,4
BRDA:141,18,0,1
BRDA:141,18,1,5
BRDA:142,19,0,0
BRDA:142,19,1,5
BRDA:145,20,0,0
BRDA:145,20,1,5
BRDA:162,21,0,1
BRDA:162,21,1,2
BRDA:181,22,0,1
BRDA:181,22,1,1
BRDA:227,23,0,1
BRDA:227,23,1,1
BRDA:263,24,0,1
BRDA:263,24,1,14
BRDA:263,25,0,15
BRDA:263,25,1,15
BRDA:267,26,0,1
BRDA:267,26,1,10
BRDA:267,26,2,1
BRDA:267,26,3,1
BRDA:267,26,4,1
BRDA:272,27,0,0
BRDA:272,27,1,1
BRDA:273,28,0,1
BRDA:273,28,1,0
BRDA:283,29,0,1
BRDA:283,29,1,9
BRDA:292,30,0,1
BRDA:292,30,1,8
BRDA:293,31,0,8
BRDA:293,31,1,1
BRDA:308,32,0,0
BRDA:308,32,1,1
BRDA:317,33,0,0
BRDA:317,33,1,1
BRDA:318,34,0,1
BRDA:318,34,1,0
BRDA:333,35,0,0
BRDA:333,35,1,1
BRDA:342,36,0,0
BRDA:342,36,1,1
BRDA:343,37,0,1
BRDA:343,37,1,0
BRDA:369,38,0,1
BRDA:369,38,1,1
BRDA:390,39,0,1
BRDA:390,39,1,0
BRDA:425,40,0,0
BRDA:425,40,1,6
BRDA:436,41,0,1
BRDA:436,41,1,5
BRDA:445,42,0,1
BRDA:445,42,1,4
BRDA:447,43,0,1
BRDA:447,43,1,0
BRDA:466,44,0,1
BRDA:466,44,1,4
BRDA:483,45,0,4
BRDA:483,45,1,1
BRDA:510,46,0,1
BRDA:510,46,1,3
BRDA:516,47,0,1
BRDA:516,47,1,0
BRDA:529,48,0,0
BRDA:529,49,0,4
BRDA:532,50,0,0
BRDA:532,50,1,5
BRDA:552,51,0,5
BRDA:552,51,1,0
BRDA:553,52,0,1
BRDA:553,52,1,4
BRDA:560,53,0,1
BRDA:560,53,1,3
BRDA:563,54,0,1
BRDA:563,54,1,3
BRDA:580,55,0,1
BRDA:580,55,1,3
BRDA:593,56,0,3
BRDA:593,56,1,1
BRDA:593,57,0,4
BRDA:593,57,1,1
BRDA:595,58,0,1
BRDA:595,58,1,2
BRDA:609,59,0,1
BRDA:609,59,1,0
BRDA:629,60,0,1
BRDA:629,60,1,1
BRDA:669,61,0,0
BRDA:672,62,0,2
BRDA:672,62,1,2
BRDA:672,63,0,4
BRDA:672,63,1,3
BRDA:693,64,0,1
BRDA:693,64,1,1
BRDA:694,65,0,1
BRDA:694,65,1,0
BRDA:736,66,0,9
BRDA:736,66,1,10
BRDA:748,67,0,2
BRDA:748,67,1,3
BRDA:748,67,2,2
BRDA:748,67,3,2
BRDA:754,68,0,1
BRDA:754,68,1,1
BRDA:759,69,0,1
BRDA:759,69,1,0
BRDA:776,70,0,1
BRDA:776,70,1,2
BRDA:789,71,0,2
BRDA:789,71,1,0
BRDA:799,72,0,2
BRDA:799,72,1,0
BRDA:817,73,0,1
BRDA:817,73,1,1
BRDA:830,74,0,1
BRDA:830,74,1,0
BRDA:840,75,0,1
BRDA:840,75,1,0
BRDA:858,76,0,1
BRDA:858,76,1,1
BRDA:871,77,0,1
BRDA:871,77,1,0
BRDA:881,78,0,1
BRDA:881,78,1,0
BRDA:911,79,0,10
BRDA:911,79,1,0
BRDA:912,80,0,10
BRDA:912,80,1,0
BRDA:920,81,0,1
BRDA:920,81,1,3
BRDA:920,81,2,3
BRDA:920,81,3,3
BRDA:926,82,0,1
BRDA:926,82,1,0
BRDA:931,83,0,1
BRDA:931,83,1,0
BRDA:948,84,0,1
BRDA:948,84,1,2
BRDA:962,85,0,1
BRDA:962,85,1,1
BRDA:972,86,0,1
BRDA:972,86,1,0
BRDA:990,87,0,1
BRDA:990,87,1,2
BRDA:1004,88,0,1
BRDA:1004,88,1,1
BRDA:1014,89,0,1
BRDA:1014,89,1,0
BRDA:1032,90,0,1
BRDA:1032,90,1,2
BRDA:1046,91,0,1
BRDA:1046,91,1,1
BRDA:1056,92,0,1
BRDA:1056,92,1,0
BRF:190
BRH:155
end_of_record
TN:
SF:src\services\tokenService.js
FN:12,(anonymous_0)
FN:15,(anonymous_1)
FN:18,(anonymous_2)
FN:21,(anonymous_3)
FN:24,(anonymous_4)
FN:29,(anonymous_5)
FN:34,(anonymous_6)
FN:46,(anonymous_7)
FN:52,(anonymous_8)
FNF:9
FNH:9
FNDA:10,(anonymous_0)
FNDA:7,(anonymous_1)
FNDA:4,(anonymous_2)
FNDA:4,(anonymous_3)
FNDA:5,(anonymous_4)
FNDA:6,(anonymous_5)
FNDA:4,(anonymous_6)
FNDA:7,(anonymous_7)
FNDA:8,(anonymous_8)
DA:1,2
DA:2,2
DA:4,2
DA:5,2
DA:6,2
DA:7,2
DA:9,2
DA:10,2
DA:12,2
DA:13,10
DA:15,2
DA:16,7
DA:18,2
DA:19,4
DA:21,2
DA:22,4
DA:24,5
DA:29,6
DA:34,2
DA:35,4
DA:36,4
DA:39,3
DA:43,2
DA:44,2
DA:46,2
DA:47,7
DA:52,2
DA:53,8
DA:54,8
DA:55,5
DA:56,1
DA:58,4
DA:60,4
DA:64,2
LF:34
LH:34
BRDA:43,0,0,2
BRDA:43,0,1,0
BRDA:55,1,0,1
BRDA:55,1,1,4
BRF:4
BRH:3
end_of_record
TN:
SF:src\services\vaccineBucketService.js
FN:14,(anonymous_0)
FN:21,(anonymous_1)
FN:27,(anonymous_2)
FN:44,(anonymous_3)
FN:59,(anonymous_4)
FN:79,(anonymous_5)
FN:82,(anonymous_6)
FN:84,(anonymous_7)
FN:89,(anonymous_8)
FN:108,(anonymous_9)
FN:190,(anonymous_10)
FN:267,(anonymous_11)
FNF:12
FNH:9
FNDA:0,(anonymous_0)
FNDA:2,(anonymous_1)
FNDA:0,(anonymous_2)
FNDA:2,(anonymous_3)
FNDA:2,(anonymous_4)
FNDA:4,(anonymous_5)
FNDA:12,(anonymous_6)
FNDA:1,(anonymous_7)
FNDA:5,(anonymous_8)
FNDA:9,(anonymous_9)
FNDA:0,(anonymous_10)
FNDA:1,(anonymous_11)
DA:1,1
DA:2,1
DA:4,1
DA:5,1
DA:6,1
DA:8,1
DA:14,1
DA:15,0
DA:16,0
DA:18,0
DA:21,1
DA:22,2
DA:23,2
DA:24,2
DA:27,1
DA:28,0
DA:29,0
DA:31,0
DA:32,0
DA:34,0
DA:36,0
DA:38,0
DA:40,0
DA:44,1
DA:45,2
DA:47,2
DA:49,0
DA:51,0
DA:53,0
DA:55,2
DA:59,1
DA:60,2
DA:61,2
DA:62,2
DA:63,0
DA:66,2
DA:67,0
DA:68,2
DA:69,0
DA:70,2
DA:71,0
DA:73,2
DA:76,2
DA:79,1
DA:80,4
DA:82,1
DA:83,12
DA:85,1
DA:89,1
DA:90,5
DA:91,5
DA:92,4
DA:93,4
DA:94,4
DA:95,4
DA:96,0
DA:98,4
DA:99,4
DA:105,5
DA:108,1
DA:117,9
DA:118,9
DA:146,9
DA:147,1
DA:150,8
DA:151,4
DA:155,4
DA:159,4
DA:162,4
DA:163,4
DA:165,4
DA:170,4
DA:171,4
DA:172,4
DA:174,4
DA:175,4
DA:177,4
DA:179,4
DA:180,4
DA:181,1
DA:184,3
DA:185,3
DA:186,0
DA:189,3
DA:190,0
DA:193,3
DA:194,3
DA:195,0
DA:198,3
DA:199,3
DA:204,1
DA:207,2
DA:208,2
DA:209,2
DA:211,2
DA:212,2
DA:213,2
DA:220,2
DA:221,1
DA:228,1
DA:229,1
DA:240,4
DA:241,1
DA:247,4
DA:248,1
DA:255,4
DA:259,4
DA:267,1
DA:268,1
DA:283,1
DA:284,1
DA:285,1
DA:287,1
DA:288,2
DA:296,1
LF:115
LH:93
BRDA:15,0,0,0
BRDA:15,0,1,0
BRDA:28,1,0,0
BRDA:28,1,1,0
BRDA:28,2,0,0
BRDA:28,2,1,0
BRDA:32,3,0,0
BRDA:32,3,1,0
BRDA:32,3,2,0
BRDA:32,3,3,0
BRDA:47,4,0,0
BRDA:47,4,1,0
BRDA:47,4,2,0
BRDA:47,4,3,2
BRDA:61,5,0,0
BRDA:61,5,1,2
BRDA:62,6,0,0
BRDA:62,6,1,2
BRDA:66,7,0,0
BRDA:66,7,1,2
BRDA:68,8,0,0
BRDA:68,8,1,2
BRDA:70,9,0,0
BRDA:70,9,1,2
BRDA:80,10,0,4
BRDA:80,10,1,0
BRDA:80,11,0,4
BRDA:80,11,1,0
BRDA:82,12,0,0
BRDA:85,13,0,1
BRDA:85,13,1,0
BRDA:92,14,0,4
BRDA:92,14,1,0
BRDA:95,15,0,0
BRDA:95,15,1,4
BRDA:98,16,0,4
BRDA:98,16,1,0
BRDA:100,17,0,4
BRDA:100,17,1,3
BRDA:110,18,0,6
BRDA:111,19,0,6
BRDA:119,20,0,9
BRDA:119,20,1,6
BRDA:146,21,0,1
BRDA:146,21,1,8
BRDA:150,22,0,4
BRDA:150,22,1,4
BRDA:162,23,0,4
BRDA:162,23,1,4
BRDA:163,24,0,4
BRDA:163,24,1,4
BRDA:180,25,0,1
BRDA:180,25,1,3
BRDA:180,26,0,4
BRDA:180,26,1,1
BRDA:185,27,0,0
BRDA:185,27,1,3
BRDA:185,28,0,3
BRDA:185,28,1,3
BRDA:194,29,0,0
BRDA:194,29,1,3
BRDA:199,30,0,1
BRDA:199,30,1,2
BRDA:200,31,0,3
BRDA:200,31,1,2
BRDA:200,31,2,2
BRDA:208,32,0,2
BRDA:208,32,1,0
BRDA:209,33,0,2
BRDA:209,33,1,0
BRDA:211,34,0,2
BRDA:211,34,1,2
BRDA:211,34,2,2
BRDA:212,35,0,2
BRDA:212,35,1,2
BRDA:220,36,0,1
BRDA:220,36,1,1
BRDA:228,37,0,1
BRDA:228,37,1,0
BRDA:228,38,0,1
BRDA:228,38,1,1
BRDA:240,39,0,1
BRDA:240,39,1,3
BRDA:247,40,0,1
BRDA:247,40,1,3
BRDA:255,41,0,4
BRDA:255,41,1,3
BRDA:255,41,2,3
BRDA:262,42,0,1
BRDA:262,42,1,3
BRF:90
BRH:60
end_of_record
TN:
SF:src\utils\accessCode.js
FN:1,generateAccessCode
FNF:1
FNH:1
FNDA:104,generateAccessCode
DA:2,104
DA:3,104
DA:4,104
DA:7,1
LF:4
LH:4
BRDA:1,0,0,102
BRF:1
BRH:1
end_of_record
TN:
SF:src\utils\appName.js
FN:7,(anonymous_0)
FNF:1
FNH:1
FNDA:4,(anonymous_0)
DA:1,6
DA:7,6
DA:8,4
DA:9,4
DA:10,3
DA:12,1
DA:13,1
DA:17,6
LF:8
LH:8
BRDA:10,0,0,3
BRDA:10,0,1,2
BRF:2
BRH:2
end_of_record
TN:
SF:src\utils\permissions.js
FN:7,(anonymous_0)
FN:27,(anonymous_1)
FN:28,(anonymous_2)
FNF:3
FNH:3
FNDA:11,(anonymous_0)
FNDA:3,(anonymous_1)
FNDA:3,(anonymous_2)
DA:7,1
DA:8,11
DA:9,2
DA:13,9
DA:14,3
DA:18,6
DA:19,6
DA:27,1
DA:28,3
DA:29,3
DA:30,1
DA:33,2
DA:34,1
DA:37,1
DA:41,1
LF:15
LH:15
BRDA:8,0,0,2
BRDA:8,0,1,9
BRDA:8,1,0,11
BRDA:8,1,1,10
BRDA:13,2,0,3
BRDA:13,2,1,6
BRDA:18,3,0,2
BRDA:18,3,1,4
BRDA:29,4,0,1
BRDA:29,4,1,2
BRDA:33,5,0,1
BRDA:33,5,1,1
BRF:12
BRH:12
end_of_record
TN:
SF:src\utils\vaccineDose.js
FN:7,(anonymous_0)
FN:20,(anonymous_1)
FN:70,(anonymous_2)
FNF:3
FNH:2
FNDA:0,(anonymous_0)
FNDA:4,(anonymous_1)
FNDA:6,(anonymous_2)
DA:1,2
DA:7,2
DA:8,0
DA:9,0
DA:12,0
DA:16,0
DA:17,0
DA:20,2
DA:21,4
DA:22,4
DA:24,4
DA:25,4
DA:27,4
DA:28,4
DA:29,4
DA:31,4
DA:37,4
DA:38,4
DA:39,4
DA:41,0
DA:42,0
DA:43,0
DA:46,4
DA:47,1
DA:50,3
DA:51,2
DA:54,3
DA:65,4
DA:70,2
DA:71,6
DA:72,3
DA:75,3
DA:76,3
DA:77,1
DA:80,2
DA:81,1
DA:84,1
DA:85,1
DA:87,1
DA:88,2
DA:89,2
DA:90,2
DA:94,1
DA:97,2
LF:44
LH:36
BRDA:8,0,0,0
BRDA:8,0,1,0
BRDA:12,1,0,0
BRDA:12,1,1,0
BRDA:12,1,2,0
BRDA:12,1,3,0
BRDA:16,2,0,0
BRDA:16,2,1,0
BRDA:20,3,0,0
BRDA:25,4,0,4
BRDA:25,4,1,2
BRDA:25,4,2,0
BRDA:28,5,0,4
BRDA:28,5,1,3
BRDA:29,6,0,4
BRDA:29,6,1,1
BRDA:31,7,0,4
BRDA:31,7,1,2
BRDA:31,7,2,2
BRDA:31,7,3,2
BRDA:38,8,0,4
BRDA:38,8,1,0
BRDA:41,9,0,0
BRDA:41,9,1,0
BRDA:46,10,0,1
BRDA:46,10,1,3
BRDA:50,11,0,2
BRDA:50,11,1,1
BRDA:60,12,0,3
BRDA:60,12,1,2
BRDA:71,13,0,3
BRDA:71,13,1,3
BRDA:71,14,0,6
BRDA:71,14,1,5
BRDA:71,14,2,4
BRDA:76,15,0,1
BRDA:76,15,1,2
BRDA:76,16,0,3
BRDA:76,16,1,2
BRDA:80,17,0,1
BRDA:80,17,1,1
BRDA:88,18,0,2
BRDA:88,18,1,0
BRF:43
BRH:29
end_of_record
